[Licensing::Module] Trying to connect to existing licensing client channel...
Built from '6000.2/respin/6000.2.7f1-2eb0c79396db' branch; Version is '6000.2.7f2 (2b518236b676) revision 2838914'; Using compiler version '194234433'; Build Type 'Release'
[Licensing::IpcConnector] Successfully connected to: "LicenseClient-hirot" at "2025-10-29T16:19:54.2765034Z"
OS: 'Windows 11  (10.0.26200) 64bit Core' Language: 'ja' Physical Memory: 32581 MB
BatchMode: 1, IsHumanControllingUs: 0, StartBugReporterOnCrash: 0, Is64bit: 1
Date: 2025-10-29T16:19:54Z

COMMAND LINE ARGUMENTS:
C:\Program Files\Unity\Hub\Editor\6000.2.7f2\Editor\Unity.exe
-adb2
-batchMode
-noUpm
-name
AssetImportWorker21
-projectPath
C:/Users/hirot/Game/Card-Game
-logFile
Logs/AssetImportWorker21.log
-srvPort
64244
-job-worker-count
11
-background-job-worker-count
8
-gc-helper-count
1
-name
AssetImport
Successfully changed project path to: C:/Users/hirot/Game/Card-Game
C:/Users/hirot/Game/Card-Game
[UnityMemory] Configuration Parameters - Can be set up in boot.config
    "memorysetup-allocator-temp-initial-block-size-main=262144"
    "memorysetup-allocator-temp-initial-block-size-worker=262144"
    "memorysetup-bucket-allocator-granularity=16"
    "memorysetup-bucket-allocator-bucket-count=8"
    "memorysetup-bucket-allocator-block-size=33554432"
    "memorysetup-bucket-allocator-block-count=8"
    "memorysetup-main-allocator-block-size=16777216"
    "memorysetup-thread-allocator-block-size=16777216"
    "memorysetup-gfx-main-allocator-block-size=16777216"
    "memorysetup-gfx-thread-allocator-block-size=16777216"
    "memorysetup-cache-allocator-block-size=4194304"
    "memorysetup-typetree-allocator-block-size=2097152"
    "memorysetup-profiler-bucket-allocator-granularity=16"
    "memorysetup-profiler-bucket-allocator-bucket-count=8"
    "memorysetup-profiler-bucket-allocator-block-size=33554432"
    "memorysetup-profiler-bucket-allocator-block-count=8"
    "memorysetup-profiler-allocator-block-size=16777216"
    "memorysetup-profiler-editor-allocator-block-size=1048576"
    "memorysetup-temp-allocator-size-main=16777216"
    "memorysetup-job-temp-allocator-block-size=2097152"
    "memorysetup-job-temp-allocator-block-size-background=1048576"
    "memorysetup-job-temp-allocator-reduction-small-platforms=262144"
    "memorysetup-temp-allocator-size-background-worker=32768"
    "memorysetup-temp-allocator-size-job-worker=262144"
    "memorysetup-temp-allocator-size-preload-manager=33554432"
    "memorysetup-temp-allocator-size-nav-mesh-worker=65536"
    "memorysetup-temp-allocator-size-audio-worker=65536"
    "memorysetup-temp-allocator-size-cloud-worker=32768"
    "memorysetup-temp-allocator-size-gi-baking-worker=262144"
    "memorysetup-temp-allocator-size-gi-baking-worker=262144"
    "memorysetup-temp-allocator-size-gi-baking-worker=262144"
    "memorysetup-temp-allocator-size-gi-baking-worker=262144"
    "memorysetup-temp-allocator-size-gi-baking-worker=262144"
    "memorysetup-temp-allocator-size-gfx=262144"
Player connection [25984]  Target information:

Player connection [25984]  * "[IP] 192.168.0.3 [Port] 0 [Flags] 2 [Guid] 1101162366 [EditorId] 1101162366 [Version] 1048832 [Id] WindowsEditor(7,DESKTOPAH) [Debug] 1 [PackageName] WindowsEditor [ProjectName] Editor" 

Player connection [25984] Host joined multi-casting on [225.0.0.222:54997]...
Player connection [25984] Host joined alternative multi-casting on [225.0.0.222:34997]...
JobSystem: Creating JobQueue using job-worker-count value 11
Input System module state changed to: Initialized.
[Physics::Module] Initialized fallback backend.
[Physics::Module] Id: 0xdecafbad
[Licensing::Client] Code 10 while verifying Licensing Client signature (process Id: 28572, path: "C:/Program Files/Unity Hub/UnityLicensingClient_V1/Unity.Licensing.Client.exe")
[Licensing::Module] LicensingClient has failed validation; ignoring
[Licensing::Client] Handshaking with LicensingClient:
  Version:                 1.17.3+a4e98f1
  Session Id:              e88c9af142b54fa1a110f05bcba2cd9f
  Correlation Id:          657ee7b32d5bee62fcecd35319a45285
  External correlation Id: 3408352983392737663
  Machine Id:              XIQeEX9gaOvWoHS8EliWKbx6WX0=
[Licensing::Module] Successfully connected to LicensingClient on channel: "LicenseClient-hirot" (connect: 0.00s, validation: 0.00s, handshake: 0.12s)
[Licensing::IpcConnector] Successfully connected to: "LicenseClient-hirot-notifications" at "2025-10-29T16:19:54.4013091Z"
[Licensing::Module] Licensing Background thread has ended after 0.13s
Library Redirect Path: Library/
[Physics::Module] Selected backend.
[Physics::Module] Name: PhysX
[Physics::Module] Id: 0xf2b8ea05
[Physics::Module] SDK Version: 4.1.2
[Physics::Module] Integration Version: 1.0.0
[Physics::Module] Threading Mode: Multi-Threaded
Refreshing native plugins compatible for Editor in 216.87 ms, found 4 plugins.
Preloading 0 native plugins for Editor in 0.00 ms.
Initialize engine version: 6000.2.7f2 (2b518236b676)
[Subsystems] Discovering subsystems at path C:/Program Files/Unity/Hub/Editor/6000.2.7f2/Editor/Data/Resources/UnitySubsystems
[Subsystems] Discovering subsystems at path C:/Users/hirot/Game/Card-Game/Assets
GfxDevice: creating device client; kGfxThreadingModeNonThreaded
Direct3D:
    Version:  Direct3D 11.0 [level 11.1]
    Renderer: NVIDIA GeForce RTX 3060 Ti (ID=0x2489)
    Vendor:   NVIDIA
    VRAM:     8024 MB
    Driver:   32.0.15.7640
Initialize mono
Mono path[0] = 'C:/Program Files/Unity/Hub/Editor/6000.2.7f2/Editor/Data/Managed'
Mono path[1] = 'C:/Program Files/Unity/Hub/Editor/6000.2.7f2/Editor/Data/MonoBleedingEdge/lib/mono/unityjit-win32'
Mono config path = 'C:/Program Files/Unity/Hub/Editor/6000.2.7f2/Editor/Data/MonoBleedingEdge/etc'
Using monoOptions --debugger-agent=transport=dt_socket,embedding=1,server=y,suspend=n,address=127.0.0.1:56688
Begin MonoManager ReloadAssembly
Registering precompiled unity dll's ...
Register platform support module: C:/Program Files/Unity/Hub/Editor/6000.2.7f2/Editor/Data/PlaybackEngines/WindowsStandaloneSupport/UnityEditor.WindowsStandalone.Extensions.dll
Registered in 0.001092 seconds.
- Loaded All Assemblies, in 14.060 seconds
Native extension for WindowsStandalone target not found
Mono: successfully reloaded assembly
- Finished resetting the current domain, in  0.251 seconds
Domain Reload Profiling: 14309ms
	BeginReloadAssembly (11499ms)
		ExecutionOrderSort (0ms)
		DisableScriptedObjects (0ms)
		BackupInstance (0ms)
		ReleaseScriptingObjects (0ms)
		CreateAndSetChildDomain (0ms)
	RebuildCommonClasses (1000ms)
	RebuildNativeTypeToScriptingClass (13ms)
	initialDomainReloadingComplete (32ms)
	LoadAllAssembliesAndSetupDomain (1513ms)
		LoadAssemblies (11493ms)
		RebuildTransferFunctionScriptingTraits (0ms)
		AnalyzeDomain (1511ms)
			TypeCache.Refresh (1510ms)
				TypeCache.ScanAssembly (1149ms)
			BuildScriptInfoCaches (0ms)
			ResolveRequiredComponents (0ms)
	FinalizeReload (251ms)
		ReleaseScriptCaches (0ms)
		RebuildScriptCaches (0ms)
		SetupLoadedEditorAssemblies (223ms)
			LogAssemblyErrors (0ms)
			InitializePlatformSupportModulesInManaged (33ms)
			SetLoadedEditorAssemblies (3ms)
			BeforeProcessingInitializeOnLoad (43ms)
			ProcessInitializeOnLoadAttributes (94ms)
			ProcessInitializeOnLoadMethodAttributes (50ms)
			AfterProcessingInitializeOnLoad (0ms)
			EditorAssembliesLoaded (0ms)
		ExecutionOrderSort2 (0ms)
		AwakeInstancesAfterBackupRestoration (0ms)
========================================================================
Worker process is ready to serve import requests
Import Worker Mode flag is 0x00
Begin MonoManager ReloadAssembly
[Licensing::Client] Successfully resolved entitlement details
[Licensing::Module] License group:
  Id: F4-9F7T-DDEE-Z6XH-NC3V-XXXX
  Product: Unity Personal
  Type: ULF
  Expiration: Unlimited
[Licensing::Module] License group:
  Id: 15668569634226-UnityPersXXXX
  Product: Unity Personal
  Type: Assigned
  Expiration: Unlimited
- Loaded All Assemblies, in 12.610 seconds
Refreshing native plugins compatible for Editor in 1.63 ms, found 4 plugins.
Native extension for WindowsStandalone target not found
Package Manager log level set to [2]
[Package Manager] Failed to launch server process. Reason: Unity was launched with the -noUpm command-line argument
[Package Manager] Unable to send message (not connected to server process).
[Package Manager] Cannot connect to Unity Package Manager local server
Mono: successfully reloaded assembly
- Finished resetting the current domain, in  0.877 seconds
Domain Reload Profiling: 13482ms
	BeginReloadAssembly (128ms)
		ExecutionOrderSort (0ms)
		DisableScriptedObjects (4ms)
		BackupInstance (0ms)
		ReleaseScriptingObjects (0ms)
		CreateAndSetChildDomain (20ms)
	RebuildCommonClasses (25ms)
	RebuildNativeTypeToScriptingClass (8ms)
	initialDomainReloadingComplete (28ms)
	LoadAllAssembliesAndSetupDomain (12416ms)
		LoadAssemblies (11836ms)
		RebuildTransferFunctionScriptingTraits (0ms)
		AnalyzeDomain (654ms)
			TypeCache.Refresh (592ms)
				TypeCache.ScanAssembly (578ms)
			BuildScriptInfoCaches (49ms)
			ResolveRequiredComponents (9ms)
	FinalizeReload (877ms)
		ReleaseScriptCaches (0ms)
		RebuildScriptCaches (0ms)
		SetupLoadedEditorAssemblies (719ms)
			LogAssemblyErrors (0ms)
			InitializePlatformSupportModulesInManaged (1ms)
			SetLoadedEditorAssemblies (4ms)
			BeforeProcessingInitializeOnLoad (119ms)
			ProcessInitializeOnLoadAttributes (465ms)
			ProcessInitializeOnLoadMethodAttributes (125ms)
			AfterProcessingInitializeOnLoad (5ms)
			EditorAssembliesLoaded (0ms)
		ExecutionOrderSort2 (0ms)
		AwakeInstancesAfterBackupRestoration (5ms)
Launched and connected shader compiler UnityShaderCompiler.exe after 0.04 seconds
Refreshing native plugins compatible for Editor in 1.83 ms, found 4 plugins.
Preloading 0 native plugins for Editor in 0.00 ms.
Unloading 36 Unused Serialized files (Serialized files now loaded: 0)
Unloading 6742 unused Assets / (6.9 MB). Loaded Objects now: 7446.
Memory consumption went from 148.9 MB to 142.1 MB.
Total: 8.767800 ms (FindLiveObjects: 0.580200 ms CreateObjectMapping: 0.291300 ms MarkObjects: 4.039300 ms  DeleteObjects: 3.855900 ms)

========================================================================
Received Import Request.
  Time since last request: 483839.352935 seconds.
  path: Assets/Prefabs/Card.prefab
  artifactKey: Guid(0d531147c449bee488631f93a975d646) Importer(815301076,1909f56bfc062723c751e8b465ee728b)
Start importing Assets/Prefabs/Card.prefab using Guid(0d531147c449bee488631f93a975d646) Importer(815301076,1909f56bfc062723c751e8b465ee728b) (PreviewImporter) -> (artifact id: 'afb52513dbb8dd0d5e418301dc91ef2d') in 0.13647 seconds
Number of updated asset objects reloaded before import = 0Number of asset objects unloaded after import = 42

========================================================================
Received Import Request.
  Time since last request: 0.819203 seconds.
  path: Assets/Prefabs/Card.prefab
  artifactKey: Guid(0d531147c449bee488631f93a975d646) Importer(2089858483,192608db42251d675da83286b1cce702)
Start importing Assets/Prefabs/Card.prefab using Guid(0d531147c449bee488631f93a975d646) Importer(2089858483,192608db42251d675da83286b1cce702) (ScriptedImporter) -> (artifact id: '38ce1f47085cd89f92560ddf207d0e19') in 0.2438312 seconds
Number of updated asset objects reloaded before import = 0Number of asset objects unloaded after import = 42

========================================================================
Received Import Request.
  Time since last request: 52.953761 seconds.
  path: Assets/Scenes/InGame.unity
  artifactKey: Guid(bc36eae928414184589ffb1fb98388a3) Importer(2089858483,192608db42251d675da83286b1cce702)
Start importing Assets/Scenes/InGame.unity using Guid(bc36eae928414184589ffb1fb98388a3) Importer(2089858483,192608db42251d675da83286b1cce702) (ScriptedImporter) -> (artifact id: '141c1301e435888e9557bcc42b1d2a50') in 0.0249189 seconds
Number of updated asset objects reloaded before import = 0Number of asset objects unloaded after import = 1

========================================================================
Received Import Request.
  Time since last request: 134.345336 seconds.
  path: Assets/Scenes/InGame.unity
  artifactKey: Guid(bc36eae928414184589ffb1fb98388a3) Importer(2089858483,192608db42251d675da83286b1cce702)
Start importing Assets/Scenes/InGame.unity using Guid(bc36eae928414184589ffb1fb98388a3) Importer(2089858483,192608db42251d675da83286b1cce702) (ScriptedImporter) -> (artifact id: 'b63222c0da127cb52f9205e6685b9f9f') in 0.0270807 seconds
Number of updated asset objects reloaded before import = 0Number of asset objects unloaded after import = 1

========================================================================
Received Import Request.
  Time since last request: 50.628968 seconds.
  path: Assets/Scenes/InGame.unity
  artifactKey: Guid(bc36eae928414184589ffb1fb98388a3) Importer(2089858483,192608db42251d675da83286b1cce702)
Start importing Assets/Scenes/InGame.unity using Guid(bc36eae928414184589ffb1fb98388a3) Importer(2089858483,192608db42251d675da83286b1cce702) (ScriptedImporter) -> (artifact id: '83488edd1583cbf3e975e5878dafa799') in 0.0121149 seconds
Number of updated asset objects reloaded before import = 0Number of asset objects unloaded after import = 1

========================================================================
Received Import Request.
  Time since last request: 21.712075 seconds.
  path: Assets/Prefabs/Card.prefab
  artifactKey: Guid(0d531147c449bee488631f93a975d646) Importer(815301076,1909f56bfc062723c751e8b465ee728b)
Start importing Assets/Prefabs/Card.prefab using Guid(0d531147c449bee488631f93a975d646) Importer(815301076,1909f56bfc062723c751e8b465ee728b) (PreviewImporter) -> (artifact id: '8014cdfa96284eb699e66d37f2c2ca69') in 0.0999214 seconds
Number of updated asset objects reloaded before import = 0Number of asset objects unloaded after import = 42

========================================================================
Received Import Request.
  Time since last request: 0.855410 seconds.
  path: Assets/Prefabs/Card.prefab
  artifactKey: Guid(0d531147c449bee488631f93a975d646) Importer(2089858483,192608db42251d675da83286b1cce702)
Start importing Assets/Prefabs/Card.prefab using Guid(0d531147c449bee488631f93a975d646) Importer(2089858483,192608db42251d675da83286b1cce702) (ScriptedImporter) -> (artifact id: 'ef835a025b427a190e3856444cb4ad18') in 0.1072241 seconds
Number of updated asset objects reloaded before import = 0Number of asset objects unloaded after import = 42

========================================================================
Received Import Request.
  Time since last request: 7.660889 seconds.
  path: Assets/Scenes/InGame.unity
  artifactKey: Guid(bc36eae928414184589ffb1fb98388a3) Importer(2089858483,192608db42251d675da83286b1cce702)
Start importing Assets/Scenes/InGame.unity using Guid(bc36eae928414184589ffb1fb98388a3) Importer(2089858483,192608db42251d675da83286b1cce702) (ScriptedImporter) -> (artifact id: 'be6cafcd4c54218705716887c736a650') in 0.0099916 seconds
Number of updated asset objects reloaded before import = 0Number of asset objects unloaded after import = 1

========================================================================
Received Import Request.
  Time since last request: 784.249192 seconds.
  path: Assets/Prefabs/Card.prefab
  artifactKey: Guid(0d531147c449bee488631f93a975d646) Importer(815301076,1909f56bfc062723c751e8b465ee728b)
Start importing Assets/Prefabs/Card.prefab using Guid(0d531147c449bee488631f93a975d646) Importer(815301076,1909f56bfc062723c751e8b465ee728b) (PreviewImporter) -> (artifact id: 'edc0a62f107738e9d96822686faa2d6e') in 0.0964079 seconds
Number of updated asset objects reloaded before import = 0Number of asset objects unloaded after import = 42

========================================================================
Received Import Request.
  Time since last request: 0.857405 seconds.
  path: Assets/Prefabs/Card.prefab
  artifactKey: Guid(0d531147c449bee488631f93a975d646) Importer(2089858483,192608db42251d675da83286b1cce702)
Start importing Assets/Prefabs/Card.prefab using Guid(0d531147c449bee488631f93a975d646) Importer(2089858483,192608db42251d675da83286b1cce702) (ScriptedImporter) -> (artifact id: 'bc7b0cab1152f664c63e31ab753dc8ce') in 0.108736 seconds
Number of updated asset objects reloaded before import = 0Number of asset objects unloaded after import = 42

========================================================================
Received Import Request.
  Time since last request: 691.451322 seconds.
  path: Assets/Scenes/InGame.unity
  artifactKey: Guid(bc36eae928414184589ffb1fb98388a3) Importer(2089858483,192608db42251d675da83286b1cce702)
Start importing Assets/Scenes/InGame.unity using Guid(bc36eae928414184589ffb1fb98388a3) Importer(2089858483,192608db42251d675da83286b1cce702) (ScriptedImporter) -> (artifact id: '9625b6dd4845f0cc8e071e468744cddc') in 0.0226448 seconds
Number of updated asset objects reloaded before import = 0Number of asset objects unloaded after import = 1

========================================================================
Received Import Request.
  Time since last request: 159.248072 seconds.
  path: Assets/Scenes/InGame.unity
  artifactKey: Guid(bc36eae928414184589ffb1fb98388a3) Importer(2089858483,192608db42251d675da83286b1cce702)
Start importing Assets/Scenes/InGame.unity using Guid(bc36eae928414184589ffb1fb98388a3) Importer(2089858483,192608db42251d675da83286b1cce702) (ScriptedImporter) -> (artifact id: '23919d0444439e383a792890e2e0bbcb') in 0.0110802 seconds
Number of updated asset objects reloaded before import = 0Number of asset objects unloaded after import = 1

========================================================================
Received Import Request.
  Time since last request: 5.144489 seconds.
  path: Assets/Scenes/InGame.unity
  artifactKey: Guid(bc36eae928414184589ffb1fb98388a3) Importer(2089858483,192608db42251d675da83286b1cce702)
Start importing Assets/Scenes/InGame.unity using Guid(bc36eae928414184589ffb1fb98388a3) Importer(2089858483,192608db42251d675da83286b1cce702) (ScriptedImporter) -> (artifact id: '2e8809c08b68c03fedc8f6813dcd971c') in 0.0110645 seconds
Number of updated asset objects reloaded before import = 0Number of asset objects unloaded after import = 1

========================================================================
Received Prepare
Begin MonoManager ReloadAssembly
[Licensing::Client] Successfully resolved entitlement details
[Licensing::Module] License group:
  Id: F4-9F7T-DDEE-Z6XH-NC3V-XXXX
  Product: Unity Personal
  Type: ULF
  Expiration: Unlimited
[Licensing::Module] License group:
  Id: 15668569634226-UnityPersXXXX
  Product: Unity Personal
  Type: Assigned
  Expiration: Unlimited
- Loaded All Assemblies, in  0.543 seconds
Refreshing native plugins compatible for Editor in 1.08 ms, found 4 plugins.
Native extension for WindowsStandalone target not found
[Package Manager] Failed to launch server process. Reason: Unity was launched with the -noUpm command-line argument
[Package Manager] Unable to send message (not connected to server process).
[Package Manager] Cannot connect to Unity Package Manager local server
Mono: successfully reloaded assembly
- Finished resetting the current domain, in  0.472 seconds
Domain Reload Profiling: 1015ms
	BeginReloadAssembly (178ms)
		ExecutionOrderSort (0ms)
		DisableScriptedObjects (11ms)
		BackupInstance (0ms)
		ReleaseScriptingObjects (0ms)
		CreateAndSetChildDomain (48ms)
	RebuildCommonClasses (24ms)
	RebuildNativeTypeToScriptingClass (8ms)
	initialDomainReloadingComplete (20ms)
	LoadAllAssembliesAndSetupDomain (313ms)
		LoadAssemblies (251ms)
		RebuildTransferFunctionScriptingTraits (0ms)
		AnalyzeDomain (132ms)
			TypeCache.Refresh (6ms)
				TypeCache.ScanAssembly (0ms)
			BuildScriptInfoCaches (116ms)
			ResolveRequiredComponents (6ms)
	FinalizeReload (472ms)
		ReleaseScriptCaches (0ms)
		RebuildScriptCaches (0ms)
		SetupLoadedEditorAssemblies (371ms)
			LogAssemblyErrors (0ms)
			InitializePlatformSupportModulesInManaged (1ms)
			SetLoadedEditorAssemblies (4ms)
			BeforeProcessingInitializeOnLoad (86ms)
			ProcessInitializeOnLoadAttributes (237ms)
			ProcessInitializeOnLoadMethodAttributes (38ms)
			AfterProcessingInitializeOnLoad (5ms)
			EditorAssembliesLoaded (0ms)
		ExecutionOrderSort2 (0ms)
		AwakeInstancesAfterBackupRestoration (10ms)
Refreshing native plugins compatible for Editor in 2.60 ms, found 4 plugins.
Preloading 0 native plugins for Editor in 0.00 ms.
Unloading 35 Unused Serialized files (Serialized files now loaded: 0)
Unloading 6740 unused Assets / (6.6 MB). Loaded Objects now: 7454.
Memory consumption went from 150.4 MB to 143.9 MB.
Total: 9.440100 ms (FindLiveObjects: 0.981800 ms CreateObjectMapping: 0.465300 ms MarkObjects: 4.690200 ms  DeleteObjects: 3.301100 ms)

Prepare: number of updated asset objects reloaded= 0
========================================================================
Received Import Request.
  Time since last request: 201.603873 seconds.
  path: Assets/Prefabs/Card.prefab
  artifactKey: Guid(0d531147c449bee488631f93a975d646) Importer(815301076,1909f56bfc062723c751e8b465ee728b)
Start importing Assets/Prefabs/Card.prefab using Guid(0d531147c449bee488631f93a975d646) Importer(815301076,1909f56bfc062723c751e8b465ee728b) (PreviewImporter) -> (artifact id: '019c44b5e1708a4461e2720b7eaa70d4') in 0.1367765 seconds
Number of updated asset objects reloaded before import = 0Number of asset objects unloaded after import = 42

========================================================================
Received Import Request.
  Time since last request: 20.073729 seconds.
  path: Assets/Prefabs/Card.prefab
  artifactKey: Guid(0d531147c449bee488631f93a975d646) Importer(815301076,1909f56bfc062723c751e8b465ee728b)
Start importing Assets/Prefabs/Card.prefab using Guid(0d531147c449bee488631f93a975d646) Importer(815301076,1909f56bfc062723c751e8b465ee728b) (PreviewImporter) -> (artifact id: 'b0be0a43a25f12d3fdcca01019481d2c') in 0.0921265 seconds
Number of updated asset objects reloaded before import = 0Number of asset objects unloaded after import = 42

========================================================================
Received Import Request.
  Time since last request: 7.338006 seconds.
  path: Assets/Prefabs/Card.prefab
  artifactKey: Guid(0d531147c449bee488631f93a975d646) Importer(815301076,1909f56bfc062723c751e8b465ee728b)
Start importing Assets/Prefabs/Card.prefab using Guid(0d531147c449bee488631f93a975d646) Importer(815301076,1909f56bfc062723c751e8b465ee728b) (PreviewImporter) -> (artifact id: '31dd9a4746d022c7445d117a3feeea82') in 0.0930482 seconds
Number of updated asset objects reloaded before import = 0Number of asset objects unloaded after import = 42

========================================================================
Received Import Request.
  Time since last request: 4.922130 seconds.
  path: Assets/Prefabs/Card.prefab
  artifactKey: Guid(0d531147c449bee488631f93a975d646) Importer(815301076,1909f56bfc062723c751e8b465ee728b)
Start importing Assets/Prefabs/Card.prefab using Guid(0d531147c449bee488631f93a975d646) Importer(815301076,1909f56bfc062723c751e8b465ee728b) (PreviewImporter) -> (artifact id: '1acd16f0760542c99f428b42dbd3b1de') in 0.0945834 seconds
Number of updated asset objects reloaded before import = 0Number of asset objects unloaded after import = 42

========================================================================
Received Import Request.
  Time since last request: 1.696217 seconds.
  path: Assets/Prefabs/Card.prefab
  artifactKey: Guid(0d531147c449bee488631f93a975d646) Importer(815301076,1909f56bfc062723c751e8b465ee728b)
Start importing Assets/Prefabs/Card.prefab using Guid(0d531147c449bee488631f93a975d646) Importer(815301076,1909f56bfc062723c751e8b465ee728b) (PreviewImporter) -> (artifact id: '3fdabb50a07fb01d49e760f0c165079b') in 0.0919344 seconds
Number of updated asset objects reloaded before import = 0Number of asset objects unloaded after import = 42

========================================================================
Received Import Request.
  Time since last request: 5.338095 seconds.
  path: Assets/Prefabs/Card.prefab
  artifactKey: Guid(0d531147c449bee488631f93a975d646) Importer(815301076,1909f56bfc062723c751e8b465ee728b)
Start importing Assets/Prefabs/Card.prefab using Guid(0d531147c449bee488631f93a975d646) Importer(815301076,1909f56bfc062723c751e8b465ee728b) (PreviewImporter) -> (artifact id: 'e61de395b15811ab988379d683c22f34') in 0.0946366 seconds
Number of updated asset objects reloaded before import = 0Number of asset objects unloaded after import = 42

========================================================================
Received Import Request.
  Time since last request: 8.555069 seconds.
  path: Assets/Prefabs/Card.prefab
  artifactKey: Guid(0d531147c449bee488631f93a975d646) Importer(815301076,1909f56bfc062723c751e8b465ee728b)
Start importing Assets/Prefabs/Card.prefab using Guid(0d531147c449bee488631f93a975d646) Importer(815301076,1909f56bfc062723c751e8b465ee728b) (PreviewImporter) -> (artifact id: '6abebe724b21d724f7d315b6306aed61') in 0.0943775 seconds
Number of updated asset objects reloaded before import = 0Number of asset objects unloaded after import = 42

========================================================================
Received Import Request.
  Time since last request: 6.748202 seconds.
  path: Assets/Prefabs/Card.prefab
  artifactKey: Guid(0d531147c449bee488631f93a975d646) Importer(815301076,1909f56bfc062723c751e8b465ee728b)
Start importing Assets/Prefabs/Card.prefab using Guid(0d531147c449bee488631f93a975d646) Importer(815301076,1909f56bfc062723c751e8b465ee728b) (PreviewImporter) -> (artifact id: 'c19a15603285eb299d9ef5e812d96095') in 0.094406 seconds
Number of updated asset objects reloaded before import = 0Number of asset objects unloaded after import = 42

========================================================================
Received Import Request.
  Time since last request: 5.320099 seconds.
  path: Assets/Prefabs/Card.prefab
  artifactKey: Guid(0d531147c449bee488631f93a975d646) Importer(815301076,1909f56bfc062723c751e8b465ee728b)
Start importing Assets/Prefabs/Card.prefab using Guid(0d531147c449bee488631f93a975d646) Importer(815301076,1909f56bfc062723c751e8b465ee728b) (PreviewImporter) -> (artifact id: '3cae50048ed0f8d0dcf47ce00eedc6f1') in 0.0930626 seconds
Number of updated asset objects reloaded before import = 0Number of asset objects unloaded after import = 42

========================================================================
Received Import Request.
  Time since last request: 9.541413 seconds.
  path: Assets/Prefabs/Card.prefab
  artifactKey: Guid(0d531147c449bee488631f93a975d646) Importer(815301076,1909f56bfc062723c751e8b465ee728b)
Start importing Assets/Prefabs/Card.prefab using Guid(0d531147c449bee488631f93a975d646) Importer(815301076,1909f56bfc062723c751e8b465ee728b) (PreviewImporter) -> (artifact id: '7629098df74fb4f1979650fe5c81c5ad') in 0.0965794 seconds
Number of updated asset objects reloaded before import = 0Number of asset objects unloaded after import = 42

========================================================================
Received Import Request.
  Time since last request: 2.891698 seconds.
  path: Assets/Prefabs/Card.prefab
  artifactKey: Guid(0d531147c449bee488631f93a975d646) Importer(815301076,1909f56bfc062723c751e8b465ee728b)
Start importing Assets/Prefabs/Card.prefab using Guid(0d531147c449bee488631f93a975d646) Importer(815301076,1909f56bfc062723c751e8b465ee728b) (PreviewImporter) -> (artifact id: 'd09824226f48ff69a533f29e28f4b8a7') in 0.0927671 seconds
Number of updated asset objects reloaded before import = 0Number of asset objects unloaded after import = 42

========================================================================
Received Import Request.
  Time since last request: 5.545346 seconds.
  path: Assets/Prefabs/Card.prefab
  artifactKey: Guid(0d531147c449bee488631f93a975d646) Importer(815301076,1909f56bfc062723c751e8b465ee728b)
Start importing Assets/Prefabs/Card.prefab using Guid(0d531147c449bee488631f93a975d646) Importer(815301076,1909f56bfc062723c751e8b465ee728b) (PreviewImporter) -> (artifact id: 'ec71b41cb8957847d72459def189d831') in 0.0954934 seconds
Number of updated asset objects reloaded before import = 0Number of asset objects unloaded after import = 42

========================================================================
Received Import Request.
  Time since last request: 11.363204 seconds.
  path: Assets/Prefabs/Card.prefab
  artifactKey: Guid(0d531147c449bee488631f93a975d646) Importer(815301076,1909f56bfc062723c751e8b465ee728b)
Start importing Assets/Prefabs/Card.prefab using Guid(0d531147c449bee488631f93a975d646) Importer(815301076,1909f56bfc062723c751e8b465ee728b) (PreviewImporter) -> (artifact id: 'cdb833dd3fa1a190b272caddcb3a7178') in 0.0932946 seconds
Number of updated asset objects reloaded before import = 0Number of asset objects unloaded after import = 42

========================================================================
Received Import Request.
  Time since last request: 98.385965 seconds.
  path: Assets/Prefabs/Card.prefab
  artifactKey: Guid(0d531147c449bee488631f93a975d646) Importer(815301076,1909f56bfc062723c751e8b465ee728b)
Start importing Assets/Prefabs/Card.prefab using Guid(0d531147c449bee488631f93a975d646) Importer(815301076,1909f56bfc062723c751e8b465ee728b) (PreviewImporter) -> (artifact id: '3146f93b160839b57b04158505326000') in 0.0952101 seconds
Number of updated asset objects reloaded before import = 0Number of asset objects unloaded after import = 42

========================================================================
Received Import Request.
  Time since last request: 2.485721 seconds.
  path: Assets/Prefabs/Card.prefab
  artifactKey: Guid(0d531147c449bee488631f93a975d646) Importer(815301076,1909f56bfc062723c751e8b465ee728b)
Start importing Assets/Prefabs/Card.prefab using Guid(0d531147c449bee488631f93a975d646) Importer(815301076,1909f56bfc062723c751e8b465ee728b) (PreviewImporter) -> (artifact id: '04ab4e12eba07ba443733968b0fd92b3') in 0.0950819 seconds
Number of updated asset objects reloaded before import = 0Number of asset objects unloaded after import = 42

========================================================================
Received Import Request.
  Time since last request: 11.569828 seconds.
  path: Assets/Prefabs/Card.prefab
  artifactKey: Guid(0d531147c449bee488631f93a975d646) Importer(815301076,1909f56bfc062723c751e8b465ee728b)
Start importing Assets/Prefabs/Card.prefab using Guid(0d531147c449bee488631f93a975d646) Importer(815301076,1909f56bfc062723c751e8b465ee728b) (PreviewImporter) -> (artifact id: '42add59e470c198f864c4d4762125a00') in 0.0949063 seconds
Number of updated asset objects reloaded before import = 0Number of asset objects unloaded after import = 42

========================================================================
Received Import Request.
  Time since last request: 2.292099 seconds.
  path: Assets/Prefabs/Card.prefab
  artifactKey: Guid(0d531147c449bee488631f93a975d646) Importer(815301076,1909f56bfc062723c751e8b465ee728b)
Start importing Assets/Prefabs/Card.prefab using Guid(0d531147c449bee488631f93a975d646) Importer(815301076,1909f56bfc062723c751e8b465ee728b) (PreviewImporter) -> (artifact id: '723d8cdd9f2306d23b41b75b8eadfa8d') in 0.0933303 seconds
Number of updated asset objects reloaded before import = 0Number of asset objects unloaded after import = 42

========================================================================
Received Import Request.
  Time since last request: 1.895157 seconds.
  path: Assets/Prefabs/Card.prefab
  artifactKey: Guid(0d531147c449bee488631f93a975d646) Importer(815301076,1909f56bfc062723c751e8b465ee728b)
Start importing Assets/Prefabs/Card.prefab using Guid(0d531147c449bee488631f93a975d646) Importer(815301076,1909f56bfc062723c751e8b465ee728b) (PreviewImporter) -> (artifact id: 'adc7cdbf8096d5775759ac4bf232f34a') in 0.0947269 seconds
Number of updated asset objects reloaded before import = 0Number of asset objects unloaded after import = 42

========================================================================
Received Import Request.
  Time since last request: 1.495141 seconds.
  path: Assets/Prefabs/Card.prefab
  artifactKey: Guid(0d531147c449bee488631f93a975d646) Importer(815301076,1909f56bfc062723c751e8b465ee728b)
Start importing Assets/Prefabs/Card.prefab using Guid(0d531147c449bee488631f93a975d646) Importer(815301076,1909f56bfc062723c751e8b465ee728b) (PreviewImporter) -> (artifact id: '4b2e6362e48d079e63e37933d239650f') in 0.0915076 seconds
Number of updated asset objects reloaded before import = 0Number of asset objects unloaded after import = 42

========================================================================
Received Import Request.
  Time since last request: 289.217313 seconds.
  path: Assets/Prefabs/Card.prefab
  artifactKey: Guid(0d531147c449bee488631f93a975d646) Importer(2089858483,192608db42251d675da83286b1cce702)
Start importing Assets/Prefabs/Card.prefab using Guid(0d531147c449bee488631f93a975d646) Importer(2089858483,192608db42251d675da83286b1cce702) (ScriptedImporter) -> (artifact id: 'bf590f03abea875194a5fbb08a2bd7d7') in 0.2438826 seconds
Number of updated asset objects reloaded before import = 0Number of asset objects unloaded after import = 42

========================================================================
Received Import Request.
  Time since last request: 390.990130 seconds.
  path: Assets/Scenes/InGame.unity
  artifactKey: Guid(bc36eae928414184589ffb1fb98388a3) Importer(2089858483,192608db42251d675da83286b1cce702)
Start importing Assets/Scenes/InGame.unity using Guid(bc36eae928414184589ffb1fb98388a3) Importer(2089858483,192608db42251d675da83286b1cce702) (ScriptedImporter) -> (artifact id: 'e9be24c9fb1518997bee56a112239d7e') in 0.0164594 seconds
Number of updated asset objects reloaded before import = 0Number of asset objects unloaded after import = 1

