[Licensing::Module] Trying to connect to existing licensing client channel...
Built from '6000.2/respin/6000.2.7f1-2eb0c79396db' branch; Version is '6000.2.7f2 (2b518236b676) revision 2838914'; Using compiler version '194234433'; Build Type 'Release'
OS: 'Windows 11  (10.0.26200) 64bit Core' Language: 'ja' Physical Memory: 32581 MB
[Licensing::IpcConnector] Successfully connected to: "LicenseClient-hirot" at "2025-10-29T13:24:49.7686656Z"
BatchMode: 1, IsHumanControllingUs: 0, StartBugReporterOnCrash: 0, Is64bit: 1
Date: 2025-10-29T13:24:49Z

COMMAND LINE ARGUMENTS:
C:\Program Files\Unity\Hub\Editor\6000.2.7f2\Editor\Unity.exe
-adb2
-batchMode
-noUpm
-name
AssetImportWorker12
-projectPath
C:/Users/hirot/Game/Card-Game
-logFile
Logs/AssetImportWorker12.log
-srvPort
64244
-job-worker-count
11
-background-job-worker-count
8
-gc-helper-count
1
-name
AssetImport
Successfully changed project path to: C:/Users/hirot/Game/Card-Game
C:/Users/hirot/Game/Card-Game
[UnityMemory] Configuration Parameters - Can be set up in boot.config
    "memorysetup-allocator-temp-initial-block-size-main=262144"
    "memorysetup-allocator-temp-initial-block-size-worker=262144"
    "memorysetup-bucket-allocator-granularity=16"
    "memorysetup-bucket-allocator-bucket-count=8"
    "memorysetup-bucket-allocator-block-size=33554432"
    "memorysetup-bucket-allocator-block-count=8"
    "memorysetup-main-allocator-block-size=16777216"
    "memorysetup-thread-allocator-block-size=16777216"
    "memorysetup-gfx-main-allocator-block-size=16777216"
    "memorysetup-gfx-thread-allocator-block-size=16777216"
    "memorysetup-cache-allocator-block-size=4194304"
    "memorysetup-typetree-allocator-block-size=2097152"
    "memorysetup-profiler-bucket-allocator-granularity=16"
    "memorysetup-profiler-bucket-allocator-bucket-count=8"
    "memorysetup-profiler-bucket-allocator-block-size=33554432"
    "memorysetup-profiler-bucket-allocator-block-count=8"
    "memorysetup-profiler-allocator-block-size=16777216"
    "memorysetup-profiler-editor-allocator-block-size=1048576"
    "memorysetup-temp-allocator-size-main=16777216"
    "memorysetup-job-temp-allocator-block-size=2097152"
    "memorysetup-job-temp-allocator-block-size-background=1048576"
    "memorysetup-job-temp-allocator-reduction-small-platforms=262144"
    "memorysetup-temp-allocator-size-background-worker=32768"
    "memorysetup-temp-allocator-size-job-worker=262144"
    "memorysetup-temp-allocator-size-preload-manager=33554432"
    "memorysetup-temp-allocator-size-nav-mesh-worker=65536"
    "memorysetup-temp-allocator-size-audio-worker=65536"
    "memorysetup-temp-allocator-size-cloud-worker=32768"
    "memorysetup-temp-allocator-size-gi-baking-worker=262144"
    "memorysetup-temp-allocator-size-gi-baking-worker=262144"
    "memorysetup-temp-allocator-size-gi-baking-worker=262144"
    "memorysetup-temp-allocator-size-gi-baking-worker=262144"
    "memorysetup-temp-allocator-size-gi-baking-worker=262144"
    "memorysetup-temp-allocator-size-gfx=262144"
Player connection [18868]  Target information:

Player connection [18868]  * "[IP] 192.168.0.3 [Port] 0 [Flags] 2 [Guid] 736627936 [EditorId] 736627936 [Version] 1048832 [Id] WindowsEditor(7,DESKTOPAH) [Debug] 1 [PackageName] WindowsEditor [ProjectName] Editor" 

Player connection [18868] Host joined multi-casting on [225.0.0.222:54997]...
Player connection [18868] Host joined alternative multi-casting on [225.0.0.222:34997]...
JobSystem: Creating JobQueue using job-worker-count value 11
Input System module state changed to: Initialized.
[Physics::Module] Initialized fallback backend.
[Physics::Module] Id: 0xdecafbad
[Licensing::Client] Code 10 while verifying Licensing Client signature (process Id: 28572, path: "C:/Program Files/Unity Hub/UnityLicensingClient_V1/Unity.Licensing.Client.exe")
[Licensing::Module] LicensingClient has failed validation; ignoring
[Licensing::Client] Handshaking with LicensingClient:
  Version:                 1.17.3+a4e98f1
  Session Id:              fd28bae1cea24893916b6390e6c9adab
  Correlation Id:          657ee7b32d5bee62fcecd35319a45285
  External correlation Id: 1773265699599432015
  Machine Id:              XIQeEX9gaOvWoHS8EliWKbx6WX0=
[Licensing::Module] Successfully connected to LicensingClient on channel: "LicenseClient-hirot" (connect: 0.00s, validation: 0.00s, handshake: 0.03s)
[Licensing::IpcConnector] Successfully connected to: "LicenseClient-hirot-notifications" at "2025-10-29T13:24:49.7958975Z"
[Licensing::Module] Licensing Background thread has ended after 0.03s
Library Redirect Path: Library/
[Physics::Module] Selected backend.
[Physics::Module] Name: PhysX
[Physics::Module] Id: 0xf2b8ea05
[Physics::Module] SDK Version: 4.1.2
[Physics::Module] Integration Version: 1.0.0
[Physics::Module] Threading Mode: Multi-Threaded
Refreshing native plugins compatible for Editor in 2.89 ms, found 4 plugins.
Preloading 0 native plugins for Editor in 0.00 ms.
Initialize engine version: 6000.2.7f2 (2b518236b676)
[Subsystems] Discovering subsystems at path C:/Program Files/Unity/Hub/Editor/6000.2.7f2/Editor/Data/Resources/UnitySubsystems
[Subsystems] Discovering subsystems at path C:/Users/hirot/Game/Card-Game/Assets
GfxDevice: creating device client; kGfxThreadingModeNonThreaded
Direct3D:
    Version:  Direct3D 11.0 [level 11.1]
    Renderer: NVIDIA GeForce RTX 3060 Ti (ID=0x2489)
    Vendor:   NVIDIA
    VRAM:     8024 MB
    Driver:   32.0.15.7640
Initialize mono
Mono path[0] = 'C:/Program Files/Unity/Hub/Editor/6000.2.7f2/Editor/Data/Managed'
Mono path[1] = 'C:/Program Files/Unity/Hub/Editor/6000.2.7f2/Editor/Data/MonoBleedingEdge/lib/mono/unityjit-win32'
Mono config path = 'C:/Program Files/Unity/Hub/Editor/6000.2.7f2/Editor/Data/MonoBleedingEdge/etc'
Using monoOptions --debugger-agent=transport=dt_socket,embedding=1,server=y,suspend=n,address=127.0.0.1:56308
Begin MonoManager ReloadAssembly
Registering precompiled unity dll's ...
Register platform support module: C:/Program Files/Unity/Hub/Editor/6000.2.7f2/Editor/Data/PlaybackEngines/WindowsStandaloneSupport/UnityEditor.WindowsStandalone.Extensions.dll
Registered in 0.001277 seconds.
- Loaded All Assemblies, in  0.252 seconds
Native extension for WindowsStandalone target not found
Mono: successfully reloaded assembly
- Finished resetting the current domain, in  0.211 seconds
Domain Reload Profiling: 462ms
	BeginReloadAssembly (88ms)
		ExecutionOrderSort (0ms)
		DisableScriptedObjects (0ms)
		BackupInstance (0ms)
		ReleaseScriptingObjects (0ms)
		CreateAndSetChildDomain (0ms)
	RebuildCommonClasses (23ms)
	RebuildNativeTypeToScriptingClass (8ms)
	initialDomainReloadingComplete (32ms)
	LoadAllAssembliesAndSetupDomain (98ms)
		LoadAssemblies (86ms)
		RebuildTransferFunctionScriptingTraits (0ms)
		AnalyzeDomain (96ms)
			TypeCache.Refresh (95ms)
				TypeCache.ScanAssembly (87ms)
			BuildScriptInfoCaches (0ms)
			ResolveRequiredComponents (0ms)
	FinalizeReload (211ms)
		ReleaseScriptCaches (0ms)
		RebuildScriptCaches (0ms)
		SetupLoadedEditorAssemblies (183ms)
			LogAssemblyErrors (0ms)
			InitializePlatformSupportModulesInManaged (33ms)
			SetLoadedEditorAssemblies (2ms)
			BeforeProcessingInitializeOnLoad (39ms)
			ProcessInitializeOnLoadAttributes (77ms)
			ProcessInitializeOnLoadMethodAttributes (32ms)
			AfterProcessingInitializeOnLoad (0ms)
			EditorAssembliesLoaded (0ms)
		ExecutionOrderSort2 (0ms)
		AwakeInstancesAfterBackupRestoration (0ms)
========================================================================
Worker process is ready to serve import requests
Import Worker Mode flag is 0x00
Begin MonoManager ReloadAssembly
[Licensing::Client] Successfully resolved entitlement details
[Licensing::Module] License group:
  Id: F4-9F7T-DDEE-Z6XH-NC3V-XXXX
  Product: Unity Personal
  Type: ULF
  Expiration: Unlimited
[Licensing::Module] License group:
  Id: 15668569634226-UnityPersXXXX
  Product: Unity Personal
  Type: Assigned
  Expiration: Unlimited
- Loaded All Assemblies, in  0.514 seconds
Refreshing native plugins compatible for Editor in 1.13 ms, found 4 plugins.
Native extension for WindowsStandalone target not found
Package Manager log level set to [2]
[Package Manager] Failed to launch server process. Reason: Unity was launched with the -noUpm command-line argument
[Package Manager] Unable to send message (not connected to server process).
[Package Manager] Cannot connect to Unity Package Manager local server
Mono: successfully reloaded assembly
- Finished resetting the current domain, in  0.497 seconds
Domain Reload Profiling: 1008ms
	BeginReloadAssembly (113ms)
		ExecutionOrderSort (0ms)
		DisableScriptedObjects (4ms)
		BackupInstance (0ms)
		ReleaseScriptingObjects (0ms)
		CreateAndSetChildDomain (17ms)
	RebuildCommonClasses (24ms)
	RebuildNativeTypeToScriptingClass (8ms)
	initialDomainReloadingComplete (26ms)
	LoadAllAssembliesAndSetupDomain (340ms)
		LoadAssemblies (234ms)
		RebuildTransferFunctionScriptingTraits (0ms)
		AnalyzeDomain (170ms)
			TypeCache.Refresh (124ms)
				TypeCache.ScanAssembly (113ms)
			BuildScriptInfoCaches (36ms)
			ResolveRequiredComponents (6ms)
	FinalizeReload (498ms)
		ReleaseScriptCaches (0ms)
		RebuildScriptCaches (0ms)
		SetupLoadedEditorAssemblies (409ms)
			LogAssemblyErrors (0ms)
			InitializePlatformSupportModulesInManaged (1ms)
			SetLoadedEditorAssemblies (3ms)
			BeforeProcessingInitializeOnLoad (82ms)
			ProcessInitializeOnLoadAttributes (248ms)
			ProcessInitializeOnLoadMethodAttributes (70ms)
			AfterProcessingInitializeOnLoad (4ms)
			EditorAssembliesLoaded (0ms)
		ExecutionOrderSort2 (0ms)
		AwakeInstancesAfterBackupRestoration (4ms)
Launched and connected shader compiler UnityShaderCompiler.exe after 0.01 seconds
Refreshing native plugins compatible for Editor in 1.71 ms, found 4 plugins.
Preloading 0 native plugins for Editor in 0.00 ms.
Unloading 36 Unused Serialized files (Serialized files now loaded: 0)
Unloading 6744 unused Assets / (6.9 MB). Loaded Objects now: 7448.
Memory consumption went from 149.0 MB to 142.1 MB.
Total: 11.974200 ms (FindLiveObjects: 0.669800 ms CreateObjectMapping: 0.508900 ms MarkObjects: 6.112800 ms  DeleteObjects: 4.680600 ms)

========================================================================
Received Import Request.
  Time since last request: 473283.143147 seconds.
  path: Assets/DungeonMonsters2D/PSB/ZombiePSB.psb
  artifactKey: Guid(e804d870a62635a44a746d2ff783a377) Importer(815301076,1909f56bfc062723c751e8b465ee728b)
Start importing Assets/DungeonMonsters2D/PSB/ZombiePSB.psb using Guid(e804d870a62635a44a746d2ff783a377) Importer(815301076,1909f56bfc062723c751e8b465ee728b) (PreviewImporter) -> (artifact id: '9e9638a0010f3c9010af22fdb99158b8') in 0.4265134 seconds
Number of updated asset objects reloaded before import = 0Number of asset objects unloaded after import = 64

========================================================================
Received Import Request.
  Time since last request: 0.000048 seconds.
  path: Assets/DungeonMonsters2D/PSB/MeatGolemPSB.psb
  artifactKey: Guid(cf6e6d8eb6faba747b21257d64003b3e) Importer(815301076,1909f56bfc062723c751e8b465ee728b)
Start importing Assets/DungeonMonsters2D/PSB/MeatGolemPSB.psb using Guid(cf6e6d8eb6faba747b21257d64003b3e) Importer(815301076,1909f56bfc062723c751e8b465ee728b) (PreviewImporter) -> (artifact id: '99e2e46f08aec9e20ad4f815bd6e1748') in 0.0564118 seconds
Number of updated asset objects reloaded before import = 0Number of asset objects unloaded after import = 71

========================================================================
Received Import Request.
  Time since last request: 0.000024 seconds.
  path: Assets/DungeonMonsters2D/PSB/SpiderMonsterPSB.psb
  artifactKey: Guid(c195ca8773caf3c4aaea67db32b63bf8) Importer(815301076,1909f56bfc062723c751e8b465ee728b)
Start importing Assets/DungeonMonsters2D/PSB/SpiderMonsterPSB.psb using Guid(c195ca8773caf3c4aaea67db32b63bf8) Importer(815301076,1909f56bfc062723c751e8b465ee728b) (PreviewImporter) -> (artifact id: 'cbddf7fa508a31b72aa4148307b573f8') in 0.1031029 seconds
Number of updated asset objects reloaded before import = 0Number of asset objects unloaded after import = 145

========================================================================
Received Import Request.
  Time since last request: 0.000027 seconds.
  path: Assets/DungeonMonsters2D/PSB/SkeletonWarriorPSB.psb
  artifactKey: Guid(9183229b53570b240a9b92aa3d47d2cf) Importer(815301076,1909f56bfc062723c751e8b465ee728b)
Start importing Assets/DungeonMonsters2D/PSB/SkeletonWarriorPSB.psb using Guid(9183229b53570b240a9b92aa3d47d2cf) Importer(815301076,1909f56bfc062723c751e8b465ee728b) (PreviewImporter) -> (artifact id: '6204b7a7d35d1e7450df674f69f4c1bf') in 0.0647556 seconds
Number of updated asset objects reloaded before import = 0Number of asset objects unloaded after import = 76

========================================================================
Received Import Request.
  Time since last request: 0.000028 seconds.
  path: Assets/DungeonMonsters2D/PSB/RatMonsterPSB.psb
  artifactKey: Guid(182499511eda5fd4d85381b53a9e3361) Importer(815301076,1909f56bfc062723c751e8b465ee728b)
Start importing Assets/DungeonMonsters2D/PSB/RatMonsterPSB.psb using Guid(182499511eda5fd4d85381b53a9e3361) Importer(815301076,1909f56bfc062723c751e8b465ee728b) (PreviewImporter) -> (artifact id: 'c13080e1b803be24c7c90605cd456e41') in 0.0625143 seconds
Number of updated asset objects reloaded before import = 0Number of asset objects unloaded after import = 86

========================================================================
Received Import Request.
  Time since last request: 2.532230 seconds.
  path: Assets/DungeonMonsters2D/Other/BackgroundLine.png
  artifactKey: Guid(4f2329cbb9b59c94496bd10ed6006a7c) Importer(815301076,1909f56bfc062723c751e8b465ee728b)
Start importing Assets/DungeonMonsters2D/Other/BackgroundLine.png using Guid(4f2329cbb9b59c94496bd10ed6006a7c) Importer(815301076,1909f56bfc062723c751e8b465ee728b) (PreviewImporter) -> (artifact id: '21bf07448dcf5b2fe93788e19ce164e8') in 0.021239 seconds
Number of updated asset objects reloaded before import = 0Number of asset objects unloaded after import = 3

========================================================================
Received Import Request.
  Time since last request: 0.000032 seconds.
  path: Assets/DungeonMonsters2D/Other/VampireBat2.png
  artifactKey: Guid(cdd7bf435fd4aa54a89077160b48dfbd) Importer(815301076,1909f56bfc062723c751e8b465ee728b)
Start importing Assets/DungeonMonsters2D/Other/VampireBat2.png using Guid(cdd7bf435fd4aa54a89077160b48dfbd) Importer(815301076,1909f56bfc062723c751e8b465ee728b) (PreviewImporter) -> (artifact id: 'a5c80c4df441bcf4b17dbb3441700e6f') in 0.0182822 seconds
Number of updated asset objects reloaded before import = 0Number of asset objects unloaded after import = 3

========================================================================
Received Import Request.
  Time since last request: 0.000017 seconds.
  path: Assets/DungeonMonsters2D/Other/VampireBat4.png
  artifactKey: Guid(f804c65af1819f5498133f6f55fc2639) Importer(815301076,1909f56bfc062723c751e8b465ee728b)
Start importing Assets/DungeonMonsters2D/Other/VampireBat4.png using Guid(f804c65af1819f5498133f6f55fc2639) Importer(815301076,1909f56bfc062723c751e8b465ee728b) (PreviewImporter) -> (artifact id: '690022d5990195cbd7976c50b26a3a41') in 0.0146145 seconds
Number of updated asset objects reloaded before import = 0Number of asset objects unloaded after import = 3

========================================================================
Received Import Request.
  Time since last request: 19.396584 seconds.
  path: Assets/DungeonMonsters2D/Animation/Zombie
  artifactKey: Guid(3125ef80865f8cd4db07593eb815c348) Importer(2089858483,192608db42251d675da83286b1cce702)
Start importing Assets/DungeonMonsters2D/Animation/Zombie using Guid(3125ef80865f8cd4db07593eb815c348) Importer(2089858483,192608db42251d675da83286b1cce702) (ScriptedImporter) -> (artifact id: '55f8d24addf36a7aae3d0e9a1627aecf') in 0.1175843 seconds
Number of updated asset objects reloaded before import = 0Number of asset objects unloaded after import = 1

========================================================================
Received Import Request.
  Time since last request: 0.000030 seconds.
  path: Assets/DungeonMonsters2D/Characters/GhostKnight.prefab
  artifactKey: Guid(c73248559e291b94ba9724f9314df423) Importer(2089858483,192608db42251d675da83286b1cce702)
Start importing Assets/DungeonMonsters2D/Characters/GhostKnight.prefab using Guid(c73248559e291b94ba9724f9314df423) Importer(2089858483,192608db42251d675da83286b1cce702) (ScriptedImporter) -> (artifact id: '03fc3371156663cca8666c8184405cef') in 0.0804611 seconds
Number of updated asset objects reloaded before import = 0Number of asset objects unloaded after import = 110

========================================================================
Received Import Request.
  Time since last request: 0.000028 seconds.
  path: Assets/DungeonMonsters2D/Animation/Skeleton
  artifactKey: Guid(608052d163c62ef4499f29bbff37d6cc) Importer(2089858483,192608db42251d675da83286b1cce702)
Start importing Assets/DungeonMonsters2D/Animation/Skeleton using Guid(608052d163c62ef4499f29bbff37d6cc) Importer(2089858483,192608db42251d675da83286b1cce702) (ScriptedImporter) -> (artifact id: 'f90161f6ba8ce8a14fd81bdcb41035d3') in 0.0116818 seconds
Number of updated asset objects reloaded before import = 0Number of asset objects unloaded after import = 1

========================================================================
Received Import Request.
  Time since last request: 0.000018 seconds.
  path: Assets/DungeonMonsters2D/Animation/SkeletonArcher/JumpSkeletonArcher.anim
  artifactKey: Guid(abba23201910cfe458565d53f1579b57) Importer(2089858483,192608db42251d675da83286b1cce702)
Start importing Assets/DungeonMonsters2D/Animation/SkeletonArcher/JumpSkeletonArcher.anim using Guid(abba23201910cfe458565d53f1579b57) Importer(2089858483,192608db42251d675da83286b1cce702) (ScriptedImporter) -> (artifact id: '990dbd795db873a89521b96d418c6037') in 0.0187444 seconds
Number of updated asset objects reloaded before import = 0Number of asset objects unloaded after import = 1

========================================================================
Received Import Request.
  Time since last request: 0.000017 seconds.
  path: Assets/DungeonMonsters2D/Animation/GolemStone/DeathGolem.anim
  artifactKey: Guid(e8283ad437bde3e438cde4372cce01fd) Importer(2089858483,192608db42251d675da83286b1cce702)
Start importing Assets/DungeonMonsters2D/Animation/GolemStone/DeathGolem.anim using Guid(e8283ad437bde3e438cde4372cce01fd) Importer(2089858483,192608db42251d675da83286b1cce702) (ScriptedImporter) -> (artifact id: 'eeb0f7dd24baba9510a843d25188fbe1') in 0.0135705 seconds
Number of updated asset objects reloaded before import = 0Number of asset objects unloaded after import = 1

========================================================================
Received Import Request.
  Time since last request: 0.000018 seconds.
  path: Assets/DungeonMonsters2D/Animation/Rat/SpecialAttackRat.anim
  artifactKey: Guid(aa0d224e92f08024191f55abf1ac9e96) Importer(2089858483,192608db42251d675da83286b1cce702)
Start importing Assets/DungeonMonsters2D/Animation/Rat/SpecialAttackRat.anim using Guid(aa0d224e92f08024191f55abf1ac9e96) Importer(2089858483,192608db42251d675da83286b1cce702) (ScriptedImporter) -> (artifact id: 'f2e417855747e72c511e56933cdce6a9') in 0.015098 seconds
Number of updated asset objects reloaded before import = 0Number of asset objects unloaded after import = 1

========================================================================
Received Import Request.
  Time since last request: 0.000019 seconds.
  path: Assets/DungeonMonsters2D/PSB/MagmaGolemPSB.psb
  artifactKey: Guid(2f29221e99ad1d742a939f6eb39df161) Importer(2089858483,192608db42251d675da83286b1cce702)
Start importing Assets/DungeonMonsters2D/PSB/MagmaGolemPSB.psb using Guid(2f29221e99ad1d742a939f6eb39df161) Importer(2089858483,192608db42251d675da83286b1cce702) (ScriptedImporter) -> (artifact id: '4d354d17335dc2589fe1c66175e336f1') in 0.1667743 seconds
Number of updated asset objects reloaded before import = 0Number of asset objects unloaded after import = 90

========================================================================
Received Import Request.
  Time since last request: 0.000019 seconds.
  path: Assets/DungeonMonsters2D/Animation/SkeletonMage/ClimbSkeletonMage.anim
  artifactKey: Guid(3a424315049614946af7aa0a9a7dae0b) Importer(2089858483,192608db42251d675da83286b1cce702)
Start importing Assets/DungeonMonsters2D/Animation/SkeletonMage/ClimbSkeletonMage.anim using Guid(3a424315049614946af7aa0a9a7dae0b) Importer(2089858483,192608db42251d675da83286b1cce702) (ScriptedImporter) -> (artifact id: 'ce608bf6edf49719d0062908fdd72566') in 0.0125926 seconds
Number of updated asset objects reloaded before import = 0Number of asset objects unloaded after import = 1

========================================================================
Received Import Request.
  Time since last request: 0.000023 seconds.
  path: Assets/DungeonMonsters2D/Animation/Spider/MoveSpider.anim
  artifactKey: Guid(953330325b9400b4e8d22e7fa7277437) Importer(2089858483,192608db42251d675da83286b1cce702)
Start importing Assets/DungeonMonsters2D/Animation/Spider/MoveSpider.anim using Guid(953330325b9400b4e8d22e7fa7277437) Importer(2089858483,192608db42251d675da83286b1cce702) (ScriptedImporter) -> (artifact id: '0262ed08e572aeb6eeaeac2158508588') in 0.0675441 seconds
Number of updated asset objects reloaded before import = 0Number of asset objects unloaded after import = 1

========================================================================
Received Import Request.
  Time since last request: 0.000031 seconds.
  path: Assets/DungeonMonsters2D/Animation/Zombie/StunedZombie.anim
  artifactKey: Guid(b228d54b57e62324eb1ec6e96d1f682d) Importer(2089858483,192608db42251d675da83286b1cce702)
Start importing Assets/DungeonMonsters2D/Animation/Zombie/StunedZombie.anim using Guid(b228d54b57e62324eb1ec6e96d1f682d) Importer(2089858483,192608db42251d675da83286b1cce702) (ScriptedImporter) -> (artifact id: 'ef7aeb2d3eae9e57db85195a6f07d972') in 0.01458 seconds
Number of updated asset objects reloaded before import = 0Number of asset objects unloaded after import = 1

========================================================================
Received Import Request.
  Time since last request: 0.000020 seconds.
  path: Assets/DungeonMonsters2D/Characters/Succubus.prefab
  artifactKey: Guid(0d91a1e718ea6d343be4026cdffa51c6) Importer(2089858483,192608db42251d675da83286b1cce702)
Start importing Assets/DungeonMonsters2D/Characters/Succubus.prefab using Guid(0d91a1e718ea6d343be4026cdffa51c6) Importer(2089858483,192608db42251d675da83286b1cce702) (ScriptedImporter) -> (artifact id: '5e0a348473b1f04730344acb6dced307') in 0.0347224 seconds
Number of updated asset objects reloaded before import = 0Number of asset objects unloaded after import = 174

========================================================================
Received Import Request.
  Time since last request: 0.000028 seconds.
  path: Assets/DungeonMonsters2D/Animation/Vampire/JumpVampiret.anim
  artifactKey: Guid(bc24fd4358d18364c9951ea3e02c5e70) Importer(2089858483,192608db42251d675da83286b1cce702)
Start importing Assets/DungeonMonsters2D/Animation/Vampire/JumpVampiret.anim using Guid(bc24fd4358d18364c9951ea3e02c5e70) Importer(2089858483,192608db42251d675da83286b1cce702) (ScriptedImporter) -> (artifact id: 'e40ea0f551b13226044fa9f512b6cbd1') in 0.0140291 seconds
Number of updated asset objects reloaded before import = 0Number of asset objects unloaded after import = 1

========================================================================
Received Import Request.
  Time since last request: 0.000026 seconds.
  path: Assets/DungeonMonsters2D/Animation/Rat
  artifactKey: Guid(917b5da928534d447b90721bc817ef15) Importer(2089858483,192608db42251d675da83286b1cce702)
Start importing Assets/DungeonMonsters2D/Animation/Rat using Guid(917b5da928534d447b90721bc817ef15) Importer(2089858483,192608db42251d675da83286b1cce702) (ScriptedImporter) -> (artifact id: '3ae15ec099eebf8706632066f30fcfa6') in 0.0119181 seconds
Number of updated asset objects reloaded before import = 0Number of asset objects unloaded after import = 1

========================================================================
Received Import Request.
  Time since last request: 0.000025 seconds.
  path: Assets/DungeonMonsters2D/Animation/Rat/StunedRat.anim
  artifactKey: Guid(f07abe3025ca40845a5348040ca2db9c) Importer(2089858483,192608db42251d675da83286b1cce702)
Start importing Assets/DungeonMonsters2D/Animation/Rat/StunedRat.anim using Guid(f07abe3025ca40845a5348040ca2db9c) Importer(2089858483,192608db42251d675da83286b1cce702) (ScriptedImporter) -> (artifact id: '6088e0ac09034420cd72abfcca48ea59') in 0.015187 seconds
Number of updated asset objects reloaded before import = 0Number of asset objects unloaded after import = 1

========================================================================
Received Import Request.
  Time since last request: 0.000020 seconds.
  path: Assets/DungeonMonsters2D/Animation/Imp/JumpImp.anim
  artifactKey: Guid(36b590f13964a294aa911074794f03a9) Importer(2089858483,192608db42251d675da83286b1cce702)
Start importing Assets/DungeonMonsters2D/Animation/Imp/JumpImp.anim using Guid(36b590f13964a294aa911074794f03a9) Importer(2089858483,192608db42251d675da83286b1cce702) (ScriptedImporter) -> (artifact id: '8aee508d31c7ea51367d0168b052186a') in 0.0129813 seconds
Number of updated asset objects reloaded before import = 0Number of asset objects unloaded after import = 1

========================================================================
Received Import Request.
  Time since last request: 0.000018 seconds.
  path: Assets/DungeonMonsters2D/Scene/Demo.unity
  artifactKey: Guid(02fc4a76233fe7e41a27da142de6d308) Importer(2089858483,192608db42251d675da83286b1cce702)
Start importing Assets/DungeonMonsters2D/Scene/Demo.unity using Guid(02fc4a76233fe7e41a27da142de6d308) Importer(2089858483,192608db42251d675da83286b1cce702) (ScriptedImporter) -> (artifact id: '14edde04b42649d85bd099c6cf7a4482') in 0.0138413 seconds
Number of updated asset objects reloaded before import = 0Number of asset objects unloaded after import = 1

========================================================================
Received Import Request.
  Time since last request: 0.000027 seconds.
  path: Assets/DungeonMonsters2D/Animation/ZombieWarrior/IdleZombieWarrior.anim
  artifactKey: Guid(f58406704887fc0499a50a465f12c495) Importer(2089858483,192608db42251d675da83286b1cce702)
Start importing Assets/DungeonMonsters2D/Animation/ZombieWarrior/IdleZombieWarrior.anim using Guid(f58406704887fc0499a50a465f12c495) Importer(2089858483,192608db42251d675da83286b1cce702) (ScriptedImporter) -> (artifact id: 'd32e6bcae24b414b353964c8bed32aa1') in 0.0143294 seconds
Number of updated asset objects reloaded before import = 0Number of asset objects unloaded after import = 1

========================================================================
Received Import Request.
  Time since last request: 0.000019 seconds.
  path: Assets/DungeonMonsters2D/Animation/Dragon/IdleDragon.anim
  artifactKey: Guid(6d6c7bc3d845bd94fa5ca340f6e85bab) Importer(2089858483,192608db42251d675da83286b1cce702)
Start importing Assets/DungeonMonsters2D/Animation/Dragon/IdleDragon.anim using Guid(6d6c7bc3d845bd94fa5ca340f6e85bab) Importer(2089858483,192608db42251d675da83286b1cce702) (ScriptedImporter) -> (artifact id: 'd9ce320c9dbaa8b52d5bdb7120c7910a') in 0.0160011 seconds
Number of updated asset objects reloaded before import = 0Number of asset objects unloaded after import = 1

========================================================================
Received Import Request.
  Time since last request: 0.000039 seconds.
  path: Assets/DungeonMonsters2D/Animation/Dragon/StunedDragon.anim
  artifactKey: Guid(52fa9d3c43342c340a069dd5553ba47e) Importer(2089858483,192608db42251d675da83286b1cce702)
Start importing Assets/DungeonMonsters2D/Animation/Dragon/StunedDragon.anim using Guid(52fa9d3c43342c340a069dd5553ba47e) Importer(2089858483,192608db42251d675da83286b1cce702) (ScriptedImporter) -> (artifact id: 'eb3afd2ac0c2c0fdc744efae312eeed2') in 0.0153825 seconds
Number of updated asset objects reloaded before import = 0Number of asset objects unloaded after import = 1

========================================================================
Received Import Request.
  Time since last request: 0.000031 seconds.
  path: Assets/DungeonMonsters2D/Animation/Succubus/SpecialAttackSuccubus.anim
  artifactKey: Guid(f38be175772b34142ba5a30ae8082745) Importer(2089858483,192608db42251d675da83286b1cce702)
Start importing Assets/DungeonMonsters2D/Animation/Succubus/SpecialAttackSuccubus.anim using Guid(f38be175772b34142ba5a30ae8082745) Importer(2089858483,192608db42251d675da83286b1cce702) (ScriptedImporter) -> (artifact id: '884dc947afbcea36c341e287b5d2ff11') in 0.0159703 seconds
Number of updated asset objects reloaded before import = 0Number of asset objects unloaded after import = 1

========================================================================
Received Import Request.
  Time since last request: 0.000019 seconds.
  path: Assets/DungeonMonsters2D/PSB/SkeletonArcherPSB.psb
  artifactKey: Guid(b1581a5dd68a7254fbd6ff24a7ee8ba6) Importer(2089858483,192608db42251d675da83286b1cce702)
Start importing Assets/DungeonMonsters2D/PSB/SkeletonArcherPSB.psb using Guid(b1581a5dd68a7254fbd6ff24a7ee8ba6) Importer(2089858483,192608db42251d675da83286b1cce702) (ScriptedImporter) -> (artifact id: 'def1f83136a289d76d268d38ceb3776e') in 0.1765663 seconds
Number of updated asset objects reloaded before import = 0Number of asset objects unloaded after import = 117

========================================================================
Received Import Request.
  Time since last request: 0.000020 seconds.
  path: Assets/DungeonMonsters2D/Animation/Demon/TalkDemon.anim
  artifactKey: Guid(c737bafc51f1b2243ae002bcd323e374) Importer(2089858483,192608db42251d675da83286b1cce702)
Start importing Assets/DungeonMonsters2D/Animation/Demon/TalkDemon.anim using Guid(c737bafc51f1b2243ae002bcd323e374) Importer(2089858483,192608db42251d675da83286b1cce702) (ScriptedImporter) -> (artifact id: 'df6526af71d926f2aed675711708dca1') in 0.0130448 seconds
Number of updated asset objects reloaded before import = 0Number of asset objects unloaded after import = 1

========================================================================
Received Import Request.
  Time since last request: 0.000027 seconds.
  path: Assets/DungeonMonsters2D/Animation/Dragon
  artifactKey: Guid(86fa980793a53b3489ac5731c86a3152) Importer(2089858483,192608db42251d675da83286b1cce702)
Start importing Assets/DungeonMonsters2D/Animation/Dragon using Guid(86fa980793a53b3489ac5731c86a3152) Importer(2089858483,192608db42251d675da83286b1cce702) (ScriptedImporter) -> (artifact id: '71ad0ed26291aa96619593816973ddce') in 0.0108037 seconds
Number of updated asset objects reloaded before import = 0Number of asset objects unloaded after import = 1

========================================================================
Received Import Request.
  Time since last request: 0.000016 seconds.
  path: Assets/DungeonMonsters2D/Characters/SkeletonWarrior.prefab
  artifactKey: Guid(3aa6818780362f946a7ff630e00e7f65) Importer(2089858483,192608db42251d675da83286b1cce702)
Start importing Assets/DungeonMonsters2D/Characters/SkeletonWarrior.prefab using Guid(3aa6818780362f946a7ff630e00e7f65) Importer(2089858483,192608db42251d675da83286b1cce702) (ScriptedImporter) -> (artifact id: '1e67f359623f0836a36b85976ac6d633') in 0.0255477 seconds
Number of updated asset objects reloaded before import = 0Number of asset objects unloaded after import = 117

========================================================================
Received Import Request.
  Time since last request: 0.000022 seconds.
  path: Assets/DungeonMonsters2D/Animation/Spider/SpiderAnimation.controller
  artifactKey: Guid(ad9c89b7358863f448bb5ad68fa2a164) Importer(2089858483,192608db42251d675da83286b1cce702)
Start importing Assets/DungeonMonsters2D/Animation/Spider/SpiderAnimation.controller using Guid(ad9c89b7358863f448bb5ad68fa2a164) Importer(2089858483,192608db42251d675da83286b1cce702) (ScriptedImporter) -> (artifact id: '75ae0299d3d95a2b7876f8194873e0c8') in 0.0210455 seconds
Number of updated asset objects reloaded before import = 0Number of asset objects unloaded after import = 38

========================================================================
Received Import Request.
  Time since last request: 0.000018 seconds.
  path: Assets/DungeonMonsters2D/Animation/Skeleton/SkeletonWarriorAnimation.controller
  artifactKey: Guid(e4ba769a767886a4388fe96e9611bc21) Importer(2089858483,192608db42251d675da83286b1cce702)
Start importing Assets/DungeonMonsters2D/Animation/Skeleton/SkeletonWarriorAnimation.controller using Guid(e4ba769a767886a4388fe96e9611bc21) Importer(2089858483,192608db42251d675da83286b1cce702) (ScriptedImporter) -> (artifact id: '29f5fababe172b7dd46315d43c21194a') in 0.0202861 seconds
Number of updated asset objects reloaded before import = 0Number of asset objects unloaded after import = 38

========================================================================
Received Import Request.
  Time since last request: 0.000020 seconds.
  path: Assets/DungeonMonsters2D/Animation/Demon/SpecialAttackDemon.anim
  artifactKey: Guid(99832cc8039e6dc4f8529958f61eb337) Importer(2089858483,192608db42251d675da83286b1cce702)
Start importing Assets/DungeonMonsters2D/Animation/Demon/SpecialAttackDemon.anim using Guid(99832cc8039e6dc4f8529958f61eb337) Importer(2089858483,192608db42251d675da83286b1cce702) (ScriptedImporter) -> (artifact id: 'd403fe76e5f3691b7ac7e31ddbc25e5c') in 0.0145909 seconds
Number of updated asset objects reloaded before import = 0Number of asset objects unloaded after import = 1

========================================================================
Received Import Request.
  Time since last request: 0.000023 seconds.
  path: Assets/DungeonMonsters2D/Animation/GolemWood/StunedWoodGolem.anim
  artifactKey: Guid(1f5068accc9fec34b8b9998195c8361b) Importer(2089858483,192608db42251d675da83286b1cce702)
Start importing Assets/DungeonMonsters2D/Animation/GolemWood/StunedWoodGolem.anim using Guid(1f5068accc9fec34b8b9998195c8361b) Importer(2089858483,192608db42251d675da83286b1cce702) (ScriptedImporter) -> (artifact id: 'c62a57be1be6e9a5ba2f1d3289a3d8b1') in 0.0135265 seconds
Number of updated asset objects reloaded before import = 0Number of asset objects unloaded after import = 1

========================================================================
Received Import Request.
  Time since last request: 0.000048 seconds.
  path: Assets/DungeonMonsters2D/Animation/Bat/AttackBat.anim
  artifactKey: Guid(79bafc00661cfe249b572691e2817e6d) Importer(2089858483,192608db42251d675da83286b1cce702)
Start importing Assets/DungeonMonsters2D/Animation/Bat/AttackBat.anim using Guid(79bafc00661cfe249b572691e2817e6d) Importer(2089858483,192608db42251d675da83286b1cce702) (ScriptedImporter) -> (artifact id: 'aefc20b7a86fc32d2aef4dfaa8e50de0') in 0.0170784 seconds
Number of updated asset objects reloaded before import = 0Number of asset objects unloaded after import = 1

========================================================================
Received Import Request.
  Time since last request: 0.000028 seconds.
  path: Assets/DungeonMonsters2D/Animation/Spider/JumpSpider.anim
  artifactKey: Guid(538206e41349fe34db5fd4c79015e3ee) Importer(2089858483,192608db42251d675da83286b1cce702)
Start importing Assets/DungeonMonsters2D/Animation/Spider/JumpSpider.anim using Guid(538206e41349fe34db5fd4c79015e3ee) Importer(2089858483,192608db42251d675da83286b1cce702) (ScriptedImporter) -> (artifact id: 'c3f797dbbe55331228eb45bed2a91ad7') in 0.0153014 seconds
Number of updated asset objects reloaded before import = 0Number of asset objects unloaded after import = 1

========================================================================
Received Import Request.
  Time since last request: 0.000019 seconds.
  path: Assets/DungeonMonsters2D/Characters/Spider.prefab
  artifactKey: Guid(1cf0c6b0174163042a1a2c98be28bf1a) Importer(2089858483,192608db42251d675da83286b1cce702)
Start importing Assets/DungeonMonsters2D/Characters/Spider.prefab using Guid(1cf0c6b0174163042a1a2c98be28bf1a) Importer(2089858483,192608db42251d675da83286b1cce702) (ScriptedImporter) -> (artifact id: '1e63380d5dccf5a41c2e3a459941f438') in 0.0277964 seconds
Number of updated asset objects reloaded before import = 0Number of asset objects unloaded after import = 186

========================================================================
Received Import Request.
  Time since last request: 0.000018 seconds.
  path: Assets/DungeonMonsters2D/Animation/GolemCrystal/AttackCrystalGolem.anim
  artifactKey: Guid(c204dfd738a409542adf67d92ab8a636) Importer(2089858483,192608db42251d675da83286b1cce702)
Start importing Assets/DungeonMonsters2D/Animation/GolemCrystal/AttackCrystalGolem.anim using Guid(c204dfd738a409542adf67d92ab8a636) Importer(2089858483,192608db42251d675da83286b1cce702) (ScriptedImporter) -> (artifact id: '6e1e5635aa34d7cd719f567d000e5556') in 0.0158588 seconds
Number of updated asset objects reloaded before import = 0Number of asset objects unloaded after import = 1

========================================================================
Received Import Request.
  Time since last request: 0.000025 seconds.
  path: Assets/DungeonMonsters2D/Animation/GolemStone/AttackGolem.anim
  artifactKey: Guid(ac2e89a79ad8b7741b4a030e101a66dc) Importer(2089858483,192608db42251d675da83286b1cce702)
Start importing Assets/DungeonMonsters2D/Animation/GolemStone/AttackGolem.anim using Guid(ac2e89a79ad8b7741b4a030e101a66dc) Importer(2089858483,192608db42251d675da83286b1cce702) (ScriptedImporter) -> (artifact id: 'd37a64ebef58e656993346afb6f26e3d') in 0.013679 seconds
Number of updated asset objects reloaded before import = 0Number of asset objects unloaded after import = 1

========================================================================
Received Import Request.
  Time since last request: 0.000028 seconds.
  path: Assets/DungeonMonsters2D/UserInterface/Georgia.ttf
  artifactKey: Guid(b339b690cea70d343a8c1e480c4ed331) Importer(2089858483,192608db42251d675da83286b1cce702)
Start importing Assets/DungeonMonsters2D/UserInterface/Georgia.ttf using Guid(b339b690cea70d343a8c1e480c4ed331) Importer(2089858483,192608db42251d675da83286b1cce702) (ScriptedImporter) -> (artifact id: 'd2cd54e823b18fb8689e543d2d82737d') in 0.0204413 seconds
Number of updated asset objects reloaded before import = 0Number of asset objects unloaded after import = 3

========================================================================
Received Import Request.
  Time since last request: 0.000024 seconds.
  path: Assets/DungeonMonsters2D/Animation/GolemMagma/IdleMagmaGolem.anim
  artifactKey: Guid(b1e9f0e150a32b248b958e161e493d8f) Importer(2089858483,192608db42251d675da83286b1cce702)
Start importing Assets/DungeonMonsters2D/Animation/GolemMagma/IdleMagmaGolem.anim using Guid(b1e9f0e150a32b248b958e161e493d8f) Importer(2089858483,192608db42251d675da83286b1cce702) (ScriptedImporter) -> (artifact id: 'c04d33f51d31b6306684372f82e9aee0') in 0.0127286 seconds
Number of updated asset objects reloaded before import = 0Number of asset objects unloaded after import = 1

========================================================================
Received Import Request.
  Time since last request: 0.000022 seconds.
  path: Assets/DungeonMonsters2D/Animation/GhostKnight/SpecialAttackGhostKnight.anim
  artifactKey: Guid(21b1931147e8346478a8970c8e3fdbad) Importer(2089858483,192608db42251d675da83286b1cce702)
Start importing Assets/DungeonMonsters2D/Animation/GhostKnight/SpecialAttackGhostKnight.anim using Guid(21b1931147e8346478a8970c8e3fdbad) Importer(2089858483,192608db42251d675da83286b1cce702) (ScriptedImporter) -> (artifact id: 'c0b463986a0e9396298a55921938f70a') in 0.0153406 seconds
Number of updated asset objects reloaded before import = 0Number of asset objects unloaded after import = 1

========================================================================
Received Import Request.
  Time since last request: 0.000019 seconds.
  path: Assets/DungeonMonsters2D/Animation/SkeletonArcher/StunedSkeletonArcher.anim
  artifactKey: Guid(1b368dd34e93feb4cbd46b2cf22fbff1) Importer(2089858483,192608db42251d675da83286b1cce702)
Start importing Assets/DungeonMonsters2D/Animation/SkeletonArcher/StunedSkeletonArcher.anim using Guid(1b368dd34e93feb4cbd46b2cf22fbff1) Importer(2089858483,192608db42251d675da83286b1cce702) (ScriptedImporter) -> (artifact id: 'ff1c79e047fb9ede1565912774cace31') in 0.0119258 seconds
Number of updated asset objects reloaded before import = 0Number of asset objects unloaded after import = 1

========================================================================
Received Import Request.
  Time since last request: 0.000016 seconds.
  path: Assets/DungeonMonsters2D/Characters/SkeletonArcher.prefab
  artifactKey: Guid(e3f10a49adf9da94196f359c3bc3cece) Importer(2089858483,192608db42251d675da83286b1cce702)
Start importing Assets/DungeonMonsters2D/Characters/SkeletonArcher.prefab using Guid(e3f10a49adf9da94196f359c3bc3cece) Importer(2089858483,192608db42251d675da83286b1cce702) (ScriptedImporter) -> (artifact id: '979b3149a97162c473108a44c8241288') in 0.0270258 seconds
Number of updated asset objects reloaded before import = 0Number of asset objects unloaded after import = 158

========================================================================
Received Import Request.
  Time since last request: 0.000024 seconds.
  path: Assets/DungeonMonsters2D/Characters/Rat.prefab
  artifactKey: Guid(e755b6ac08a90bd43bda31f4eaabfb36) Importer(2089858483,192608db42251d675da83286b1cce702)
Start importing Assets/DungeonMonsters2D/Characters/Rat.prefab using Guid(e755b6ac08a90bd43bda31f4eaabfb36) Importer(2089858483,192608db42251d675da83286b1cce702) (ScriptedImporter) -> (artifact id: 'eef88fa700ad7ac9a52b6a535ad997e8') in 0.0275781 seconds
Number of updated asset objects reloaded before import = 0Number of asset objects unloaded after import = 127

========================================================================
Received Import Request.
  Time since last request: 0.000035 seconds.
  path: Assets/DungeonMonsters2D/Animation/Demon/MoveDemon.anim
  artifactKey: Guid(63d07a9c6356b0a4b858299a9a6bd193) Importer(2089858483,192608db42251d675da83286b1cce702)
Start importing Assets/DungeonMonsters2D/Animation/Demon/MoveDemon.anim using Guid(63d07a9c6356b0a4b858299a9a6bd193) Importer(2089858483,192608db42251d675da83286b1cce702) (ScriptedImporter) -> (artifact id: '42b2c110784ca12bd5e59e31579575b4') in 0.0118992 seconds
Number of updated asset objects reloaded before import = 0Number of asset objects unloaded after import = 1

========================================================================
Received Import Request.
  Time since last request: 0.000020 seconds.
  path: Assets/DungeonMonsters2D/Animation/Zombie/ZombieAnimation.controller
  artifactKey: Guid(5adf00be4d34fca4d8ae5ee97423b497) Importer(2089858483,192608db42251d675da83286b1cce702)
Start importing Assets/DungeonMonsters2D/Animation/Zombie/ZombieAnimation.controller using Guid(5adf00be4d34fca4d8ae5ee97423b497) Importer(2089858483,192608db42251d675da83286b1cce702) (ScriptedImporter) -> (artifact id: '784fb31426ae5c0103b1838b806c2694') in 0.0203598 seconds
Number of updated asset objects reloaded before import = 0Number of asset objects unloaded after import = 38

========================================================================
Received Import Request.
  Time since last request: 0.000023 seconds.
  path: Assets/DungeonMonsters2D/Other/VampireBat4.png
  artifactKey: Guid(f804c65af1819f5498133f6f55fc2639) Importer(2089858483,192608db42251d675da83286b1cce702)
Start importing Assets/DungeonMonsters2D/Other/VampireBat4.png using Guid(f804c65af1819f5498133f6f55fc2639) Importer(2089858483,192608db42251d675da83286b1cce702) (ScriptedImporter) -> (artifact id: 'd2c467c95dc04ce9dc0048576e112b0c') in 0.0317404 seconds
Number of updated asset objects reloaded before import = 0Number of asset objects unloaded after import = 3

========================================================================
Received Import Request.
  Time since last request: 0.000016 seconds.
  path: Assets/DungeonMonsters2D/PSB
  artifactKey: Guid(ad429ae1ff035a64ba224554c3884f9f) Importer(2089858483,192608db42251d675da83286b1cce702)
Start importing Assets/DungeonMonsters2D/PSB using Guid(ad429ae1ff035a64ba224554c3884f9f) Importer(2089858483,192608db42251d675da83286b1cce702) (ScriptedImporter) -> (artifact id: '1fbae2765806bba5eda61806fb33c7fe') in 0.0119604 seconds
Number of updated asset objects reloaded before import = 0Number of asset objects unloaded after import = 1

========================================================================
Received Import Request.
  Time since last request: 0.000019 seconds.
  path: Assets/DungeonMonsters2D/UserInterface/Georgia SDF.asset
  artifactKey: Guid(4c9b19fc411591f4bb7e91c510988143) Importer(2089858483,192608db42251d675da83286b1cce702)
Start importing Assets/DungeonMonsters2D/UserInterface/Georgia SDF.asset using Guid(4c9b19fc411591f4bb7e91c510988143) Importer(2089858483,192608db42251d675da83286b1cce702) (ScriptedImporter) -> (artifact id: 'eb14c4f7d0b580b113bda704cb7f99b5') in 0.0339117 seconds
Number of updated asset objects reloaded before import = 0Number of asset objects unloaded after import = 3

========================================================================
Received Import Request.
  Time since last request: 0.000030 seconds.
  path: Assets/DungeonMonsters2D/Animation/Spider/ClimbSpider.anim
  artifactKey: Guid(946acd595a0a2534dafca6dc6fed14a5) Importer(2089858483,192608db42251d675da83286b1cce702)
Start importing Assets/DungeonMonsters2D/Animation/Spider/ClimbSpider.anim using Guid(946acd595a0a2534dafca6dc6fed14a5) Importer(2089858483,192608db42251d675da83286b1cce702) (ScriptedImporter) -> (artifact id: '05850b3389eb8a8f0049c5cfde87383e') in 0.0129556 seconds
Number of updated asset objects reloaded before import = 0Number of asset objects unloaded after import = 1

========================================================================
Received Import Request.
  Time since last request: 0.000017 seconds.
  path: Assets/DungeonMonsters2D/Animation/Ghost/StunedGhost.anim
  artifactKey: Guid(979553af99eb2344396ff0c913f2a462) Importer(2089858483,192608db42251d675da83286b1cce702)
Start importing Assets/DungeonMonsters2D/Animation/Ghost/StunedGhost.anim using Guid(979553af99eb2344396ff0c913f2a462) Importer(2089858483,192608db42251d675da83286b1cce702) (ScriptedImporter) -> (artifact id: '21a236f57d20cd4ecd841e17148e8db1') in 0.014271 seconds
Number of updated asset objects reloaded before import = 0Number of asset objects unloaded after import = 1

========================================================================
Received Import Request.
  Time since last request: 0.000022 seconds.
  path: Assets/DungeonMonsters2D/Other/BackgroundLine.png
  artifactKey: Guid(4f2329cbb9b59c94496bd10ed6006a7c) Importer(2089858483,192608db42251d675da83286b1cce702)
Start importing Assets/DungeonMonsters2D/Other/BackgroundLine.png using Guid(4f2329cbb9b59c94496bd10ed6006a7c) Importer(2089858483,192608db42251d675da83286b1cce702) (ScriptedImporter) -> (artifact id: 'a57dc2ad177a66f12501da80da2cf264') in 0.0191651 seconds
Number of updated asset objects reloaded before import = 0Number of asset objects unloaded after import = 3

========================================================================
Received Import Request.
  Time since last request: 0.000022 seconds.
  path: Assets/DungeonMonsters2D/Animation/Imp/TalkImp.anim
  artifactKey: Guid(f79a27ab6f86a034ebf201649c2e25a5) Importer(2089858483,192608db42251d675da83286b1cce702)
Start importing Assets/DungeonMonsters2D/Animation/Imp/TalkImp.anim using Guid(f79a27ab6f86a034ebf201649c2e25a5) Importer(2089858483,192608db42251d675da83286b1cce702) (ScriptedImporter) -> (artifact id: '07544becfaaaf969b4221618dcd0caf8') in 0.0129671 seconds
Number of updated asset objects reloaded before import = 0Number of asset objects unloaded after import = 1

========================================================================
Received Import Request.
  Time since last request: 0.000030 seconds.
  path: Assets/DungeonMonsters2D/Animation/Butcher/DeathButcher.anim
  artifactKey: Guid(b293c958d0110874a82aa135a5e61d7f) Importer(2089858483,192608db42251d675da83286b1cce702)
Start importing Assets/DungeonMonsters2D/Animation/Butcher/DeathButcher.anim using Guid(b293c958d0110874a82aa135a5e61d7f) Importer(2089858483,192608db42251d675da83286b1cce702) (ScriptedImporter) -> (artifact id: 'f09acf8414bfdd8000cecfa7f70100f2') in 0.0163431 seconds
Number of updated asset objects reloaded before import = 0Number of asset objects unloaded after import = 1

Editor requested this worker to shutdown with reason: Scaling down because of idle timeout
AssetImportWorker is now disconnected from the server
Process exiting
Exiting without the bug reporter. Application will terminate with return code 0