[Licensing::Module] Trying to connect to existing licensing client channel...
Built from '6000.2/respin/6000.2.7f1-2eb0c79396db' branch; Version is '6000.2.7f2 (2b518236b676) revision 2838914'; Using compiler version '194234433'; Build Type 'Release'
OS: 'Windows 11  (10.0.26200) 64bit Core' Language: 'ja' Physical Memory: 32581 MB
BatchMode: 1, IsHumanControllingUs: 0, StartBugReporterOnCrash: 0, Is64bit: 1
Date: 2025-10-29T13:06:51Z
[Licensing::IpcConnector] Successfully connected to: "LicenseClient-hirot" at "2025-10-29T13:06:51.5146148Z"

COMMAND LINE ARGUMENTS:
C:\Program Files\Unity\Hub\Editor\6000.2.7f2\Editor\Unity.exe
-adb2
-batchMode
-noUpm
-name
AssetImportWorker10
-projectPath
C:/Users/hirot/Game/Card-Game
-logFile
Logs/AssetImportWorker10.log
-srvPort
64244
-job-worker-count
11
-background-job-worker-count
8
-gc-helper-count
1
-name
AssetImport
Successfully changed project path to: C:/Users/hirot/Game/Card-Game
C:/Users/hirot/Game/Card-Game
[UnityMemory] Configuration Parameters - Can be set up in boot.config
    "memorysetup-allocator-temp-initial-block-size-main=262144"
    "memorysetup-allocator-temp-initial-block-size-worker=262144"
    "memorysetup-bucket-allocator-granularity=16"
    "memorysetup-bucket-allocator-bucket-count=8"
    "memorysetup-bucket-allocator-block-size=33554432"
    "memorysetup-bucket-allocator-block-count=8"
    "memorysetup-main-allocator-block-size=16777216"
    "memorysetup-thread-allocator-block-size=16777216"
    "memorysetup-gfx-main-allocator-block-size=16777216"
    "memorysetup-gfx-thread-allocator-block-size=16777216"
    "memorysetup-cache-allocator-block-size=4194304"
    "memorysetup-typetree-allocator-block-size=2097152"
    "memorysetup-profiler-bucket-allocator-granularity=16"
    "memorysetup-profiler-bucket-allocator-bucket-count=8"
    "memorysetup-profiler-bucket-allocator-block-size=33554432"
    "memorysetup-profiler-bucket-allocator-block-count=8"
    "memorysetup-profiler-allocator-block-size=16777216"
    "memorysetup-profiler-editor-allocator-block-size=1048576"
    "memorysetup-temp-allocator-size-main=16777216"
    "memorysetup-job-temp-allocator-block-size=2097152"
    "memorysetup-job-temp-allocator-block-size-background=1048576"
    "memorysetup-job-temp-allocator-reduction-small-platforms=262144"
    "memorysetup-temp-allocator-size-background-worker=32768"
    "memorysetup-temp-allocator-size-job-worker=262144"
    "memorysetup-temp-allocator-size-preload-manager=33554432"
    "memorysetup-temp-allocator-size-nav-mesh-worker=65536"
    "memorysetup-temp-allocator-size-audio-worker=65536"
    "memorysetup-temp-allocator-size-cloud-worker=32768"
    "memorysetup-temp-allocator-size-gi-baking-worker=262144"
    "memorysetup-temp-allocator-size-gi-baking-worker=262144"
    "memorysetup-temp-allocator-size-gi-baking-worker=262144"
    "memorysetup-temp-allocator-size-gi-baking-worker=262144"
    "memorysetup-temp-allocator-size-gi-baking-worker=262144"
    "memorysetup-temp-allocator-size-gfx=262144"
Player connection [19188]  Target information:

Player connection [19188]  * "[IP] 192.168.0.3 [Port] 0 [Flags] 2 [Guid] 1217424548 [EditorId] 1217424548 [Version] 1048832 [Id] WindowsEditor(7,DESKTOPAH) [Debug] 1 [PackageName] WindowsEditor [ProjectName] Editor" 

Player connection [19188] Host joined multi-casting on [225.0.0.222:54997]...
Player connection [19188] Host joined alternative multi-casting on [225.0.0.222:34997]...
JobSystem: Creating JobQueue using job-worker-count value 11
Input System module state changed to: Initialized.
[Physics::Module] Initialized fallback backend.
[Physics::Module] Id: 0xdecafbad
[Licensing::Client] Code 10 while verifying Licensing Client signature (process Id: 28572, path: "C:/Program Files/Unity Hub/UnityLicensingClient_V1/Unity.Licensing.Client.exe")
[Licensing::Module] LicensingClient has failed validation; ignoring
[Licensing::Client] Handshaking with LicensingClient:
  Version:                 1.17.3+a4e98f1
  Session Id:              33ab05b807764067851728fff0f4ec22
  Correlation Id:          657ee7b32d5bee62fcecd35319a45285
  External correlation Id: 3086114488547519745
  Machine Id:              XIQeEX9gaOvWoHS8EliWKbx6WX0=
[Licensing::Module] Successfully connected to LicensingClient on channel: "LicenseClient-hirot" (connect: 0.00s, validation: 0.00s, handshake: 0.03s)
[Licensing::IpcConnector] Successfully connected to: "LicenseClient-hirot-notifications" at "2025-10-29T13:06:51.5465201Z"
[Licensing::Module] Licensing Background thread has ended after 0.03s
Library Redirect Path: Library/
[Physics::Module] Selected backend.
[Physics::Module] Name: PhysX
[Physics::Module] Id: 0xf2b8ea05
[Physics::Module] SDK Version: 4.1.2
[Physics::Module] Integration Version: 1.0.0
[Physics::Module] Threading Mode: Multi-Threaded
Refreshing native plugins compatible for Editor in 2.34 ms, found 4 plugins.
Preloading 0 native plugins for Editor in 0.00 ms.
Initialize engine version: 6000.2.7f2 (2b518236b676)
[Subsystems] Discovering subsystems at path C:/Program Files/Unity/Hub/Editor/6000.2.7f2/Editor/Data/Resources/UnitySubsystems
[Subsystems] Discovering subsystems at path C:/Users/hirot/Game/Card-Game/Assets
GfxDevice: creating device client; kGfxThreadingModeNonThreaded
Direct3D:
    Version:  Direct3D 11.0 [level 11.1]
    Renderer: NVIDIA GeForce RTX 3060 Ti (ID=0x2489)
    Vendor:   NVIDIA
    VRAM:     8024 MB
    Driver:   32.0.15.7640
Initialize mono
Mono path[0] = 'C:/Program Files/Unity/Hub/Editor/6000.2.7f2/Editor/Data/Managed'
Mono path[1] = 'C:/Program Files/Unity/Hub/Editor/6000.2.7f2/Editor/Data/MonoBleedingEdge/lib/mono/unityjit-win32'
Mono config path = 'C:/Program Files/Unity/Hub/Editor/6000.2.7f2/Editor/Data/MonoBleedingEdge/etc'
Using monoOptions --debugger-agent=transport=dt_socket,embedding=1,server=y,suspend=n,address=127.0.0.1:56008
Begin MonoManager ReloadAssembly
Registering precompiled unity dll's ...
Register platform support module: C:/Program Files/Unity/Hub/Editor/6000.2.7f2/Editor/Data/PlaybackEngines/WindowsStandaloneSupport/UnityEditor.WindowsStandalone.Extensions.dll
Registered in 0.001343 seconds.
- Loaded All Assemblies, in  0.300 seconds
Native extension for WindowsStandalone target not found
Mono: successfully reloaded assembly
- Finished resetting the current domain, in  0.232 seconds
Domain Reload Profiling: 530ms
	BeginReloadAssembly (107ms)
		ExecutionOrderSort (0ms)
		DisableScriptedObjects (0ms)
		BackupInstance (0ms)
		ReleaseScriptingObjects (0ms)
		CreateAndSetChildDomain (0ms)
	RebuildCommonClasses (28ms)
	RebuildNativeTypeToScriptingClass (9ms)
	initialDomainReloadingComplete (36ms)
	LoadAllAssembliesAndSetupDomain (118ms)
		LoadAssemblies (104ms)
		RebuildTransferFunctionScriptingTraits (0ms)
		AnalyzeDomain (117ms)
			TypeCache.Refresh (115ms)
				TypeCache.ScanAssembly (105ms)
			BuildScriptInfoCaches (0ms)
			ResolveRequiredComponents (0ms)
	FinalizeReload (232ms)
		ReleaseScriptCaches (0ms)
		RebuildScriptCaches (0ms)
		SetupLoadedEditorAssemblies (202ms)
			LogAssemblyErrors (0ms)
			InitializePlatformSupportModulesInManaged (40ms)
			SetLoadedEditorAssemblies (2ms)
			BeforeProcessingInitializeOnLoad (47ms)
			ProcessInitializeOnLoadAttributes (81ms)
			ProcessInitializeOnLoadMethodAttributes (32ms)
			AfterProcessingInitializeOnLoad (0ms)
			EditorAssembliesLoaded (0ms)
		ExecutionOrderSort2 (0ms)
		AwakeInstancesAfterBackupRestoration (0ms)
========================================================================
Worker process is ready to serve import requests
Import Worker Mode flag is 0x00
Begin MonoManager ReloadAssembly
[Licensing::Client] Successfully resolved entitlement details
[Licensing::Module] License group:
  Id: F4-9F7T-DDEE-Z6XH-NC3V-XXXX
  Product: Unity Personal
  Type: ULF
  Expiration: Unlimited
[Licensing::Module] License group:
  Id: 15668569634226-UnityPersXXXX
  Product: Unity Personal
  Type: Assigned
  Expiration: Unlimited
- Loaded All Assemblies, in  0.550 seconds
Refreshing native plugins compatible for Editor in 1.13 ms, found 4 plugins.
Native extension for WindowsStandalone target not found
Package Manager log level set to [2]
[Package Manager] Failed to launch server process. Reason: Unity was launched with the -noUpm command-line argument
[Package Manager] Unable to send message (not connected to server process).
[Package Manager] Cannot connect to Unity Package Manager local server
Mono: successfully reloaded assembly
- Finished resetting the current domain, in  0.540 seconds
Domain Reload Profiling: 1087ms
	BeginReloadAssembly (121ms)
		ExecutionOrderSort (0ms)
		DisableScriptedObjects (4ms)
		BackupInstance (0ms)
		ReleaseScriptingObjects (0ms)
		CreateAndSetChildDomain (21ms)
	RebuildCommonClasses (23ms)
	RebuildNativeTypeToScriptingClass (7ms)
	initialDomainReloadingComplete (30ms)
	LoadAllAssembliesAndSetupDomain (365ms)
		LoadAssemblies (255ms)
		RebuildTransferFunctionScriptingTraits (0ms)
		AnalyzeDomain (176ms)
			TypeCache.Refresh (130ms)
				TypeCache.ScanAssembly (118ms)
			BuildScriptInfoCaches (37ms)
			ResolveRequiredComponents (7ms)
	FinalizeReload (540ms)
		ReleaseScriptCaches (0ms)
		RebuildScriptCaches (0ms)
		SetupLoadedEditorAssemblies (445ms)
			LogAssemblyErrors (0ms)
			InitializePlatformSupportModulesInManaged (1ms)
			SetLoadedEditorAssemblies (3ms)
			BeforeProcessingInitializeOnLoad (105ms)
			ProcessInitializeOnLoadAttributes (258ms)
			ProcessInitializeOnLoadMethodAttributes (73ms)
			AfterProcessingInitializeOnLoad (4ms)
			EditorAssembliesLoaded (0ms)
		ExecutionOrderSort2 (0ms)
		AwakeInstancesAfterBackupRestoration (4ms)
Launched and connected shader compiler UnityShaderCompiler.exe after 0.01 seconds
Refreshing native plugins compatible for Editor in 1.52 ms, found 4 plugins.
Preloading 0 native plugins for Editor in 0.00 ms.
Unloading 36 Unused Serialized files (Serialized files now loaded: 0)
Unloading 6744 unused Assets / (7.3 MB). Loaded Objects now: 7448.
Memory consumption went from 151.0 MB to 143.7 MB.
Total: 12.495100 ms (FindLiveObjects: 0.891400 ms CreateObjectMapping: 0.860600 ms MarkObjects: 5.852500 ms  DeleteObjects: 4.888900 ms)

========================================================================
Received Prepare
Begin MonoManager ReloadAssembly
[Licensing::Client] Successfully resolved entitlement details
[Licensing::Module] License group:
  Id: F4-9F7T-DDEE-Z6XH-NC3V-XXXX
  Product: Unity Personal
  Type: ULF
  Expiration: Unlimited
[Licensing::Module] License group:
  Id: 15668569634226-UnityPersXXXX
  Product: Unity Personal
  Type: Assigned
  Expiration: Unlimited
- Loaded All Assemblies, in  0.522 seconds
Refreshing native plugins compatible for Editor in 1.11 ms, found 4 plugins.
Native extension for WindowsStandalone target not found
[Package Manager] Failed to launch server process. Reason: Unity was launched with the -noUpm command-line argument
[Package Manager] Unable to send message (not connected to server process).
[Package Manager] Cannot connect to Unity Package Manager local server
Mono: successfully reloaded assembly
- Finished resetting the current domain, in  0.485 seconds
Domain Reload Profiling: 1006ms
	BeginReloadAssembly (159ms)
		ExecutionOrderSort (0ms)
		DisableScriptedObjects (10ms)
		BackupInstance (0ms)
		ReleaseScriptingObjects (0ms)
		CreateAndSetChildDomain (39ms)
	RebuildCommonClasses (23ms)
	RebuildNativeTypeToScriptingClass (8ms)
	initialDomainReloadingComplete (21ms)
	LoadAllAssembliesAndSetupDomain (308ms)
		LoadAssemblies (248ms)
		RebuildTransferFunctionScriptingTraits (0ms)
		AnalyzeDomain (125ms)
			TypeCache.Refresh (5ms)
				TypeCache.ScanAssembly (0ms)
			BuildScriptInfoCaches (109ms)
			ResolveRequiredComponents (6ms)
	FinalizeReload (485ms)
		ReleaseScriptCaches (0ms)
		RebuildScriptCaches (0ms)
		SetupLoadedEditorAssemblies (383ms)
			LogAssemblyErrors (0ms)
			InitializePlatformSupportModulesInManaged (1ms)
			SetLoadedEditorAssemblies (4ms)
			BeforeProcessingInitializeOnLoad (88ms)
			ProcessInitializeOnLoadAttributes (246ms)
			ProcessInitializeOnLoadMethodAttributes (39ms)
			AfterProcessingInitializeOnLoad (4ms)
			EditorAssembliesLoaded (0ms)
		ExecutionOrderSort2 (0ms)
		AwakeInstancesAfterBackupRestoration (10ms)
Refreshing native plugins compatible for Editor in 2.00 ms, found 4 plugins.
Preloading 0 native plugins for Editor in 0.00 ms.
Unloading 35 Unused Serialized files (Serialized files now loaded: 0)
Unloading 6742 unused Assets / (7.8 MB). Loaded Objects now: 7452.
Memory consumption went from 151.8 MB to 144.0 MB.
Total: 11.355300 ms (FindLiveObjects: 0.718200 ms CreateObjectMapping: 0.705100 ms MarkObjects: 5.034400 ms  DeleteObjects: 4.896300 ms)

Prepare: number of updated asset objects reloaded= 0
========================================================================
Received Import Request.
  Time since last request: 473263.820625 seconds.
  path: Assets/DungeonMonsters2D/Animation
  artifactKey: Guid(b383d039013397f44bd766e6dcc74420) Importer(815301076,1909f56bfc062723c751e8b465ee728b)
Start importing Assets/DungeonMonsters2D/Animation using Guid(b383d039013397f44bd766e6dcc74420) Importer(815301076,1909f56bfc062723c751e8b465ee728b) (PreviewImporter) -> (artifact id: '9a21dedb7effe69d81418f5b1bf8f9da') in 0.0092548 seconds
Number of updated asset objects reloaded before import = 0Number of asset objects unloaded after import = 0

========================================================================
Received Import Request.
  Time since last request: 2.791942 seconds.
  path: Assets/DungeonMonsters2D/Characters
  artifactKey: Guid(f069b8d2fd473544bbf97462a3bef6cf) Importer(815301076,1909f56bfc062723c751e8b465ee728b)
Start importing Assets/DungeonMonsters2D/Characters using Guid(f069b8d2fd473544bbf97462a3bef6cf) Importer(815301076,1909f56bfc062723c751e8b465ee728b) (PreviewImporter) -> (artifact id: 'f11bb4744fb7eba65fcf24f3a9e153f3') in 0.0004875 seconds
Number of updated asset objects reloaded before import = 0Number of asset objects unloaded after import = 0

========================================================================
Received Import Request.
  Time since last request: 13.900691 seconds.
  path: Assets/DungeonMonsters2D/UserInterface
  artifactKey: Guid(976119fb423e3c048bedb0f4ceccb3f4) Importer(815301076,1909f56bfc062723c751e8b465ee728b)
Start importing Assets/DungeonMonsters2D/UserInterface using Guid(976119fb423e3c048bedb0f4ceccb3f4) Importer(815301076,1909f56bfc062723c751e8b465ee728b) (PreviewImporter) -> (artifact id: '4ac809bd133121c8758357b8aadda0ca') in 0.000551 seconds
Number of updated asset objects reloaded before import = 0Number of asset objects unloaded after import = 0

========================================================================
Received Import Request.
  Time since last request: 0.010103 seconds.
  path: Assets/DungeonMonsters2D/UserInterface/Arrow_right_silver.png
  artifactKey: Guid(23c7b8c1bfbe7ba4f92ccec44ee885cb) Importer(815301076,1909f56bfc062723c751e8b465ee728b)
Start importing Assets/DungeonMonsters2D/UserInterface/Arrow_right_silver.png using Guid(23c7b8c1bfbe7ba4f92ccec44ee885cb) Importer(815301076,1909f56bfc062723c751e8b465ee728b) (PreviewImporter) -> (artifact id: 'b00231a1bf8073b4f4905ab098f303cf') in 0.0818368 seconds
Number of updated asset objects reloaded before import = 0Number of asset objects unloaded after import = 3

========================================================================
Received Import Request.
  Time since last request: 0.000014 seconds.
  path: Assets/DungeonMonsters2D/UserInterface/Georgia SDF.asset
  artifactKey: Guid(4c9b19fc411591f4bb7e91c510988143) Importer(815301076,1909f56bfc062723c751e8b465ee728b)
Start importing Assets/DungeonMonsters2D/UserInterface/Georgia SDF.asset using Guid(4c9b19fc411591f4bb7e91c510988143) Importer(815301076,1909f56bfc062723c751e8b465ee728b) (PreviewImporter) -> (artifact id: '164eabcb889acac029c7834ec40a0da3') in 0.2588931 seconds
Number of updated asset objects reloaded before import = 0Number of asset objects unloaded after import = 4

========================================================================
Received Import Request.
  Time since last request: 0.000034 seconds.
  path: Assets/DungeonMonsters2D/UserInterface/DungeonImage.png
  artifactKey: Guid(4412c70600aa1c345a0b54debd817a5b) Importer(815301076,1909f56bfc062723c751e8b465ee728b)
Start importing Assets/DungeonMonsters2D/UserInterface/DungeonImage.png using Guid(4412c70600aa1c345a0b54debd817a5b) Importer(815301076,1909f56bfc062723c751e8b465ee728b) (PreviewImporter) -> (artifact id: 'a20a4836667c2d12d941df7b38f779d9') in 0.0148281 seconds
Number of updated asset objects reloaded before import = 0Number of asset objects unloaded after import = 3

========================================================================
Received Import Request.
  Time since last request: 1.879779 seconds.
  path: Assets/DungeonMonsters2D/PSB
  artifactKey: Guid(ad429ae1ff035a64ba224554c3884f9f) Importer(815301076,1909f56bfc062723c751e8b465ee728b)
Start importing Assets/DungeonMonsters2D/PSB using Guid(ad429ae1ff035a64ba224554c3884f9f) Importer(815301076,1909f56bfc062723c751e8b465ee728b) (PreviewImporter) -> (artifact id: '185af79084062596d8156323bbbaaf47') in 0.0004308 seconds
Number of updated asset objects reloaded before import = 0Number of asset objects unloaded after import = 0

========================================================================
Received Import Request.
  Time since last request: 0.038688 seconds.
  path: Assets/DungeonMonsters2D/PSB/BatMonsterPSB.psb
  artifactKey: Guid(9d177e320c2fd494ca52ef53483e680f) Importer(815301076,1909f56bfc062723c751e8b465ee728b)
Start importing Assets/DungeonMonsters2D/PSB/BatMonsterPSB.psb using Guid(9d177e320c2fd494ca52ef53483e680f) Importer(815301076,1909f56bfc062723c751e8b465ee728b) (PreviewImporter) -> (artifact id: '1dcd262dd6ad4bc46612a023194e5e42') in 0.1274912 seconds
Number of updated asset objects reloaded before import = 0Number of asset objects unloaded after import = 52

========================================================================
Received Import Request.
  Time since last request: 0.000030 seconds.
  path: Assets/DungeonMonsters2D/PSB/KnightGhostPSB.psb
  artifactKey: Guid(2d014b189ab491f4dafca53e6cc4c4f8) Importer(815301076,1909f56bfc062723c751e8b465ee728b)
Start importing Assets/DungeonMonsters2D/PSB/KnightGhostPSB.psb using Guid(2d014b189ab491f4dafca53e6cc4c4f8) Importer(815301076,1909f56bfc062723c751e8b465ee728b) (PreviewImporter) -> (artifact id: '96082274c24466ba68837f1d3f4cfd0b') in 0.0734687 seconds
Number of updated asset objects reloaded before import = 0Number of asset objects unloaded after import = 69

========================================================================
Received Import Request.
  Time since last request: 0.000029 seconds.
  path: Assets/DungeonMonsters2D/PSB/DemonPSB.psb
  artifactKey: Guid(969c0a5913bda7748be57dddc5ee82f5) Importer(815301076,1909f56bfc062723c751e8b465ee728b)
Start importing Assets/DungeonMonsters2D/PSB/DemonPSB.psb using Guid(969c0a5913bda7748be57dddc5ee82f5) Importer(815301076,1909f56bfc062723c751e8b465ee728b) (PreviewImporter) -> (artifact id: 'e28667f1d76d004a77ad2387605f3738') in 0.0542967 seconds
Number of updated asset objects reloaded before import = 0Number of asset objects unloaded after import = 69

========================================================================
Received Import Request.
  Time since last request: 0.000023 seconds.
  path: Assets/DungeonMonsters2D/PSB/VampirePSB.psb
  artifactKey: Guid(2f196da5980551d42a2c146266db324f) Importer(815301076,1909f56bfc062723c751e8b465ee728b)
Start importing Assets/DungeonMonsters2D/PSB/VampirePSB.psb using Guid(2f196da5980551d42a2c146266db324f) Importer(815301076,1909f56bfc062723c751e8b465ee728b) (PreviewImporter) -> (artifact id: 'ef2ccc039fbbdf05a8ee21c3530a3b0d') in 0.0846023 seconds
Number of updated asset objects reloaded before import = 0Number of asset objects unloaded after import = 106

========================================================================
Received Import Request.
  Time since last request: 0.000020 seconds.
  path: Assets/DungeonMonsters2D/PSB/DragonRedPSB.psb
  artifactKey: Guid(59d30bb756e9b024a93af35adb34bbee) Importer(815301076,1909f56bfc062723c751e8b465ee728b)
Start importing Assets/DungeonMonsters2D/PSB/DragonRedPSB.psb using Guid(59d30bb756e9b024a93af35adb34bbee) Importer(815301076,1909f56bfc062723c751e8b465ee728b) (PreviewImporter) -> (artifact id: 'dad6fec2ec739d143dc24990b2612380') in 0.1162985 seconds
Number of updated asset objects reloaded before import = 0Number of asset objects unloaded after import = 143

========================================================================
Received Import Request.
  Time since last request: 0.000022 seconds.
  path: Assets/DungeonMonsters2D/PSB/GhostPSB.psb
  artifactKey: Guid(3e4a209cd7b30854a90f86798787df48) Importer(815301076,1909f56bfc062723c751e8b465ee728b)
Start importing Assets/DungeonMonsters2D/PSB/GhostPSB.psb using Guid(3e4a209cd7b30854a90f86798787df48) Importer(815301076,1909f56bfc062723c751e8b465ee728b) (PreviewImporter) -> (artifact id: '0014fd55cdf97e5e033091a83c4338b0') in 0.0492659 seconds
Number of updated asset objects reloaded before import = 0Number of asset objects unloaded after import = 70

========================================================================
Received Import Request.
  Time since last request: 0.000031 seconds.
  path: Assets/DungeonMonsters2D/PSB/ImpPSB.psb
  artifactKey: Guid(1856c8c23d193604b9004abe53a187f5) Importer(815301076,1909f56bfc062723c751e8b465ee728b)
Start importing Assets/DungeonMonsters2D/PSB/ImpPSB.psb using Guid(1856c8c23d193604b9004abe53a187f5) Importer(815301076,1909f56bfc062723c751e8b465ee728b) (PreviewImporter) -> (artifact id: '7fa30f749e6dba1039c28409d651ff72') in 0.1078979 seconds
Number of updated asset objects reloaded before import = 0Number of asset objects unloaded after import = 140

========================================================================
Received Import Request.
  Time since last request: 0.000030 seconds.
  path: Assets/DungeonMonsters2D/PSB/MagmaGolemPSB.psb
  artifactKey: Guid(2f29221e99ad1d742a939f6eb39df161) Importer(815301076,1909f56bfc062723c751e8b465ee728b)
Start importing Assets/DungeonMonsters2D/PSB/MagmaGolemPSB.psb using Guid(2f29221e99ad1d742a939f6eb39df161) Importer(815301076,1909f56bfc062723c751e8b465ee728b) (PreviewImporter) -> (artifact id: 'c517a99530e9d6dc6ccfa5138ffc09cd') in 0.0904553 seconds
Number of updated asset objects reloaded before import = 0Number of asset objects unloaded after import = 90

========================================================================
Received Import Request.
  Time since last request: 2.598874 seconds.
  path: Assets/DungeonMonsters2D/Other/BatFly.png
  artifactKey: Guid(a59b91e288d46734485e908c9de012b6) Importer(815301076,1909f56bfc062723c751e8b465ee728b)
Start importing Assets/DungeonMonsters2D/Other/BatFly.png using Guid(a59b91e288d46734485e908c9de012b6) Importer(815301076,1909f56bfc062723c751e8b465ee728b) (PreviewImporter) -> (artifact id: '850e223954185e889c6c9106e42f363d') in 0.020187 seconds
Number of updated asset objects reloaded before import = 0Number of asset objects unloaded after import = 3

========================================================================
Received Import Request.
  Time since last request: 0.000040 seconds.
  path: Assets/DungeonMonsters2D/Other/VampireBat1.png
  artifactKey: Guid(431c32f74c5eb4f41bd651be22cb3786) Importer(815301076,1909f56bfc062723c751e8b465ee728b)
Start importing Assets/DungeonMonsters2D/Other/VampireBat1.png using Guid(431c32f74c5eb4f41bd651be22cb3786) Importer(815301076,1909f56bfc062723c751e8b465ee728b) (PreviewImporter) -> (artifact id: 'ef4d3be24039c43f4c22a44d2e4f4bdd') in 0.0169788 seconds
Number of updated asset objects reloaded before import = 0Number of asset objects unloaded after import = 3

========================================================================
Received Import Request.
  Time since last request: 19.434943 seconds.
  path: Assets/DungeonMonsters2D/Animation/Butcher/IdleButcher.anim
  artifactKey: Guid(c563521a4c084b7498826369776ce246) Importer(2089858483,192608db42251d675da83286b1cce702)
Start importing Assets/DungeonMonsters2D/Animation/Butcher/IdleButcher.anim using Guid(c563521a4c084b7498826369776ce246) Importer(2089858483,192608db42251d675da83286b1cce702) (ScriptedImporter) -> (artifact id: '53dec23f3db6436eb5a9680e1bc74d48') in 0.1744911 seconds
Number of updated asset objects reloaded before import = 0Number of asset objects unloaded after import = 1

========================================================================
Received Import Request.
  Time since last request: 0.000018 seconds.
  path: Assets/DungeonMonsters2D/Animation/Ghost/AttackGhost.anim
  artifactKey: Guid(a5a2c89e054a27844a8a3d1a3daaec77) Importer(2089858483,192608db42251d675da83286b1cce702)
Start importing Assets/DungeonMonsters2D/Animation/Ghost/AttackGhost.anim using Guid(a5a2c89e054a27844a8a3d1a3daaec77) Importer(2089858483,192608db42251d675da83286b1cce702) (ScriptedImporter) -> (artifact id: '0107845f9505d08bf95ef0d2e85098fb') in 0.0145931 seconds
Number of updated asset objects reloaded before import = 0Number of asset objects unloaded after import = 1

========================================================================
Received Import Request.
  Time since last request: 0.000020 seconds.
  path: Assets/DungeonMonsters2D/Animation/Succubus/ClimbSuccubus.anim
  artifactKey: Guid(7c9281e43b90643409dc26f780f2f06c) Importer(2089858483,192608db42251d675da83286b1cce702)
Start importing Assets/DungeonMonsters2D/Animation/Succubus/ClimbSuccubus.anim using Guid(7c9281e43b90643409dc26f780f2f06c) Importer(2089858483,192608db42251d675da83286b1cce702) (ScriptedImporter) -> (artifact id: 'f630e591e6c0c4c58e5cde8f185d6e1c') in 0.0136782 seconds
Number of updated asset objects reloaded before import = 0Number of asset objects unloaded after import = 1

========================================================================
Received Import Request.
  Time since last request: 0.000018 seconds.
  path: Assets/DungeonMonsters2D/Animation/Skeleton/JumpSkeleton.anim
  artifactKey: Guid(06d59aa87c24c63449d3cfb7c690d81a) Importer(2089858483,192608db42251d675da83286b1cce702)
Start importing Assets/DungeonMonsters2D/Animation/Skeleton/JumpSkeleton.anim using Guid(06d59aa87c24c63449d3cfb7c690d81a) Importer(2089858483,192608db42251d675da83286b1cce702) (ScriptedImporter) -> (artifact id: '299c638c4aa2aabf2e9a5a3e5484451c') in 0.0151004 seconds
Number of updated asset objects reloaded before import = 0Number of asset objects unloaded after import = 1

========================================================================
Received Import Request.
  Time since last request: 0.000020 seconds.
  path: Assets/DungeonMonsters2D/Animation/Skeleton/SpecialAttackSkeleton.anim
  artifactKey: Guid(49c341c1de6b05946a44efe6954887ce) Importer(2089858483,192608db42251d675da83286b1cce702)
Start importing Assets/DungeonMonsters2D/Animation/Skeleton/SpecialAttackSkeleton.anim using Guid(49c341c1de6b05946a44efe6954887ce) Importer(2089858483,192608db42251d675da83286b1cce702) (ScriptedImporter) -> (artifact id: 'cd01f4fc5b16439619cebc81ba8489f2') in 0.0111169 seconds
Number of updated asset objects reloaded before import = 0Number of asset objects unloaded after import = 1

========================================================================
Received Import Request.
  Time since last request: 0.000017 seconds.
  path: Assets/DungeonMonsters2D/Animation/Vampire/SpecialAttackVampire.anim
  artifactKey: Guid(1482dd33b71d1dc47b73a5d4a981b923) Importer(2089858483,192608db42251d675da83286b1cce702)
Start importing Assets/DungeonMonsters2D/Animation/Vampire/SpecialAttackVampire.anim using Guid(1482dd33b71d1dc47b73a5d4a981b923) Importer(2089858483,192608db42251d675da83286b1cce702) (ScriptedImporter) -> (artifact id: '0e0761524db06cdb8eb36483220d4353') in 0.0122198 seconds
Number of updated asset objects reloaded before import = 0Number of asset objects unloaded after import = 1

========================================================================
Received Import Request.
  Time since last request: 0.000027 seconds.
  path: Assets/DungeonMonsters2D/Animation/ZombieWarrior/StunedZombieWarrior.anim
  artifactKey: Guid(51791a869207ae84cb8f4ca155e83f0e) Importer(2089858483,192608db42251d675da83286b1cce702)
Start importing Assets/DungeonMonsters2D/Animation/ZombieWarrior/StunedZombieWarrior.anim using Guid(51791a869207ae84cb8f4ca155e83f0e) Importer(2089858483,192608db42251d675da83286b1cce702) (ScriptedImporter) -> (artifact id: '860aa786ac9ad9037d2a16efdf85879d') in 0.0136112 seconds
Number of updated asset objects reloaded before import = 0Number of asset objects unloaded after import = 1

========================================================================
Received Import Request.
  Time since last request: 0.000023 seconds.
  path: Assets/DungeonMonsters2D/Animation/Demon/ClimbDemon.anim
  artifactKey: Guid(22bcd2f750c1734448230da5690ab4cd) Importer(2089858483,192608db42251d675da83286b1cce702)
Start importing Assets/DungeonMonsters2D/Animation/Demon/ClimbDemon.anim using Guid(22bcd2f750c1734448230da5690ab4cd) Importer(2089858483,192608db42251d675da83286b1cce702) (ScriptedImporter) -> (artifact id: '6f53ebe3d43014e793ffd30d3515eb6a') in 0.0152729 seconds
Number of updated asset objects reloaded before import = 0Number of asset objects unloaded after import = 1

========================================================================
Received Import Request.
  Time since last request: 0.000026 seconds.
  path: Assets/DungeonMonsters2D/Animation/Succubus/DeathSuccubus.anim
  artifactKey: Guid(5812a403bff033b418304ebb8c0e504d) Importer(2089858483,192608db42251d675da83286b1cce702)
Start importing Assets/DungeonMonsters2D/Animation/Succubus/DeathSuccubus.anim using Guid(5812a403bff033b418304ebb8c0e504d) Importer(2089858483,192608db42251d675da83286b1cce702) (ScriptedImporter) -> (artifact id: '431a762bea2ebad09c9f0691c8dc51cf') in 0.0144164 seconds
Number of updated asset objects reloaded before import = 0Number of asset objects unloaded after import = 1

========================================================================
Received Import Request.
  Time since last request: 0.000021 seconds.
  path: Assets/DungeonMonsters2D/Animation/Bat/MoveBat.anim
  artifactKey: Guid(b068df2133951224b9e2dea882d6aae1) Importer(2089858483,192608db42251d675da83286b1cce702)
Start importing Assets/DungeonMonsters2D/Animation/Bat/MoveBat.anim using Guid(b068df2133951224b9e2dea882d6aae1) Importer(2089858483,192608db42251d675da83286b1cce702) (ScriptedImporter) -> (artifact id: '35621a06559fa7210b19b5ffff01ac1a') in 0.0134131 seconds
Number of updated asset objects reloaded before import = 0Number of asset objects unloaded after import = 1

========================================================================
Received Import Request.
  Time since last request: 0.000019 seconds.
  path: Assets/DungeonMonsters2D/Animation/Imp/MoveImp.anim
  artifactKey: Guid(78790c761ebdf9141a477dc9b04421bc) Importer(2089858483,192608db42251d675da83286b1cce702)
Start importing Assets/DungeonMonsters2D/Animation/Imp/MoveImp.anim using Guid(78790c761ebdf9141a477dc9b04421bc) Importer(2089858483,192608db42251d675da83286b1cce702) (ScriptedImporter) -> (artifact id: '25fc55a96de3ce8ca628b77ae26fc7ce') in 0.0148006 seconds
Number of updated asset objects reloaded before import = 0Number of asset objects unloaded after import = 1

========================================================================
Received Import Request.
  Time since last request: 0.000014 seconds.
  path: Assets/DungeonMonsters2D/PSB/ZombieBossPSB.psb
  artifactKey: Guid(ab1032f710b1a1b4398b8087753b3a3e) Importer(2089858483,192608db42251d675da83286b1cce702)
Start importing Assets/DungeonMonsters2D/PSB/ZombieBossPSB.psb using Guid(ab1032f710b1a1b4398b8087753b3a3e) Importer(2089858483,192608db42251d675da83286b1cce702) (ScriptedImporter) -> (artifact id: '4d9a4d067c127642b32768f49917ff27') in 0.1999931 seconds
Number of updated asset objects reloaded before import = 0Number of asset objects unloaded after import = 95

========================================================================
Received Import Request.
  Time since last request: 0.000041 seconds.
  path: Assets/DungeonMonsters2D/Animation/SkeletonMage/SkeletonMageAnimation.controller
  artifactKey: Guid(261266824af615d4595af5f68905873a) Importer(2089858483,192608db42251d675da83286b1cce702)
Start importing Assets/DungeonMonsters2D/Animation/SkeletonMage/SkeletonMageAnimation.controller using Guid(261266824af615d4595af5f68905873a) Importer(2089858483,192608db42251d675da83286b1cce702) (ScriptedImporter) -> (artifact id: '171fd39787c1c9ac0d6e678a1f268f4b') in 0.0223046 seconds
Number of updated asset objects reloaded before import = 0Number of asset objects unloaded after import = 38

========================================================================
Received Import Request.
  Time since last request: 0.000026 seconds.
  path: Assets/DungeonMonsters2D/Animation/Zombie/IdleZombie.anim
  artifactKey: Guid(409dd68ef7c7a8745926f35c6b044280) Importer(2089858483,192608db42251d675da83286b1cce702)
Start importing Assets/DungeonMonsters2D/Animation/Zombie/IdleZombie.anim using Guid(409dd68ef7c7a8745926f35c6b044280) Importer(2089858483,192608db42251d675da83286b1cce702) (ScriptedImporter) -> (artifact id: '1ae523e818e4033977e55996a52cb8ae') in 0.0128718 seconds
Number of updated asset objects reloaded before import = 0Number of asset objects unloaded after import = 1

========================================================================
Received Import Request.
  Time since last request: 0.000024 seconds.
  path: Assets/DungeonMonsters2D/Animation/Dragon/DeathDragon.anim
  artifactKey: Guid(7c09c1592e02e1d4781e2237f587e37b) Importer(2089858483,192608db42251d675da83286b1cce702)
Start importing Assets/DungeonMonsters2D/Animation/Dragon/DeathDragon.anim using Guid(7c09c1592e02e1d4781e2237f587e37b) Importer(2089858483,192608db42251d675da83286b1cce702) (ScriptedImporter) -> (artifact id: 'db0d85dc2655cbdf3e1f7233609203d8') in 0.0167405 seconds
Number of updated asset objects reloaded before import = 0Number of asset objects unloaded after import = 1

========================================================================
Received Import Request.
  Time since last request: 0.000021 seconds.
  path: Assets/DungeonMonsters2D/Animation/Vampire/DeathVampire.anim
  artifactKey: Guid(c611d9160bf58ac44b16b19943956006) Importer(2089858483,192608db42251d675da83286b1cce702)
Start importing Assets/DungeonMonsters2D/Animation/Vampire/DeathVampire.anim using Guid(c611d9160bf58ac44b16b19943956006) Importer(2089858483,192608db42251d675da83286b1cce702) (ScriptedImporter) -> (artifact id: '0100b8c33f093fca5c23699e316cae0f') in 0.0141755 seconds
Number of updated asset objects reloaded before import = 0Number of asset objects unloaded after import = 1

========================================================================
Received Import Request.
  Time since last request: 0.000022 seconds.
  path: Assets/DungeonMonsters2D/Animation/Vampire/IdleVampire.anim
  artifactKey: Guid(d7db4cbe82dc72f4bbb00f8c0983a465) Importer(2089858483,192608db42251d675da83286b1cce702)
Start importing Assets/DungeonMonsters2D/Animation/Vampire/IdleVampire.anim using Guid(d7db4cbe82dc72f4bbb00f8c0983a465) Importer(2089858483,192608db42251d675da83286b1cce702) (ScriptedImporter) -> (artifact id: '3835916c32bcdebe1bb6ab026adddb4c') in 0.0144453 seconds
Number of updated asset objects reloaded before import = 0Number of asset objects unloaded after import = 1

========================================================================
Received Import Request.
  Time since last request: 0.000021 seconds.
  path: Assets/DungeonMonsters2D/Animation/Rat/AttackRat.anim
  artifactKey: Guid(ed0ad108ede289e49a063a0addb52131) Importer(2089858483,192608db42251d675da83286b1cce702)
Start importing Assets/DungeonMonsters2D/Animation/Rat/AttackRat.anim using Guid(ed0ad108ede289e49a063a0addb52131) Importer(2089858483,192608db42251d675da83286b1cce702) (ScriptedImporter) -> (artifact id: '30d3d474ebff2c3f715dcacc278fe1cc') in 0.0155907 seconds
Number of updated asset objects reloaded before import = 0Number of asset objects unloaded after import = 1

========================================================================
Received Import Request.
  Time since last request: 0.000032 seconds.
  path: Assets/DungeonMonsters2D/Animation/Butcher/ClimbButcher.anim
  artifactKey: Guid(c8068771ac0cabf4cabe4edf3ca15cfe) Importer(2089858483,192608db42251d675da83286b1cce702)
Start importing Assets/DungeonMonsters2D/Animation/Butcher/ClimbButcher.anim using Guid(c8068771ac0cabf4cabe4edf3ca15cfe) Importer(2089858483,192608db42251d675da83286b1cce702) (ScriptedImporter) -> (artifact id: 'd97652610b6b286cdf3e63a0e9bfb718') in 0.0161486 seconds
Number of updated asset objects reloaded before import = 0Number of asset objects unloaded after import = 1

========================================================================
Received Import Request.
  Time since last request: 0.000027 seconds.
  path: Assets/DungeonMonsters2D/Animation/ZombieWarrior/TalkZombieWarrior.anim
  artifactKey: Guid(9ca9b6716a4d10e44a797c4c4aa171d0) Importer(2089858483,192608db42251d675da83286b1cce702)
Start importing Assets/DungeonMonsters2D/Animation/ZombieWarrior/TalkZombieWarrior.anim using Guid(9ca9b6716a4d10e44a797c4c4aa171d0) Importer(2089858483,192608db42251d675da83286b1cce702) (ScriptedImporter) -> (artifact id: 'e4305e0e5ec20e77e715728d9db71a9a') in 0.0143662 seconds
Number of updated asset objects reloaded before import = 0Number of asset objects unloaded after import = 1

========================================================================
Received Import Request.
  Time since last request: 0.000019 seconds.
  path: Assets/DungeonMonsters2D/Animation/Bat/SpecialAttackBat.anim
  artifactKey: Guid(251659a80aee5a24eaf0ac353f8cbf66) Importer(2089858483,192608db42251d675da83286b1cce702)
Start importing Assets/DungeonMonsters2D/Animation/Bat/SpecialAttackBat.anim using Guid(251659a80aee5a24eaf0ac353f8cbf66) Importer(2089858483,192608db42251d675da83286b1cce702) (ScriptedImporter) -> (artifact id: '5e4504595a28b0c9c8262a5177de3ee2') in 0.015726 seconds
Number of updated asset objects reloaded before import = 0Number of asset objects unloaded after import = 1

========================================================================
Received Import Request.
  Time since last request: 0.000016 seconds.
  path: Assets/DungeonMonsters2D/Animation/Bat/JumpBat.anim
  artifactKey: Guid(d055c12a24479534b9d2e53c184a85ab) Importer(2089858483,192608db42251d675da83286b1cce702)
Start importing Assets/DungeonMonsters2D/Animation/Bat/JumpBat.anim using Guid(d055c12a24479534b9d2e53c184a85ab) Importer(2089858483,192608db42251d675da83286b1cce702) (ScriptedImporter) -> (artifact id: '3eec520772e6c48f26cce46063ba1d06') in 0.016233 seconds
Number of updated asset objects reloaded before import = 0Number of asset objects unloaded after import = 1

========================================================================
Received Import Request.
  Time since last request: 0.000023 seconds.
  path: Assets/DungeonMonsters2D/Animation/Bat/ClimbBat.anim
  artifactKey: Guid(c24ecd3377b744746a15263232fe8193) Importer(2089858483,192608db42251d675da83286b1cce702)
Start importing Assets/DungeonMonsters2D/Animation/Bat/ClimbBat.anim using Guid(c24ecd3377b744746a15263232fe8193) Importer(2089858483,192608db42251d675da83286b1cce702) (ScriptedImporter) -> (artifact id: '5aeb912f8b3b9a4837900df8dda3ded8') in 0.018453 seconds
Number of updated asset objects reloaded before import = 0Number of asset objects unloaded after import = 1

========================================================================
Received Import Request.
  Time since last request: 0.000030 seconds.
  path: Assets/DungeonMonsters2D/Animation/SkeletonMage/StunedSkeletonMage.anim
  artifactKey: Guid(2c47e3b07de93d54fb6c2bc897ab42fb) Importer(2089858483,192608db42251d675da83286b1cce702)
Start importing Assets/DungeonMonsters2D/Animation/SkeletonMage/StunedSkeletonMage.anim using Guid(2c47e3b07de93d54fb6c2bc897ab42fb) Importer(2089858483,192608db42251d675da83286b1cce702) (ScriptedImporter) -> (artifact id: 'f6c498ac93bc4eed32655941b037de6a') in 0.0126537 seconds
Number of updated asset objects reloaded before import = 0Number of asset objects unloaded after import = 1

========================================================================
Received Import Request.
  Time since last request: 0.000023 seconds.
  path: Assets/DungeonMonsters2D/Animation/GolemCrystal/SpecialAttackCrystalGolem.anim
  artifactKey: Guid(d4003c35f371cec4ea4086e3da39f73b) Importer(2089858483,192608db42251d675da83286b1cce702)
Start importing Assets/DungeonMonsters2D/Animation/GolemCrystal/SpecialAttackCrystalGolem.anim using Guid(d4003c35f371cec4ea4086e3da39f73b) Importer(2089858483,192608db42251d675da83286b1cce702) (ScriptedImporter) -> (artifact id: 'c620e85d3d29485bf690e3660ded8743') in 0.0171644 seconds
Number of updated asset objects reloaded before import = 0Number of asset objects unloaded after import = 1

========================================================================
Received Import Request.
  Time since last request: 0.000017 seconds.
  path: Assets/DungeonMonsters2D/Animation/GolemMagma/DeathMagmaGolem.anim
  artifactKey: Guid(61852f5c3259caa45ba6fa82a2b7fe50) Importer(2089858483,192608db42251d675da83286b1cce702)
Start importing Assets/DungeonMonsters2D/Animation/GolemMagma/DeathMagmaGolem.anim using Guid(61852f5c3259caa45ba6fa82a2b7fe50) Importer(2089858483,192608db42251d675da83286b1cce702) (ScriptedImporter) -> (artifact id: '3d643b8623f278084a8c43c34da03c33') in 0.0142964 seconds
Number of updated asset objects reloaded before import = 0Number of asset objects unloaded after import = 1

========================================================================
Received Import Request.
  Time since last request: 0.000022 seconds.
  path: Assets/DungeonMonsters2D/Animation/GolemMagma/AttackMagmaGolem.anim
  artifactKey: Guid(3aae20a4cda3f634b92167c64f944392) Importer(2089858483,192608db42251d675da83286b1cce702)
Start importing Assets/DungeonMonsters2D/Animation/GolemMagma/AttackMagmaGolem.anim using Guid(3aae20a4cda3f634b92167c64f944392) Importer(2089858483,192608db42251d675da83286b1cce702) (ScriptedImporter) -> (artifact id: 'd3cade671974795f841f27b026b55a09') in 0.015004 seconds
Number of updated asset objects reloaded before import = 0Number of asset objects unloaded after import = 1

========================================================================
Received Import Request.
  Time since last request: 0.000020 seconds.
  path: Assets/DungeonMonsters2D/Animation/Skeleton/MoveSkeleton.anim
  artifactKey: Guid(2857b33705710334b86db2c622e5289b) Importer(2089858483,192608db42251d675da83286b1cce702)
Start importing Assets/DungeonMonsters2D/Animation/Skeleton/MoveSkeleton.anim using Guid(2857b33705710334b86db2c622e5289b) Importer(2089858483,192608db42251d675da83286b1cce702) (ScriptedImporter) -> (artifact id: '28b46f55d765230e79d603f74e30026a') in 0.0148471 seconds
Number of updated asset objects reloaded before import = 0Number of asset objects unloaded after import = 1

========================================================================
Received Import Request.
  Time since last request: 0.000028 seconds.
  path: Assets/DungeonMonsters2D/Animation/SkeletonArcher/SkeletonArcherAnimation.controller
  artifactKey: Guid(b68e3db23406db24e86aa0dc6ee3d730) Importer(2089858483,192608db42251d675da83286b1cce702)
Start importing Assets/DungeonMonsters2D/Animation/SkeletonArcher/SkeletonArcherAnimation.controller using Guid(b68e3db23406db24e86aa0dc6ee3d730) Importer(2089858483,192608db42251d675da83286b1cce702) (ScriptedImporter) -> (artifact id: '0e4f3581e7d336a8689a4caa860810eb') in 0.0232001 seconds
Number of updated asset objects reloaded before import = 0Number of asset objects unloaded after import = 38

========================================================================
Received Import Request.
  Time since last request: 0.000041 seconds.
  path: Assets/DungeonMonsters2D/Animation/SkeletonMage/SpecialAttackSkeletonMage.anim
  artifactKey: Guid(694362b2540aaaf468483501eca047b1) Importer(2089858483,192608db42251d675da83286b1cce702)
Start importing Assets/DungeonMonsters2D/Animation/SkeletonMage/SpecialAttackSkeletonMage.anim using Guid(694362b2540aaaf468483501eca047b1) Importer(2089858483,192608db42251d675da83286b1cce702) (ScriptedImporter) -> (artifact id: '3c888f3ea26c02d218c02f0fea85c351') in 0.0141748 seconds
Number of updated asset objects reloaded before import = 0Number of asset objects unloaded after import = 1

========================================================================
Received Import Request.
  Time since last request: 0.000017 seconds.
  path: Assets/DungeonMonsters2D/Animation/GolemWood/JumpWoodGolem.anim
  artifactKey: Guid(0b20386010dcf7e45aecbd0058eb2638) Importer(2089858483,192608db42251d675da83286b1cce702)
Start importing Assets/DungeonMonsters2D/Animation/GolemWood/JumpWoodGolem.anim using Guid(0b20386010dcf7e45aecbd0058eb2638) Importer(2089858483,192608db42251d675da83286b1cce702) (ScriptedImporter) -> (artifact id: 'd82b33a09ae88fe492822ded9ec99047') in 0.0147042 seconds
Number of updated asset objects reloaded before import = 0Number of asset objects unloaded after import = 1

========================================================================
Received Import Request.
  Time since last request: 0.000023 seconds.
  path: Assets/DungeonMonsters2D/Characters/Bat.prefab
  artifactKey: Guid(f4602107911282542bfd45e2bf6bb648) Importer(2089858483,192608db42251d675da83286b1cce702)
Start importing Assets/DungeonMonsters2D/Characters/Bat.prefab using Guid(f4602107911282542bfd45e2bf6bb648) Importer(2089858483,192608db42251d675da83286b1cce702) (ScriptedImporter) -> (artifact id: 'f090d63339e1517ffcb9bf978c84ceea') in 0.0493167 seconds
Number of updated asset objects reloaded before import = 0Number of asset objects unloaded after import = 93

========================================================================
Received Import Request.
  Time since last request: 0.000022 seconds.
  path: Assets/DungeonMonsters2D/Animation/Vampire/TalkVampire.anim
  artifactKey: Guid(f0f8eb4d3a856f14c98dc92586294260) Importer(2089858483,192608db42251d675da83286b1cce702)
Start importing Assets/DungeonMonsters2D/Animation/Vampire/TalkVampire.anim using Guid(f0f8eb4d3a856f14c98dc92586294260) Importer(2089858483,192608db42251d675da83286b1cce702) (ScriptedImporter) -> (artifact id: '977551985332e97a35aef23b2476e433') in 0.0150133 seconds
Number of updated asset objects reloaded before import = 0Number of asset objects unloaded after import = 1

========================================================================
Received Import Request.
  Time since last request: 0.000032 seconds.
  path: Assets/DungeonMonsters2D/Animation/Dragon/SpecialAttackDragon.anim
  artifactKey: Guid(322d2b45c4c3c6f47a34ff8e869b9047) Importer(2089858483,192608db42251d675da83286b1cce702)
Start importing Assets/DungeonMonsters2D/Animation/Dragon/SpecialAttackDragon.anim using Guid(322d2b45c4c3c6f47a34ff8e869b9047) Importer(2089858483,192608db42251d675da83286b1cce702) (ScriptedImporter) -> (artifact id: '079a91e43fd1e5e2acd70c928af5f0a7') in 0.0176989 seconds
Number of updated asset objects reloaded before import = 0Number of asset objects unloaded after import = 1

========================================================================
Received Import Request.
  Time since last request: 0.000033 seconds.
  path: Assets/DungeonMonsters2D/Animation/Bat/StunedBat.anim
  artifactKey: Guid(a1c8caf24d592bb4db0e29846c504fa5) Importer(2089858483,192608db42251d675da83286b1cce702)
Start importing Assets/DungeonMonsters2D/Animation/Bat/StunedBat.anim using Guid(a1c8caf24d592bb4db0e29846c504fa5) Importer(2089858483,192608db42251d675da83286b1cce702) (ScriptedImporter) -> (artifact id: '9cf79b2a1cc4752e3a5917622d07f58d') in 0.0135932 seconds
Number of updated asset objects reloaded before import = 0Number of asset objects unloaded after import = 1

========================================================================
Received Import Request.
  Time since last request: 0.000017 seconds.
  path: Assets/DungeonMonsters2D/Animation/GolemWood/MoveWoodGolem.anim
  artifactKey: Guid(81f050124de65af4ba4f2a6cd1ade80a) Importer(2089858483,192608db42251d675da83286b1cce702)
Start importing Assets/DungeonMonsters2D/Animation/GolemWood/MoveWoodGolem.anim using Guid(81f050124de65af4ba4f2a6cd1ade80a) Importer(2089858483,192608db42251d675da83286b1cce702) (ScriptedImporter) -> (artifact id: '95d42928553f57ec8b7794b5bfe6e89e') in 0.0161492 seconds
Number of updated asset objects reloaded before import = 0Number of asset objects unloaded after import = 1

========================================================================
Received Import Request.
  Time since last request: 0.000016 seconds.
  path: Assets/DungeonMonsters2D/Animation/GolemCrystal/StunedCrystalGolem.anim
  artifactKey: Guid(65ceb7a4b5f60df4e995e3a031fcd36a) Importer(2089858483,192608db42251d675da83286b1cce702)
Start importing Assets/DungeonMonsters2D/Animation/GolemCrystal/StunedCrystalGolem.anim using Guid(65ceb7a4b5f60df4e995e3a031fcd36a) Importer(2089858483,192608db42251d675da83286b1cce702) (ScriptedImporter) -> (artifact id: '834ac64cea9e4e949daf0592d3f57e3a') in 0.0149973 seconds
Number of updated asset objects reloaded before import = 0Number of asset objects unloaded after import = 1

========================================================================
Received Import Request.
  Time since last request: 0.000039 seconds.
  path: Assets/DungeonMonsters2D/Animation/GolemCrystal/MoveCrystalGolem.anim
  artifactKey: Guid(971538c78f1a0914e972bc0818d6af49) Importer(2089858483,192608db42251d675da83286b1cce702)
Start importing Assets/DungeonMonsters2D/Animation/GolemCrystal/MoveCrystalGolem.anim using Guid(971538c78f1a0914e972bc0818d6af49) Importer(2089858483,192608db42251d675da83286b1cce702) (ScriptedImporter) -> (artifact id: '13a380ccecf013aa0147b0cb25669120') in 0.015933 seconds
Number of updated asset objects reloaded before import = 0Number of asset objects unloaded after import = 1

========================================================================
Received Import Request.
  Time since last request: 0.000019 seconds.
  path: Assets/DungeonMonsters2D/Animation/GhostKnight/IdleGhostKnight.anim
  artifactKey: Guid(5a54c116ba2e8834ba85e27607c46173) Importer(2089858483,192608db42251d675da83286b1cce702)
Start importing Assets/DungeonMonsters2D/Animation/GhostKnight/IdleGhostKnight.anim using Guid(5a54c116ba2e8834ba85e27607c46173) Importer(2089858483,192608db42251d675da83286b1cce702) (ScriptedImporter) -> (artifact id: '7f086963173ede7b43397545b5dc2c8b') in 0.0127395 seconds
Number of updated asset objects reloaded before import = 0Number of asset objects unloaded after import = 1

========================================================================
Received Import Request.
  Time since last request: 0.000020 seconds.
  path: Assets/DungeonMonsters2D/Animation/GolemWood/TalkWoodGolem.anim
  artifactKey: Guid(e87c3e492d621c344a46a406cc90b003) Importer(2089858483,192608db42251d675da83286b1cce702)
Start importing Assets/DungeonMonsters2D/Animation/GolemWood/TalkWoodGolem.anim using Guid(e87c3e492d621c344a46a406cc90b003) Importer(2089858483,192608db42251d675da83286b1cce702) (ScriptedImporter) -> (artifact id: '758b6bca3e4afff7f9b466fc3bfd85ee') in 0.0133244 seconds
Number of updated asset objects reloaded before import = 0Number of asset objects unloaded after import = 1

========================================================================
Received Import Request.
  Time since last request: 0.000035 seconds.
  path: Assets/DungeonMonsters2D/Animation/GolemStone/StunedGolem.anim
  artifactKey: Guid(006be2e19eb3a2649988b447ae957179) Importer(2089858483,192608db42251d675da83286b1cce702)
Start importing Assets/DungeonMonsters2D/Animation/GolemStone/StunedGolem.anim using Guid(006be2e19eb3a2649988b447ae957179) Importer(2089858483,192608db42251d675da83286b1cce702) (ScriptedImporter) -> (artifact id: '2602af6efa150a5675df64e8ba4ab6c6') in 0.0150314 seconds
Number of updated asset objects reloaded before import = 0Number of asset objects unloaded after import = 1

========================================================================
Received Import Request.
  Time since last request: 0.000019 seconds.
  path: Assets/DungeonMonsters2D/Animation/Succubus/TalkSuccubus.anim
  artifactKey: Guid(f42076acb38bc4943b189caeaa141687) Importer(2089858483,192608db42251d675da83286b1cce702)
Start importing Assets/DungeonMonsters2D/Animation/Succubus/TalkSuccubus.anim using Guid(f42076acb38bc4943b189caeaa141687) Importer(2089858483,192608db42251d675da83286b1cce702) (ScriptedImporter) -> (artifact id: '06577f630a571ca7390729958b2a7235') in 0.0144911 seconds
Number of updated asset objects reloaded before import = 0Number of asset objects unloaded after import = 1

========================================================================
Received Import Request.
  Time since last request: 0.000021 seconds.
  path: Assets/DungeonMonsters2D/PSB/SuccubusPSB.psb
  artifactKey: Guid(5e039f09d2651164aa0e1e24931e817a) Importer(2089858483,192608db42251d675da83286b1cce702)
Start importing Assets/DungeonMonsters2D/PSB/SuccubusPSB.psb using Guid(5e039f09d2651164aa0e1e24931e817a) Importer(2089858483,192608db42251d675da83286b1cce702) (ScriptedImporter) -> (artifact id: '3f90a87e7d8675a6fbaee6ced6a4e41f') in 0.1984925 seconds
Number of updated asset objects reloaded before import = 0Number of asset objects unloaded after import = 133

========================================================================
Received Import Request.
  Time since last request: 0.000021 seconds.
  path: Assets/DungeonMonsters2D/Animation/GolemWood/IdleWoodGolem.anim
  artifactKey: Guid(5d4443907f70af5428657a4650209e91) Importer(2089858483,192608db42251d675da83286b1cce702)
Start importing Assets/DungeonMonsters2D/Animation/GolemWood/IdleWoodGolem.anim using Guid(5d4443907f70af5428657a4650209e91) Importer(2089858483,192608db42251d675da83286b1cce702) (ScriptedImporter) -> (artifact id: 'dfddf9b6a15388a002b04dc426f9ae91') in 0.0118337 seconds
Number of updated asset objects reloaded before import = 0Number of asset objects unloaded after import = 1

========================================================================
Received Import Request.
  Time since last request: 0.000030 seconds.
  path: Assets/DungeonMonsters2D/Animation/GolemStone/IdleGolem.anim
  artifactKey: Guid(b95937594cd6abe47a5634b6703997f6) Importer(2089858483,192608db42251d675da83286b1cce702)
Start importing Assets/DungeonMonsters2D/Animation/GolemStone/IdleGolem.anim using Guid(b95937594cd6abe47a5634b6703997f6) Importer(2089858483,192608db42251d675da83286b1cce702) (ScriptedImporter) -> (artifact id: '85ada4594c1671f49a6f7dfc77aefbca') in 0.010306 seconds
Number of updated asset objects reloaded before import = 0Number of asset objects unloaded after import = 1

========================================================================
Received Import Request.
  Time since last request: 0.000018 seconds.
  path: Assets/DungeonMonsters2D/PSB/BatMonsterPSB.psb
  artifactKey: Guid(9d177e320c2fd494ca52ef53483e680f) Importer(2089858483,192608db42251d675da83286b1cce702)
Start importing Assets/DungeonMonsters2D/PSB/BatMonsterPSB.psb using Guid(9d177e320c2fd494ca52ef53483e680f) Importer(2089858483,192608db42251d675da83286b1cce702) (ScriptedImporter) -> (artifact id: '144f249490e8ded3219c9986861c26aa') in 0.1014069 seconds
Number of updated asset objects reloaded before import = 0Number of asset objects unloaded after import = 52

========================================================================
Received Import Request.
  Time since last request: 0.000026 seconds.
  path: Assets/DungeonMonsters2D/PSB/DemonPSB.psb
  artifactKey: Guid(969c0a5913bda7748be57dddc5ee82f5) Importer(2089858483,192608db42251d675da83286b1cce702)
Start importing Assets/DungeonMonsters2D/PSB/DemonPSB.psb using Guid(969c0a5913bda7748be57dddc5ee82f5) Importer(2089858483,192608db42251d675da83286b1cce702) (ScriptedImporter) -> (artifact id: 'f8f47af0765373b127549f1d4ba50371') in 0.0981657 seconds
Number of updated asset objects reloaded before import = 0Number of asset objects unloaded after import = 69

========================================================================
Received Import Request.
  Time since last request: 0.000023 seconds.
  path: Assets/DungeonMonsters2D/UserInterface/DungeonImage.png
  artifactKey: Guid(4412c70600aa1c345a0b54debd817a5b) Importer(2089858483,192608db42251d675da83286b1cce702)
Start importing Assets/DungeonMonsters2D/UserInterface/DungeonImage.png using Guid(4412c70600aa1c345a0b54debd817a5b) Importer(2089858483,192608db42251d675da83286b1cce702) (ScriptedImporter) -> (artifact id: '6646467ec5f7f9372cdfb50bd5bedea2') in 0.0367408 seconds
Number of updated asset objects reloaded before import = 0Number of asset objects unloaded after import = 3

Editor requested this worker to shutdown with reason: Scaling down because of idle timeout
AssetImportWorker is now disconnected from the server
Process exiting
Exiting without the bug reporter. Application will terminate with return code 0