[Licensing::Module] Trying to connect to existing licensing client channel...
Built from '6000.2/respin/6000.2.7f1-2eb0c79396db' branch; Version is '6000.2.7f2 (2b518236b676) revision 2838914'; Using compiler version '194234433'; Build Type 'Release'
[Licensing::IpcConnector] Successfully connected to: "LicenseClient-hirot" at "2025-10-29T13:24:52.1688154Z"
OS: 'Windows 11  (10.0.26200) 64bit Core' Language: 'ja' Physical Memory: 32581 MB
BatchMode: 1, IsHumanControllingUs: 0, StartBugReporterOnCrash: 0, Is64bit: 1
Date: 2025-10-29T13:24:52Z

COMMAND LINE ARGUMENTS:
C:\Program Files\Unity\Hub\Editor\6000.2.7f2\Editor\Unity.exe
-adb2
-batchMode
-noUpm
-name
AssetImportWorker14
-projectPath
C:/Users/hirot/Game/Card-Game
-logFile
Logs/AssetImportWorker14.log
-srvPort
64244
-job-worker-count
11
-background-job-worker-count
8
-gc-helper-count
1
-name
AssetImport
Successfully changed project path to: C:/Users/hirot/Game/Card-Game
C:/Users/hirot/Game/Card-Game
[UnityMemory] Configuration Parameters - Can be set up in boot.config
    "memorysetup-allocator-temp-initial-block-size-main=262144"
    "memorysetup-allocator-temp-initial-block-size-worker=262144"
    "memorysetup-bucket-allocator-granularity=16"
    "memorysetup-bucket-allocator-bucket-count=8"
    "memorysetup-bucket-allocator-block-size=33554432"
    "memorysetup-bucket-allocator-block-count=8"
    "memorysetup-main-allocator-block-size=16777216"
    "memorysetup-thread-allocator-block-size=16777216"
    "memorysetup-gfx-main-allocator-block-size=16777216"
    "memorysetup-gfx-thread-allocator-block-size=16777216"
    "memorysetup-cache-allocator-block-size=4194304"
    "memorysetup-typetree-allocator-block-size=2097152"
    "memorysetup-profiler-bucket-allocator-granularity=16"
    "memorysetup-profiler-bucket-allocator-bucket-count=8"
    "memorysetup-profiler-bucket-allocator-block-size=33554432"
    "memorysetup-profiler-bucket-allocator-block-count=8"
    "memorysetup-profiler-allocator-block-size=16777216"
    "memorysetup-profiler-editor-allocator-block-size=1048576"
    "memorysetup-temp-allocator-size-main=16777216"
    "memorysetup-job-temp-allocator-block-size=2097152"
    "memorysetup-job-temp-allocator-block-size-background=1048576"
    "memorysetup-job-temp-allocator-reduction-small-platforms=262144"
    "memorysetup-temp-allocator-size-background-worker=32768"
    "memorysetup-temp-allocator-size-job-worker=262144"
    "memorysetup-temp-allocator-size-preload-manager=33554432"
    "memorysetup-temp-allocator-size-nav-mesh-worker=65536"
    "memorysetup-temp-allocator-size-audio-worker=65536"
    "memorysetup-temp-allocator-size-cloud-worker=32768"
    "memorysetup-temp-allocator-size-gi-baking-worker=262144"
    "memorysetup-temp-allocator-size-gi-baking-worker=262144"
    "memorysetup-temp-allocator-size-gi-baking-worker=262144"
    "memorysetup-temp-allocator-size-gi-baking-worker=262144"
    "memorysetup-temp-allocator-size-gi-baking-worker=262144"
    "memorysetup-temp-allocator-size-gfx=262144"
Player connection [37920]  Target information:

Player connection [37920]  * "[IP] 192.168.0.3 [Port] 0 [Flags] 2 [Guid] 1010152723 [EditorId] 1010152723 [Version] 1048832 [Id] WindowsEditor(7,DESKTOPAH) [Debug] 1 [PackageName] WindowsEditor [ProjectName] Editor" 

Player connection [37920] Host joined multi-casting on [225.0.0.222:54997]...
Player connection [37920] Host joined alternative multi-casting on [225.0.0.222:34997]...
JobSystem: Creating JobQueue using job-worker-count value 11
Input System module state changed to: Initialized.
[Physics::Module] Initialized fallback backend.
[Physics::Module] Id: 0xdecafbad
[Licensing::Client] Code 10 while verifying Licensing Client signature (process Id: 28572, path: "C:/Program Files/Unity Hub/UnityLicensingClient_V1/Unity.Licensing.Client.exe")
[Licensing::Module] LicensingClient has failed validation; ignoring
[Licensing::Client] Handshaking with LicensingClient:
  Version:                 1.17.3+a4e98f1
  Session Id:              57de70405d324116b22cf9efea4016e7
  Correlation Id:          657ee7b32d5bee62fcecd35319a45285
  External correlation Id: 2225453775413557607
  Machine Id:              XIQeEX9gaOvWoHS8EliWKbx6WX0=
[Licensing::Module] Successfully connected to LicensingClient on channel: "LicenseClient-hirot" (connect: 0.00s, validation: 0.00s, handshake: 0.05s)
[Licensing::IpcConnector] Successfully connected to: "LicenseClient-hirot-notifications" at "2025-10-29T13:24:52.220059Z"
[Licensing::Module] Licensing Background thread has ended after 0.05s
Library Redirect Path: Library/
[Physics::Module] Selected backend.
[Physics::Module] Name: PhysX
[Physics::Module] Id: 0xf2b8ea05
[Physics::Module] SDK Version: 4.1.2
[Physics::Module] Integration Version: 1.0.0
[Physics::Module] Threading Mode: Multi-Threaded
Refreshing native plugins compatible for Editor in 2.79 ms, found 4 plugins.
Preloading 0 native plugins for Editor in 0.00 ms.
Initialize engine version: 6000.2.7f2 (2b518236b676)
[Subsystems] Discovering subsystems at path C:/Program Files/Unity/Hub/Editor/6000.2.7f2/Editor/Data/Resources/UnitySubsystems
[Subsystems] Discovering subsystems at path C:/Users/hirot/Game/Card-Game/Assets
GfxDevice: creating device client; kGfxThreadingModeNonThreaded
Direct3D:
    Version:  Direct3D 11.0 [level 11.1]
    Renderer: NVIDIA GeForce RTX 3060 Ti (ID=0x2489)
    Vendor:   NVIDIA
    VRAM:     8024 MB
    Driver:   32.0.15.7640
Initialize mono
Mono path[0] = 'C:/Program Files/Unity/Hub/Editor/6000.2.7f2/Editor/Data/Managed'
Mono path[1] = 'C:/Program Files/Unity/Hub/Editor/6000.2.7f2/Editor/Data/MonoBleedingEdge/lib/mono/unityjit-win32'
Mono config path = 'C:/Program Files/Unity/Hub/Editor/6000.2.7f2/Editor/Data/MonoBleedingEdge/etc'
Using monoOptions --debugger-agent=transport=dt_socket,embedding=1,server=y,suspend=n,address=127.0.0.1:56000
Begin MonoManager ReloadAssembly
Registering precompiled unity dll's ...
Register platform support module: C:/Program Files/Unity/Hub/Editor/6000.2.7f2/Editor/Data/PlaybackEngines/WindowsStandaloneSupport/UnityEditor.WindowsStandalone.Extensions.dll
Registered in 0.001255 seconds.
- Loaded All Assemblies, in  0.312 seconds
Native extension for WindowsStandalone target not found
Mono: successfully reloaded assembly
- Finished resetting the current domain, in  0.258 seconds
Domain Reload Profiling: 568ms
	BeginReloadAssembly (105ms)
		ExecutionOrderSort (0ms)
		DisableScriptedObjects (0ms)
		BackupInstance (0ms)
		ReleaseScriptingObjects (0ms)
		CreateAndSetChildDomain (0ms)
	RebuildCommonClasses (27ms)
	RebuildNativeTypeToScriptingClass (8ms)
	initialDomainReloadingComplete (37ms)
	LoadAllAssembliesAndSetupDomain (133ms)
		LoadAssemblies (102ms)
		RebuildTransferFunctionScriptingTraits (0ms)
		AnalyzeDomain (130ms)
			TypeCache.Refresh (129ms)
				TypeCache.ScanAssembly (118ms)
			BuildScriptInfoCaches (0ms)
			ResolveRequiredComponents (1ms)
	FinalizeReload (258ms)
		ReleaseScriptCaches (0ms)
		RebuildScriptCaches (0ms)
		SetupLoadedEditorAssemblies (226ms)
			LogAssemblyErrors (0ms)
			InitializePlatformSupportModulesInManaged (37ms)
			SetLoadedEditorAssemblies (3ms)
			BeforeProcessingInitializeOnLoad (49ms)
			ProcessInitializeOnLoadAttributes (100ms)
			ProcessInitializeOnLoadMethodAttributes (37ms)
			AfterProcessingInitializeOnLoad (0ms)
			EditorAssembliesLoaded (0ms)
		ExecutionOrderSort2 (0ms)
		AwakeInstancesAfterBackupRestoration (0ms)
========================================================================
Worker process is ready to serve import requests
Import Worker Mode flag is 0x00
Begin MonoManager ReloadAssembly
[Licensing::Client] Successfully resolved entitlement details
[Licensing::Module] License group:
  Id: F4-9F7T-DDEE-Z6XH-NC3V-XXXX
  Product: Unity Personal
  Type: ULF
  Expiration: Unlimited
[Licensing::Module] License group:
  Id: 15668569634226-UnityPersXXXX
  Product: Unity Personal
  Type: Assigned
  Expiration: Unlimited
- Loaded All Assemblies, in  0.550 seconds
Refreshing native plugins compatible for Editor in 1.13 ms, found 4 plugins.
Native extension for WindowsStandalone target not found
Package Manager log level set to [2]
[Package Manager] Failed to launch server process. Reason: Unity was launched with the -noUpm command-line argument
[Package Manager] Unable to send message (not connected to server process).
[Package Manager] Cannot connect to Unity Package Manager local server
Mono: successfully reloaded assembly
- Finished resetting the current domain, in  0.534 seconds
Domain Reload Profiling: 1081ms
	BeginReloadAssembly (120ms)
		ExecutionOrderSort (0ms)
		DisableScriptedObjects (4ms)
		BackupInstance (0ms)
		ReleaseScriptingObjects (0ms)
		CreateAndSetChildDomain (19ms)
	RebuildCommonClasses (23ms)
	RebuildNativeTypeToScriptingClass (8ms)
	initialDomainReloadingComplete (27ms)
	LoadAllAssembliesAndSetupDomain (368ms)
		LoadAssemblies (253ms)
		RebuildTransferFunctionScriptingTraits (0ms)
		AnalyzeDomain (181ms)
			TypeCache.Refresh (128ms)
				TypeCache.ScanAssembly (116ms)
			BuildScriptInfoCaches (44ms)
			ResolveRequiredComponents (7ms)
	FinalizeReload (534ms)
		ReleaseScriptCaches (0ms)
		RebuildScriptCaches (0ms)
		SetupLoadedEditorAssemblies (434ms)
			LogAssemblyErrors (0ms)
			InitializePlatformSupportModulesInManaged (1ms)
			SetLoadedEditorAssemblies (3ms)
			BeforeProcessingInitializeOnLoad (95ms)
			ProcessInitializeOnLoadAttributes (258ms)
			ProcessInitializeOnLoadMethodAttributes (72ms)
			AfterProcessingInitializeOnLoad (4ms)
			EditorAssembliesLoaded (0ms)
		ExecutionOrderSort2 (0ms)
		AwakeInstancesAfterBackupRestoration (4ms)
Launched and connected shader compiler UnityShaderCompiler.exe after 0.01 seconds
Refreshing native plugins compatible for Editor in 1.90 ms, found 4 plugins.
Preloading 0 native plugins for Editor in 0.00 ms.
Unloading 36 Unused Serialized files (Serialized files now loaded: 0)
Unloading 6744 unused Assets / (6.9 MB). Loaded Objects now: 7448.
Memory consumption went from 151.0 MB to 144.1 MB.
Total: 10.177200 ms (FindLiveObjects: 0.578100 ms CreateObjectMapping: 0.581800 ms MarkObjects: 4.888700 ms  DeleteObjects: 4.127200 ms)

========================================================================
Received Import Request.
  Time since last request: 473286.541547 seconds.
  path: Assets/DungeonMonsters2D/Other/VampireBat0.png
  artifactKey: Guid(68d2ac1bd3aa99a4b8ef915f8e059692) Importer(815301076,1909f56bfc062723c751e8b465ee728b)
Start importing Assets/DungeonMonsters2D/Other/VampireBat0.png using Guid(68d2ac1bd3aa99a4b8ef915f8e059692) Importer(815301076,1909f56bfc062723c751e8b465ee728b) (PreviewImporter) -> (artifact id: '3ef552d3c505133c2d58445cd64c2ba8') in 0.0843686 seconds
Number of updated asset objects reloaded before import = 0Number of asset objects unloaded after import = 3

========================================================================
Received Import Request.
  Time since last request: 19.415550 seconds.
  path: Assets/DungeonMonsters2D/Animation/Vampire/MoveVampire.anim
  artifactKey: Guid(86d200afb3fd8564a9a32cca9351529f) Importer(2089858483,192608db42251d675da83286b1cce702)
Start importing Assets/DungeonMonsters2D/Animation/Vampire/MoveVampire.anim using Guid(86d200afb3fd8564a9a32cca9351529f) Importer(2089858483,192608db42251d675da83286b1cce702) (ScriptedImporter) -> (artifact id: 'd60aa194ba33d1bb0a2dad302cb45761') in 0.1840515 seconds
Number of updated asset objects reloaded before import = 0Number of asset objects unloaded after import = 1

========================================================================
Received Import Request.
  Time since last request: 0.000017 seconds.
  path: Assets/DungeonMonsters2D/Animation/Bat/BatAnimation.controller
  artifactKey: Guid(306eb45710a420042a9e0076592c04e1) Importer(2089858483,192608db42251d675da83286b1cce702)
Start importing Assets/DungeonMonsters2D/Animation/Bat/BatAnimation.controller using Guid(306eb45710a420042a9e0076592c04e1) Importer(2089858483,192608db42251d675da83286b1cce702) (ScriptedImporter) -> (artifact id: 'e9eec28ff04aab6fdfa358f626d1a305') in 0.0222197 seconds
Number of updated asset objects reloaded before import = 0Number of asset objects unloaded after import = 38

========================================================================
Received Import Request.
  Time since last request: 0.000026 seconds.
  path: Assets/DungeonMonsters2D/Animation/GolemCrystal/JumpCrystalGolem.anim
  artifactKey: Guid(3e0599ca66d58744192f68674fd0d217) Importer(2089858483,192608db42251d675da83286b1cce702)
Start importing Assets/DungeonMonsters2D/Animation/GolemCrystal/JumpCrystalGolem.anim using Guid(3e0599ca66d58744192f68674fd0d217) Importer(2089858483,192608db42251d675da83286b1cce702) (ScriptedImporter) -> (artifact id: 'f8ef7ff8fcfc8ee2a186eb65c0c1af7f') in 0.0147432 seconds
Number of updated asset objects reloaded before import = 0Number of asset objects unloaded after import = 1

========================================================================
Received Import Request.
  Time since last request: 0.000014 seconds.
  path: Assets/DungeonMonsters2D/Animation/Succubus
  artifactKey: Guid(ca43ee68fa3ac454fbd00af7b3445478) Importer(2089858483,192608db42251d675da83286b1cce702)
Start importing Assets/DungeonMonsters2D/Animation/Succubus using Guid(ca43ee68fa3ac454fbd00af7b3445478) Importer(2089858483,192608db42251d675da83286b1cce702) (ScriptedImporter) -> (artifact id: 'e48861183046b51ec7524508edbc99b7') in 0.0117249 seconds
Number of updated asset objects reloaded before import = 0Number of asset objects unloaded after import = 1

========================================================================
Received Import Request.
  Time since last request: 0.000010 seconds.
  path: Assets/DungeonMonsters2D/Animation/SkeletonMage/DeathSkeletonMage.anim
  artifactKey: Guid(796a7608e4c03824fb8d8feec3462273) Importer(2089858483,192608db42251d675da83286b1cce702)
Start importing Assets/DungeonMonsters2D/Animation/SkeletonMage/DeathSkeletonMage.anim using Guid(796a7608e4c03824fb8d8feec3462273) Importer(2089858483,192608db42251d675da83286b1cce702) (ScriptedImporter) -> (artifact id: '981e15ce47861c4dca858f3e9d029ea1') in 0.0134262 seconds
Number of updated asset objects reloaded before import = 0Number of asset objects unloaded after import = 1

========================================================================
Received Import Request.
  Time since last request: 0.000010 seconds.
  path: Assets/DungeonMonsters2D/PSB/KnightGhostPSB.psb
  artifactKey: Guid(2d014b189ab491f4dafca53e6cc4c4f8) Importer(2089858483,192608db42251d675da83286b1cce702)
Start importing Assets/DungeonMonsters2D/PSB/KnightGhostPSB.psb using Guid(2d014b189ab491f4dafca53e6cc4c4f8) Importer(2089858483,192608db42251d675da83286b1cce702) (ScriptedImporter) -> (artifact id: '90b36ccf7328434498123357b64dbf7c') in 0.1735707 seconds
Number of updated asset objects reloaded before import = 0Number of asset objects unloaded after import = 69

========================================================================
Received Import Request.
  Time since last request: 0.000014 seconds.
  path: Assets/DungeonMonsters2D/Animation/SkeletonMage/JumpSkeletonMage.anim
  artifactKey: Guid(7db97109cf4eca040b3e78b6f7f452a2) Importer(2089858483,192608db42251d675da83286b1cce702)
Start importing Assets/DungeonMonsters2D/Animation/SkeletonMage/JumpSkeletonMage.anim using Guid(7db97109cf4eca040b3e78b6f7f452a2) Importer(2089858483,192608db42251d675da83286b1cce702) (ScriptedImporter) -> (artifact id: '6e27f8d0ec11a9c80785095666d151ab') in 0.0123272 seconds
Number of updated asset objects reloaded before import = 0Number of asset objects unloaded after import = 1

========================================================================
Received Import Request.
  Time since last request: 0.000025 seconds.
  path: Assets/DungeonMonsters2D/Animation/Dragon/DragonAnimation.controller
  artifactKey: Guid(d262a21f8d0526746b3123e549ab5730) Importer(2089858483,192608db42251d675da83286b1cce702)
Start importing Assets/DungeonMonsters2D/Animation/Dragon/DragonAnimation.controller using Guid(d262a21f8d0526746b3123e549ab5730) Importer(2089858483,192608db42251d675da83286b1cce702) (ScriptedImporter) -> (artifact id: 'b61b582755b8cdea41e37b3619cc73f5') in 0.026856 seconds
Number of updated asset objects reloaded before import = 0Number of asset objects unloaded after import = 38

========================================================================
Received Import Request.
  Time since last request: 0.000013 seconds.
  path: Assets/DungeonMonsters2D/Animation/Succubus/AttackSuccubus.anim
  artifactKey: Guid(d214f299598abb74185f25a23a6d3a28) Importer(2089858483,192608db42251d675da83286b1cce702)
Start importing Assets/DungeonMonsters2D/Animation/Succubus/AttackSuccubus.anim using Guid(d214f299598abb74185f25a23a6d3a28) Importer(2089858483,192608db42251d675da83286b1cce702) (ScriptedImporter) -> (artifact id: '89ce6068032363e32f2a362935eb3212') in 0.0151548 seconds
Number of updated asset objects reloaded before import = 0Number of asset objects unloaded after import = 1

========================================================================
Received Import Request.
  Time since last request: 0.000011 seconds.
  path: Assets/DungeonMonsters2D/Animation/Ghost/JumpGhost.anim
  artifactKey: Guid(8ad0ebb3726e33544a5233fd61d15784) Importer(2089858483,192608db42251d675da83286b1cce702)
Start importing Assets/DungeonMonsters2D/Animation/Ghost/JumpGhost.anim using Guid(8ad0ebb3726e33544a5233fd61d15784) Importer(2089858483,192608db42251d675da83286b1cce702) (ScriptedImporter) -> (artifact id: '79bab618c9feb61dd7ed57d5efdedb64') in 0.0151019 seconds
Number of updated asset objects reloaded before import = 0Number of asset objects unloaded after import = 1

========================================================================
Received Import Request.
  Time since last request: 0.000018 seconds.
  path: Assets/DungeonMonsters2D/Animation/Succubus/StunedSuccubus.anim
  artifactKey: Guid(97091ad6a995faf48b1e7562319116b6) Importer(2089858483,192608db42251d675da83286b1cce702)
Start importing Assets/DungeonMonsters2D/Animation/Succubus/StunedSuccubus.anim using Guid(97091ad6a995faf48b1e7562319116b6) Importer(2089858483,192608db42251d675da83286b1cce702) (ScriptedImporter) -> (artifact id: '5ce2af571d7763a7214a63653c847756') in 0.0168251 seconds
Number of updated asset objects reloaded before import = 0Number of asset objects unloaded after import = 1

========================================================================
Received Import Request.
  Time since last request: 0.000013 seconds.
  path: Assets/DungeonMonsters2D/Animation/GolemStone
  artifactKey: Guid(a1433c85a3c8524419c203b78004d8a2) Importer(2089858483,192608db42251d675da83286b1cce702)
Start importing Assets/DungeonMonsters2D/Animation/GolemStone using Guid(a1433c85a3c8524419c203b78004d8a2) Importer(2089858483,192608db42251d675da83286b1cce702) (ScriptedImporter) -> (artifact id: 'e567319fd5846acf2ded3bd3a80edf07') in 0.0109278 seconds
Number of updated asset objects reloaded before import = 0Number of asset objects unloaded after import = 1

========================================================================
Received Import Request.
  Time since last request: 0.000015 seconds.
  path: Assets/DungeonMonsters2D/Animation/Skeleton/DeathSkeleton.anim
  artifactKey: Guid(a5c0fc9156fa3894cb33fa3814130551) Importer(2089858483,192608db42251d675da83286b1cce702)
Start importing Assets/DungeonMonsters2D/Animation/Skeleton/DeathSkeleton.anim using Guid(a5c0fc9156fa3894cb33fa3814130551) Importer(2089858483,192608db42251d675da83286b1cce702) (ScriptedImporter) -> (artifact id: '7ada8305ea0ba9f6e01d51292b1ef051') in 0.0146353 seconds
Number of updated asset objects reloaded before import = 0Number of asset objects unloaded after import = 1

========================================================================
Received Import Request.
  Time since last request: 0.000023 seconds.
  path: Assets/DungeonMonsters2D/Animation/SkeletonMage/AttackSkeletonMage.anim
  artifactKey: Guid(4d1d4290575494c448e555021c921f32) Importer(2089858483,192608db42251d675da83286b1cce702)
Start importing Assets/DungeonMonsters2D/Animation/SkeletonMage/AttackSkeletonMage.anim using Guid(4d1d4290575494c448e555021c921f32) Importer(2089858483,192608db42251d675da83286b1cce702) (ScriptedImporter) -> (artifact id: '16ebd2e156c4d3366041104088cc5673') in 0.0140152 seconds
Number of updated asset objects reloaded before import = 0Number of asset objects unloaded after import = 1

========================================================================
Received Import Request.
  Time since last request: 0.000023 seconds.
  path: Assets/DungeonMonsters2D/Animation/GolemCrystal/TalkCrystalGolem.anim
  artifactKey: Guid(a83f8b10cf89fba4999228f174b4094a) Importer(2089858483,192608db42251d675da83286b1cce702)
Start importing Assets/DungeonMonsters2D/Animation/GolemCrystal/TalkCrystalGolem.anim using Guid(a83f8b10cf89fba4999228f174b4094a) Importer(2089858483,192608db42251d675da83286b1cce702) (ScriptedImporter) -> (artifact id: '9c533464983b5e1fab7379123ea8c609') in 0.0168506 seconds
Number of updated asset objects reloaded before import = 0Number of asset objects unloaded after import = 1

========================================================================
Received Import Request.
  Time since last request: 0.000011 seconds.
  path: Assets/DungeonMonsters2D/Other/BatFly.png
  artifactKey: Guid(a59b91e288d46734485e908c9de012b6) Importer(2089858483,192608db42251d675da83286b1cce702)
Start importing Assets/DungeonMonsters2D/Other/BatFly.png using Guid(a59b91e288d46734485e908c9de012b6) Importer(2089858483,192608db42251d675da83286b1cce702) (ScriptedImporter) -> (artifact id: '016dd0d5e7451df5eed0a2fde1230218') in 0.0330458 seconds
Number of updated asset objects reloaded before import = 0Number of asset objects unloaded after import = 3

========================================================================
Received Import Request.
  Time since last request: 0.000016 seconds.
  path: Assets/DungeonMonsters2D/Animation/GhostKnight/DeathGhostKnight.anim
  artifactKey: Guid(b96b63ebd53d9db498cbec30f1c3e625) Importer(2089858483,192608db42251d675da83286b1cce702)
Start importing Assets/DungeonMonsters2D/Animation/GhostKnight/DeathGhostKnight.anim using Guid(b96b63ebd53d9db498cbec30f1c3e625) Importer(2089858483,192608db42251d675da83286b1cce702) (ScriptedImporter) -> (artifact id: 'a22772a8d1f8002cd774911c1bed40ea') in 0.015684 seconds
Number of updated asset objects reloaded before import = 0Number of asset objects unloaded after import = 1

========================================================================
Received Import Request.
  Time since last request: 0.000023 seconds.
  path: Assets/DungeonMonsters2D/Animation/Skeleton/AttackSkeleton.anim
  artifactKey: Guid(acec95ad22855d343b9d633faecbf079) Importer(2089858483,192608db42251d675da83286b1cce702)
Start importing Assets/DungeonMonsters2D/Animation/Skeleton/AttackSkeleton.anim using Guid(acec95ad22855d343b9d633faecbf079) Importer(2089858483,192608db42251d675da83286b1cce702) (ScriptedImporter) -> (artifact id: '48995ae21fe3024b36c37dc681377eca') in 0.0131873 seconds
Number of updated asset objects reloaded before import = 0Number of asset objects unloaded after import = 1

========================================================================
Received Import Request.
  Time since last request: 0.000019 seconds.
  path: Assets/DungeonMonsters2D/Animation/GolemMagma/MagmaGolemAnimation.controller
  artifactKey: Guid(0a6fd1e456f08f74985dcd897c3c6260) Importer(2089858483,192608db42251d675da83286b1cce702)
Start importing Assets/DungeonMonsters2D/Animation/GolemMagma/MagmaGolemAnimation.controller using Guid(0a6fd1e456f08f74985dcd897c3c6260) Importer(2089858483,192608db42251d675da83286b1cce702) (ScriptedImporter) -> (artifact id: 'd4ae4eda8762ef4549be158cc07b9e3f') in 0.0248861 seconds
Number of updated asset objects reloaded before import = 0Number of asset objects unloaded after import = 38

========================================================================
Received Import Request.
  Time since last request: 0.000012 seconds.
  path: Assets/DungeonMonsters2D/Animation/GolemStone/JumpGolem.anim
  artifactKey: Guid(68b0e6f23925bea4fa02091dbceda92f) Importer(2089858483,192608db42251d675da83286b1cce702)
Start importing Assets/DungeonMonsters2D/Animation/GolemStone/JumpGolem.anim using Guid(68b0e6f23925bea4fa02091dbceda92f) Importer(2089858483,192608db42251d675da83286b1cce702) (ScriptedImporter) -> (artifact id: 'a01b756631a4c62bd16ac8fa20b41b55') in 0.0165451 seconds
Number of updated asset objects reloaded before import = 0Number of asset objects unloaded after import = 1

========================================================================
Received Import Request.
  Time since last request: 0.000017 seconds.
  path: Assets/DungeonMonsters2D/Animation/Vampire/ClimbVampire.anim
  artifactKey: Guid(eea45292ba627d541bcc011d90078777) Importer(2089858483,192608db42251d675da83286b1cce702)
Start importing Assets/DungeonMonsters2D/Animation/Vampire/ClimbVampire.anim using Guid(eea45292ba627d541bcc011d90078777) Importer(2089858483,192608db42251d675da83286b1cce702) (ScriptedImporter) -> (artifact id: '8149283daa1cdd535b4000886832c8ce') in 0.0141914 seconds
Number of updated asset objects reloaded before import = 0Number of asset objects unloaded after import = 1

========================================================================
Received Import Request.
  Time since last request: 0.000015 seconds.
  path: Assets/DungeonMonsters2D/Animation/Bat/DeathBat.anim
  artifactKey: Guid(67eeb263f64bcd440be334f6192156fc) Importer(2089858483,192608db42251d675da83286b1cce702)
Start importing Assets/DungeonMonsters2D/Animation/Bat/DeathBat.anim using Guid(67eeb263f64bcd440be334f6192156fc) Importer(2089858483,192608db42251d675da83286b1cce702) (ScriptedImporter) -> (artifact id: '0ed7563080357d2f55158c4a4e1b097f') in 0.0129717 seconds
Number of updated asset objects reloaded before import = 0Number of asset objects unloaded after import = 1

========================================================================
Received Import Request.
  Time since last request: 0.000013 seconds.
  path: Assets/DungeonMonsters2D/Animation/Spider/IdleSpider.anim
  artifactKey: Guid(b12121e3b62cb3e44a9d7bd35cb35c00) Importer(2089858483,192608db42251d675da83286b1cce702)
Start importing Assets/DungeonMonsters2D/Animation/Spider/IdleSpider.anim using Guid(b12121e3b62cb3e44a9d7bd35cb35c00) Importer(2089858483,192608db42251d675da83286b1cce702) (ScriptedImporter) -> (artifact id: '151cb532540b5fb32aba0c2380152d1b') in 0.0129527 seconds
Number of updated asset objects reloaded before import = 0Number of asset objects unloaded after import = 1

========================================================================
Received Import Request.
  Time since last request: 0.000023 seconds.
  path: Assets/DungeonMonsters2D/Animation/Butcher/JumpButcher.anim
  artifactKey: Guid(9217a0ead76379b409a40160d9aeefa1) Importer(2089858483,192608db42251d675da83286b1cce702)
Start importing Assets/DungeonMonsters2D/Animation/Butcher/JumpButcher.anim using Guid(9217a0ead76379b409a40160d9aeefa1) Importer(2089858483,192608db42251d675da83286b1cce702) (ScriptedImporter) -> (artifact id: '13eb965a34300f24aa2e9d147e463cd8') in 0.0142121 seconds
Number of updated asset objects reloaded before import = 0Number of asset objects unloaded after import = 1

========================================================================
Received Import Request.
  Time since last request: 0.000016 seconds.
  path: Assets/DungeonMonsters2D/Animation/GolemWood/ClimbWoodGolem.anim
  artifactKey: Guid(1c7f4e6287c3a66468453a657b4462cd) Importer(2089858483,192608db42251d675da83286b1cce702)
Start importing Assets/DungeonMonsters2D/Animation/GolemWood/ClimbWoodGolem.anim using Guid(1c7f4e6287c3a66468453a657b4462cd) Importer(2089858483,192608db42251d675da83286b1cce702) (ScriptedImporter) -> (artifact id: 'd621c8c0f6e9da16631e0f26d8cf47b7') in 0.0144612 seconds
Number of updated asset objects reloaded before import = 0Number of asset objects unloaded after import = 1

========================================================================
Received Import Request.
  Time since last request: 0.000013 seconds.
  path: Assets/DungeonMonsters2D/Animation/Vampire
  artifactKey: Guid(26ece19c9c939ed43b61a25d25d1b834) Importer(2089858483,192608db42251d675da83286b1cce702)
Start importing Assets/DungeonMonsters2D/Animation/Vampire using Guid(26ece19c9c939ed43b61a25d25d1b834) Importer(2089858483,192608db42251d675da83286b1cce702) (ScriptedImporter) -> (artifact id: '88be752f99cfe6c5e7f2f363a34f6953') in 0.0109065 seconds
Number of updated asset objects reloaded before import = 0Number of asset objects unloaded after import = 1

========================================================================
Received Import Request.
  Time since last request: 0.000011 seconds.
  path: Assets/DungeonMonsters2D/Animation/SkeletonArcher/SpecialAttackSkeletonArcher.anim
  artifactKey: Guid(df10ae1cdebc7214f937059b158f330a) Importer(2089858483,192608db42251d675da83286b1cce702)
Start importing Assets/DungeonMonsters2D/Animation/SkeletonArcher/SpecialAttackSkeletonArcher.anim using Guid(df10ae1cdebc7214f937059b158f330a) Importer(2089858483,192608db42251d675da83286b1cce702) (ScriptedImporter) -> (artifact id: 'fe2e4e4b94814de1ed2b9c3322832f53') in 0.0175519 seconds
Number of updated asset objects reloaded before import = 0Number of asset objects unloaded after import = 1

========================================================================
Received Import Request.
  Time since last request: 0.000016 seconds.
  path: Assets/DungeonMonsters2D/Animation/ZombieWarrior
  artifactKey: Guid(d34fd59eb624b7840b745787bd2c3296) Importer(2089858483,192608db42251d675da83286b1cce702)
Start importing Assets/DungeonMonsters2D/Animation/ZombieWarrior using Guid(d34fd59eb624b7840b745787bd2c3296) Importer(2089858483,192608db42251d675da83286b1cce702) (ScriptedImporter) -> (artifact id: '35a39049f198a3a8d90a111ca604252a') in 0.0112499 seconds
Number of updated asset objects reloaded before import = 0Number of asset objects unloaded after import = 1

========================================================================
Received Import Request.
  Time since last request: 0.000012 seconds.
  path: Assets/DungeonMonsters2D/UserInterface/StartMenu.cs
  artifactKey: Guid(7587c7095b7eb44459b8a784d51874cd) Importer(2089858483,192608db42251d675da83286b1cce702)
Start importing Assets/DungeonMonsters2D/UserInterface/StartMenu.cs using Guid(7587c7095b7eb44459b8a784d51874cd) Importer(2089858483,192608db42251d675da83286b1cce702) (ScriptedImporter) -> (artifact id: '5d91944b9a654276ee0dd602ec79c471') in 0.0109105 seconds
Number of updated asset objects reloaded before import = 0Number of asset objects unloaded after import = 0

========================================================================
Received Import Request.
  Time since last request: 0.000020 seconds.
  path: Assets/DungeonMonsters2D/Animation/GhostKnight/GhostKnightAnimation.controller
  artifactKey: Guid(3231a9aa61a9ee24cbff8a63ca041e95) Importer(2089858483,192608db42251d675da83286b1cce702)
Start importing Assets/DungeonMonsters2D/Animation/GhostKnight/GhostKnightAnimation.controller using Guid(3231a9aa61a9ee24cbff8a63ca041e95) Importer(2089858483,192608db42251d675da83286b1cce702) (ScriptedImporter) -> (artifact id: 'f9ec83c75552f571969df33594bf823a') in 0.0216808 seconds
Number of updated asset objects reloaded before import = 0Number of asset objects unloaded after import = 38

========================================================================
Received Import Request.
  Time since last request: 0.000012 seconds.
  path: Assets/DungeonMonsters2D/Animation/SkeletonArcher/DeathSkeletonArcher.anim
  artifactKey: Guid(842fdc5dc9c8b4a4e9fd9b0d821b928b) Importer(2089858483,192608db42251d675da83286b1cce702)
Start importing Assets/DungeonMonsters2D/Animation/SkeletonArcher/DeathSkeletonArcher.anim using Guid(842fdc5dc9c8b4a4e9fd9b0d821b928b) Importer(2089858483,192608db42251d675da83286b1cce702) (ScriptedImporter) -> (artifact id: '1123482a972900f97fa1a746924d9ccb') in 0.0130753 seconds
Number of updated asset objects reloaded before import = 0Number of asset objects unloaded after import = 1

========================================================================
Received Import Request.
  Time since last request: 0.000014 seconds.
  path: Assets/DungeonMonsters2D/Characters/Demon.prefab
  artifactKey: Guid(0b5757230de2ac846926c905719e30e3) Importer(2089858483,192608db42251d675da83286b1cce702)
Start importing Assets/DungeonMonsters2D/Characters/Demon.prefab using Guid(0b5757230de2ac846926c905719e30e3) Importer(2089858483,192608db42251d675da83286b1cce702) (ScriptedImporter) -> (artifact id: '7452aa015bd230c6561bb765e16449f4') in 0.0601428 seconds
Number of updated asset objects reloaded before import = 0Number of asset objects unloaded after import = 110

========================================================================
Received Import Request.
  Time since last request: 0.000019 seconds.
  path: Assets/DungeonMonsters2D/Animation/Zombie/TalkZombie.anim
  artifactKey: Guid(34579f5169fcd7f4393199384d06f450) Importer(2089858483,192608db42251d675da83286b1cce702)
Start importing Assets/DungeonMonsters2D/Animation/Zombie/TalkZombie.anim using Guid(34579f5169fcd7f4393199384d06f450) Importer(2089858483,192608db42251d675da83286b1cce702) (ScriptedImporter) -> (artifact id: 'd1c5f975675711f57e520a563ce0b642') in 0.0162898 seconds
Number of updated asset objects reloaded before import = 0Number of asset objects unloaded after import = 1

========================================================================
Received Import Request.
  Time since last request: 0.000014 seconds.
  path: Assets/DungeonMonsters2D/UserInterface/Arrow_right_silver.png
  artifactKey: Guid(23c7b8c1bfbe7ba4f92ccec44ee885cb) Importer(2089858483,192608db42251d675da83286b1cce702)
Start importing Assets/DungeonMonsters2D/UserInterface/Arrow_right_silver.png using Guid(23c7b8c1bfbe7ba4f92ccec44ee885cb) Importer(2089858483,192608db42251d675da83286b1cce702) (ScriptedImporter) -> (artifact id: '343c7bfdffd26a202d49bec53382d652') in 0.0183374 seconds
Number of updated asset objects reloaded before import = 0Number of asset objects unloaded after import = 3

========================================================================
Received Import Request.
  Time since last request: 0.000020 seconds.
  path: Assets/DungeonMonsters2D/Animation/Vampire/AttackVampire.anim
  artifactKey: Guid(bcc70ff3261de3b4fa1d08c400532a9f) Importer(2089858483,192608db42251d675da83286b1cce702)
Start importing Assets/DungeonMonsters2D/Animation/Vampire/AttackVampire.anim using Guid(bcc70ff3261de3b4fa1d08c400532a9f) Importer(2089858483,192608db42251d675da83286b1cce702) (ScriptedImporter) -> (artifact id: '98814ab334f6f8dc690d400462bc0b5a') in 0.0146745 seconds
Number of updated asset objects reloaded before import = 0Number of asset objects unloaded after import = 1

========================================================================
Received Import Request.
  Time since last request: 0.000010 seconds.
  path: Assets/DungeonMonsters2D/Animation/Ghost/ClimbGhost.anim
  artifactKey: Guid(d51f1d7efc5c9a44d9051ea5760e2bf9) Importer(2089858483,192608db42251d675da83286b1cce702)
Start importing Assets/DungeonMonsters2D/Animation/Ghost/ClimbGhost.anim using Guid(d51f1d7efc5c9a44d9051ea5760e2bf9) Importer(2089858483,192608db42251d675da83286b1cce702) (ScriptedImporter) -> (artifact id: 'f42187e17f96eb96869343ac0feb4aee') in 0.0139188 seconds
Number of updated asset objects reloaded before import = 0Number of asset objects unloaded after import = 1

========================================================================
Received Import Request.
  Time since last request: 0.000012 seconds.
  path: Assets/DungeonMonsters2D/Animation/Imp/ImpAnimation.controller
  artifactKey: Guid(7981ceac3010a2447a5ef0978aa94dac) Importer(2089858483,192608db42251d675da83286b1cce702)
Start importing Assets/DungeonMonsters2D/Animation/Imp/ImpAnimation.controller using Guid(7981ceac3010a2447a5ef0978aa94dac) Importer(2089858483,192608db42251d675da83286b1cce702) (ScriptedImporter) -> (artifact id: '7906ee2d16e70fcfeba582018342a890') in 0.0203486 seconds
Number of updated asset objects reloaded before import = 0Number of asset objects unloaded after import = 38

========================================================================
Received Import Request.
  Time since last request: 0.000015 seconds.
  path: Assets/DungeonMonsters2D/Animation/Spider
  artifactKey: Guid(8c09c7297d7dfd74e81140bb94fbec3b) Importer(2089858483,192608db42251d675da83286b1cce702)
Start importing Assets/DungeonMonsters2D/Animation/Spider using Guid(8c09c7297d7dfd74e81140bb94fbec3b) Importer(2089858483,192608db42251d675da83286b1cce702) (ScriptedImporter) -> (artifact id: 'eb74a8b9d6822c96d086ac51bd3e2fe9') in 0.0113077 seconds
Number of updated asset objects reloaded before import = 0Number of asset objects unloaded after import = 1

========================================================================
Received Import Request.
  Time since last request: 0.000018 seconds.
  path: Assets/DungeonMonsters2D/Animation/GhostKnight/ClimbGhostKnight.anim
  artifactKey: Guid(53c9a0bd986f27f42b7d81bebfc25bb9) Importer(2089858483,192608db42251d675da83286b1cce702)
Start importing Assets/DungeonMonsters2D/Animation/GhostKnight/ClimbGhostKnight.anim using Guid(53c9a0bd986f27f42b7d81bebfc25bb9) Importer(2089858483,192608db42251d675da83286b1cce702) (ScriptedImporter) -> (artifact id: '0cbcb0f392f0dbc2f4c9885c8b65c3b6') in 0.0143005 seconds
Number of updated asset objects reloaded before import = 0Number of asset objects unloaded after import = 1

========================================================================
Received Import Request.
  Time since last request: 0.000012 seconds.
  path: Assets/DungeonMonsters2D/Other/VampireBat3.png
  artifactKey: Guid(bf1a50dd3d1acda43b35ab845238364e) Importer(2089858483,192608db42251d675da83286b1cce702)
Start importing Assets/DungeonMonsters2D/Other/VampireBat3.png using Guid(bf1a50dd3d1acda43b35ab845238364e) Importer(2089858483,192608db42251d675da83286b1cce702) (ScriptedImporter) -> (artifact id: '4b8552d2b7f1dde7a23d706e5f5e078a') in 0.0199604 seconds
Number of updated asset objects reloaded before import = 0Number of asset objects unloaded after import = 3

========================================================================
Received Import Request.
  Time since last request: 0.000031 seconds.
  path: Assets/DungeonMonsters2D/UserInterface
  artifactKey: Guid(976119fb423e3c048bedb0f4ceccb3f4) Importer(2089858483,192608db42251d675da83286b1cce702)
Start importing Assets/DungeonMonsters2D/UserInterface using Guid(976119fb423e3c048bedb0f4ceccb3f4) Importer(2089858483,192608db42251d675da83286b1cce702) (ScriptedImporter) -> (artifact id: '1d641bbaa1c3a62524b79f200dfe16f6') in 0.0118641 seconds
Number of updated asset objects reloaded before import = 0Number of asset objects unloaded after import = 1

========================================================================
Received Import Request.
  Time since last request: 0.000013 seconds.
  path: Assets/DungeonMonsters2D/Animation/GolemWood/GolemWoodAnimation.controller
  artifactKey: Guid(7720506a478a6a04db110825b5871d08) Importer(2089858483,192608db42251d675da83286b1cce702)
Start importing Assets/DungeonMonsters2D/Animation/GolemWood/GolemWoodAnimation.controller using Guid(7720506a478a6a04db110825b5871d08) Importer(2089858483,192608db42251d675da83286b1cce702) (ScriptedImporter) -> (artifact id: '33e079c4625375fbd42a44989ec41607') in 0.0210934 seconds
Number of updated asset objects reloaded before import = 0Number of asset objects unloaded after import = 36

========================================================================
Received Import Request.
  Time since last request: 0.000013 seconds.
  path: Assets/DungeonMonsters2D/Animation/Skeleton/StunedSkeleton.anim
  artifactKey: Guid(8b9c059b720a24d47b170a33e3498401) Importer(2089858483,192608db42251d675da83286b1cce702)
Start importing Assets/DungeonMonsters2D/Animation/Skeleton/StunedSkeleton.anim using Guid(8b9c059b720a24d47b170a33e3498401) Importer(2089858483,192608db42251d675da83286b1cce702) (ScriptedImporter) -> (artifact id: '98b6ed2a891f6dcde5ceac49228c2daa') in 0.0171866 seconds
Number of updated asset objects reloaded before import = 0Number of asset objects unloaded after import = 1

========================================================================
Received Import Request.
  Time since last request: 0.000015 seconds.
  path: Assets/DungeonMonsters2D/Animation/Demon
  artifactKey: Guid(0f748b12889602c4d8e0b2952bd95d93) Importer(2089858483,192608db42251d675da83286b1cce702)
Start importing Assets/DungeonMonsters2D/Animation/Demon using Guid(0f748b12889602c4d8e0b2952bd95d93) Importer(2089858483,192608db42251d675da83286b1cce702) (ScriptedImporter) -> (artifact id: '9472a0df30681e352cd3b00415c5a0b5') in 0.0121199 seconds
Number of updated asset objects reloaded before import = 0Number of asset objects unloaded after import = 1

========================================================================
Received Import Request.
  Time since last request: 0.000016 seconds.
  path: Assets/DungeonMonsters2D/Animation/Dragon/ClimbDragon.anim
  artifactKey: Guid(e265f65128d6bee49ad37d177488a169) Importer(2089858483,192608db42251d675da83286b1cce702)
Start importing Assets/DungeonMonsters2D/Animation/Dragon/ClimbDragon.anim using Guid(e265f65128d6bee49ad37d177488a169) Importer(2089858483,192608db42251d675da83286b1cce702) (ScriptedImporter) -> (artifact id: '02551ccac20b7c0bcc45f40609d28ab7') in 0.0153793 seconds
Number of updated asset objects reloaded before import = 0Number of asset objects unloaded after import = 1

========================================================================
Received Import Request.
  Time since last request: 0.000014 seconds.
  path: Assets/DungeonMonsters2D/Animation/Spider/TalkSpider.anim
  artifactKey: Guid(88ce9092091e34841be9af5569720103) Importer(2089858483,192608db42251d675da83286b1cce702)
Start importing Assets/DungeonMonsters2D/Animation/Spider/TalkSpider.anim using Guid(88ce9092091e34841be9af5569720103) Importer(2089858483,192608db42251d675da83286b1cce702) (ScriptedImporter) -> (artifact id: '65f94e12f04d73a251f71cf0eedf5c28') in 0.0142919 seconds
Number of updated asset objects reloaded before import = 0Number of asset objects unloaded after import = 1

========================================================================
Received Import Request.
  Time since last request: 0.000019 seconds.
  path: Assets/DungeonMonsters2D/Animation/SkeletonArcher/ClimbSkeletonArcher.anim
  artifactKey: Guid(ecd4df7e19dbca54aa83e66000798ee6) Importer(2089858483,192608db42251d675da83286b1cce702)
Start importing Assets/DungeonMonsters2D/Animation/SkeletonArcher/ClimbSkeletonArcher.anim using Guid(ecd4df7e19dbca54aa83e66000798ee6) Importer(2089858483,192608db42251d675da83286b1cce702) (ScriptedImporter) -> (artifact id: '5f0bc24617ec1f419045bbe23bc195e2') in 0.014401 seconds
Number of updated asset objects reloaded before import = 0Number of asset objects unloaded after import = 1

========================================================================
Received Import Request.
  Time since last request: 0.000010 seconds.
  path: Assets/DungeonMonsters2D/Scene
  artifactKey: Guid(34e30d80e260b98479c2207e552445e3) Importer(2089858483,192608db42251d675da83286b1cce702)
Start importing Assets/DungeonMonsters2D/Scene using Guid(34e30d80e260b98479c2207e552445e3) Importer(2089858483,192608db42251d675da83286b1cce702) (ScriptedImporter) -> (artifact id: '58c3f453b34fc65efd9fd4e8de34cec6') in 0.0093031 seconds
Number of updated asset objects reloaded before import = 0Number of asset objects unloaded after import = 1

========================================================================
Received Import Request.
  Time since last request: 0.000011 seconds.
  path: Assets/DungeonMonsters2D/Animation/Demon/JumpDemon.anim
  artifactKey: Guid(d38d95cb5c121264d98754ed2d2200b9) Importer(2089858483,192608db42251d675da83286b1cce702)
Start importing Assets/DungeonMonsters2D/Animation/Demon/JumpDemon.anim using Guid(d38d95cb5c121264d98754ed2d2200b9) Importer(2089858483,192608db42251d675da83286b1cce702) (ScriptedImporter) -> (artifact id: '4a417b89d23b98cb199b9abbfaec0f3c') in 0.0131393 seconds
Number of updated asset objects reloaded before import = 0Number of asset objects unloaded after import = 1

========================================================================
Received Import Request.
  Time since last request: 0.000020 seconds.
  path: Assets/DungeonMonsters2D/Animation/Succubus/MoveSuccubus.anim
  artifactKey: Guid(696c423484cc95c4795e26e9a14a74e4) Importer(2089858483,192608db42251d675da83286b1cce702)
Start importing Assets/DungeonMonsters2D/Animation/Succubus/MoveSuccubus.anim using Guid(696c423484cc95c4795e26e9a14a74e4) Importer(2089858483,192608db42251d675da83286b1cce702) (ScriptedImporter) -> (artifact id: '5450d3785b232e24939d9801bd5b4fc7') in 0.0161461 seconds
Number of updated asset objects reloaded before import = 0Number of asset objects unloaded after import = 1

========================================================================
Received Import Request.
  Time since last request: 0.000011 seconds.
  path: Assets/DungeonMonsters2D/Animation/ZombieWarrior/MoveZombieWarrior.anim
  artifactKey: Guid(e47b624d5e1ac7844aebfd1bc4b05f93) Importer(2089858483,192608db42251d675da83286b1cce702)
Start importing Assets/DungeonMonsters2D/Animation/ZombieWarrior/MoveZombieWarrior.anim using Guid(e47b624d5e1ac7844aebfd1bc4b05f93) Importer(2089858483,192608db42251d675da83286b1cce702) (ScriptedImporter) -> (artifact id: '000f3ced7f848ea6359aa12a5e3932af') in 0.0154107 seconds
Number of updated asset objects reloaded before import = 0Number of asset objects unloaded after import = 1

========================================================================
Received Import Request.
  Time since last request: 0.000017 seconds.
  path: Assets/DungeonMonsters2D/Characters/CrystalGolem.prefab
  artifactKey: Guid(abb08ce993549f04ea69db5809d42793) Importer(2089858483,192608db42251d675da83286b1cce702)
Start importing Assets/DungeonMonsters2D/Characters/CrystalGolem.prefab using Guid(abb08ce993549f04ea69db5809d42793) Importer(2089858483,192608db42251d675da83286b1cce702) (ScriptedImporter) -> (artifact id: '6a45f4adb49f4aa7b9b1ee73d5c29a9d') in 0.0302952 seconds
Number of updated asset objects reloaded before import = 0Number of asset objects unloaded after import = 149

========================================================================
Received Import Request.
  Time since last request: 0.000022 seconds.
  path: Assets/DungeonMonsters2D/Animation/Ghost
  artifactKey: Guid(383ad312514246544ac3fa9635fed96f) Importer(2089858483,192608db42251d675da83286b1cce702)
Start importing Assets/DungeonMonsters2D/Animation/Ghost using Guid(383ad312514246544ac3fa9635fed96f) Importer(2089858483,192608db42251d675da83286b1cce702) (ScriptedImporter) -> (artifact id: '8d0d7255f5a55b66484341aee46b2057') in 0.0104147 seconds
Number of updated asset objects reloaded before import = 0Number of asset objects unloaded after import = 1

========================================================================
Received Import Request.
  Time since last request: 0.000013 seconds.
  path: Assets/DungeonMonsters2D/Animation/SkeletonArcher/AttackSkeletonArcher.anim
  artifactKey: Guid(708f0f67059ad8441a92d16381784c91) Importer(2089858483,192608db42251d675da83286b1cce702)
Start importing Assets/DungeonMonsters2D/Animation/SkeletonArcher/AttackSkeletonArcher.anim using Guid(708f0f67059ad8441a92d16381784c91) Importer(2089858483,192608db42251d675da83286b1cce702) (ScriptedImporter) -> (artifact id: '25f70679d8e8a5b52818ff9cc8ceabde') in 0.0172914 seconds
Number of updated asset objects reloaded before import = 0Number of asset objects unloaded after import = 1

Editor requested this worker to shutdown with reason: Scaling down because of idle timeout
AssetImportWorker is now disconnected from the server
Process exiting
Exiting without the bug reporter. Application will terminate with return code 0