[Licensing::Module] Trying to connect to existing licensing client channel...
Built from '6000.2/respin/6000.2.7f1-2eb0c79396db' branch; Version is '6000.2.7f2 (2b518236b676) revision 2838914'; Using compiler version '194234433'; Build Type 'Release'
[Licensing::IpcConnector] Successfully connected to: "LicenseClient-hirot" at "2025-10-29T13:06:51.4987923Z"
OS: 'Windows 11  (10.0.26200) 64bit Core' Language: 'ja' Physical Memory: 32581 MB
BatchMode: 1, IsHumanControllingUs: 0, StartBugReporterOnCrash: 0, Is64bit: 1
Date: 2025-10-29T13:06:51Z

COMMAND LINE ARGUMENTS:
C:\Program Files\Unity\Hub\Editor\6000.2.7f2\Editor\Unity.exe
-adb2
-batchMode
-noUpm
-name
AssetImportWorker9
-projectPath
C:/Users/hirot/Game/Card-Game
-logFile
Logs/AssetImportWorker9.log
-srvPort
64244
-job-worker-count
11
-background-job-worker-count
8
-gc-helper-count
1
-name
AssetImport
Successfully changed project path to: C:/Users/hirot/Game/Card-Game
C:/Users/hirot/Game/Card-Game
[UnityMemory] Configuration Parameters - Can be set up in boot.config
    "memorysetup-allocator-temp-initial-block-size-main=262144"
    "memorysetup-allocator-temp-initial-block-size-worker=262144"
    "memorysetup-bucket-allocator-granularity=16"
    "memorysetup-bucket-allocator-bucket-count=8"
    "memorysetup-bucket-allocator-block-size=33554432"
    "memorysetup-bucket-allocator-block-count=8"
    "memorysetup-main-allocator-block-size=16777216"
    "memorysetup-thread-allocator-block-size=16777216"
    "memorysetup-gfx-main-allocator-block-size=16777216"
    "memorysetup-gfx-thread-allocator-block-size=16777216"
    "memorysetup-cache-allocator-block-size=4194304"
    "memorysetup-typetree-allocator-block-size=2097152"
    "memorysetup-profiler-bucket-allocator-granularity=16"
    "memorysetup-profiler-bucket-allocator-bucket-count=8"
    "memorysetup-profiler-bucket-allocator-block-size=33554432"
    "memorysetup-profiler-bucket-allocator-block-count=8"
    "memorysetup-profiler-allocator-block-size=16777216"
    "memorysetup-profiler-editor-allocator-block-size=1048576"
    "memorysetup-temp-allocator-size-main=16777216"
    "memorysetup-job-temp-allocator-block-size=2097152"
    "memorysetup-job-temp-allocator-block-size-background=1048576"
    "memorysetup-job-temp-allocator-reduction-small-platforms=262144"
    "memorysetup-temp-allocator-size-background-worker=32768"
    "memorysetup-temp-allocator-size-job-worker=262144"
    "memorysetup-temp-allocator-size-preload-manager=33554432"
    "memorysetup-temp-allocator-size-nav-mesh-worker=65536"
    "memorysetup-temp-allocator-size-audio-worker=65536"
    "memorysetup-temp-allocator-size-cloud-worker=32768"
    "memorysetup-temp-allocator-size-gi-baking-worker=262144"
    "memorysetup-temp-allocator-size-gi-baking-worker=262144"
    "memorysetup-temp-allocator-size-gi-baking-worker=262144"
    "memorysetup-temp-allocator-size-gi-baking-worker=262144"
    "memorysetup-temp-allocator-size-gi-baking-worker=262144"
    "memorysetup-temp-allocator-size-gfx=262144"
Player connection [10516]  Target information:

Player connection [10516]  * "[IP] 192.168.0.3 [Port] 0 [Flags] 2 [Guid] 1497418486 [EditorId] 1497418486 [Version] 1048832 [Id] WindowsEditor(7,DESKTOPAH) [Debug] 1 [PackageName] WindowsEditor [ProjectName] Editor" 

Player connection [10516] Host joined multi-casting on [225.0.0.222:54997]...
Player connection [10516] Host joined alternative multi-casting on [225.0.0.222:34997]...
JobSystem: Creating JobQueue using job-worker-count value 11
Input System module state changed to: Initialized.
[Physics::Module] Initialized fallback backend.
[Physics::Module] Id: 0xdecafbad
[Licensing::Client] Code 10 while verifying Licensing Client signature (process Id: 28572, path: "C:/Program Files/Unity Hub/UnityLicensingClient_V1/Unity.Licensing.Client.exe")
[Licensing::Module] LicensingClient has failed validation; ignoring
[Licensing::Client] Handshaking with LicensingClient:
  Version:                 1.17.3+a4e98f1
  Session Id:              b638b8f5d9534c6f9b1394d97588ff22
  Correlation Id:          657ee7b32d5bee62fcecd35319a45285
  External correlation Id: 7607389112971356540
  Machine Id:              XIQeEX9gaOvWoHS8EliWKbx6WX0=
[Licensing::Module] Successfully connected to LicensingClient on channel: "LicenseClient-hirot" (connect: 0.00s, validation: 0.00s, handshake: 0.03s)
[Licensing::IpcConnector] Successfully connected to: "LicenseClient-hirot-notifications" at "2025-10-29T13:06:51.5349853Z"
[Licensing::Module] Licensing Background thread has ended after 0.04s
Library Redirect Path: Library/
[Physics::Module] Selected backend.
[Physics::Module] Name: PhysX
[Physics::Module] Id: 0xf2b8ea05
[Physics::Module] SDK Version: 4.1.2
[Physics::Module] Integration Version: 1.0.0
[Physics::Module] Threading Mode: Multi-Threaded
Refreshing native plugins compatible for Editor in 4.15 ms, found 4 plugins.
Preloading 0 native plugins for Editor in 0.00 ms.
Initialize engine version: 6000.2.7f2 (2b518236b676)
[Subsystems] Discovering subsystems at path C:/Program Files/Unity/Hub/Editor/6000.2.7f2/Editor/Data/Resources/UnitySubsystems
[Subsystems] Discovering subsystems at path C:/Users/hirot/Game/Card-Game/Assets
GfxDevice: creating device client; kGfxThreadingModeNonThreaded
Direct3D:
    Version:  Direct3D 11.0 [level 11.1]
    Renderer: NVIDIA GeForce RTX 3060 Ti (ID=0x2489)
    Vendor:   NVIDIA
    VRAM:     8024 MB
    Driver:   32.0.15.7640
Initialize mono
Mono path[0] = 'C:/Program Files/Unity/Hub/Editor/6000.2.7f2/Editor/Data/Managed'
Mono path[1] = 'C:/Program Files/Unity/Hub/Editor/6000.2.7f2/Editor/Data/MonoBleedingEdge/lib/mono/unityjit-win32'
Mono config path = 'C:/Program Files/Unity/Hub/Editor/6000.2.7f2/Editor/Data/MonoBleedingEdge/etc'
Using monoOptions --debugger-agent=transport=dt_socket,embedding=1,server=y,suspend=n,address=127.0.0.1:56544
Begin MonoManager ReloadAssembly
Registering precompiled unity dll's ...
Register platform support module: C:/Program Files/Unity/Hub/Editor/6000.2.7f2/Editor/Data/PlaybackEngines/WindowsStandaloneSupport/UnityEditor.WindowsStandalone.Extensions.dll
Registered in 0.001311 seconds.
- Loaded All Assemblies, in  0.292 seconds
Native extension for WindowsStandalone target not found
Mono: successfully reloaded assembly
- Finished resetting the current domain, in  0.237 seconds
Domain Reload Profiling: 526ms
	BeginReloadAssembly (98ms)
		ExecutionOrderSort (0ms)
		DisableScriptedObjects (0ms)
		BackupInstance (0ms)
		ReleaseScriptingObjects (0ms)
		CreateAndSetChildDomain (0ms)
	RebuildCommonClasses (26ms)
	RebuildNativeTypeToScriptingClass (8ms)
	initialDomainReloadingComplete (39ms)
	LoadAllAssembliesAndSetupDomain (118ms)
		LoadAssemblies (95ms)
		RebuildTransferFunctionScriptingTraits (0ms)
		AnalyzeDomain (116ms)
			TypeCache.Refresh (115ms)
				TypeCache.ScanAssembly (102ms)
			BuildScriptInfoCaches (0ms)
			ResolveRequiredComponents (0ms)
	FinalizeReload (237ms)
		ReleaseScriptCaches (0ms)
		RebuildScriptCaches (0ms)
		SetupLoadedEditorAssemblies (206ms)
			LogAssemblyErrors (0ms)
			InitializePlatformSupportModulesInManaged (36ms)
			SetLoadedEditorAssemblies (3ms)
			BeforeProcessingInitializeOnLoad (53ms)
			ProcessInitializeOnLoadAttributes (81ms)
			ProcessInitializeOnLoadMethodAttributes (33ms)
			AfterProcessingInitializeOnLoad (0ms)
			EditorAssembliesLoaded (0ms)
		ExecutionOrderSort2 (0ms)
		AwakeInstancesAfterBackupRestoration (0ms)
========================================================================
Worker process is ready to serve import requests
Import Worker Mode flag is 0x00
Begin MonoManager ReloadAssembly
[Licensing::Client] Successfully resolved entitlement details
[Licensing::Module] License group:
  Id: F4-9F7T-DDEE-Z6XH-NC3V-XXXX
  Product: Unity Personal
  Type: ULF
  Expiration: Unlimited
[Licensing::Module] License group:
  Id: 15668569634226-UnityPersXXXX
  Product: Unity Personal
  Type: Assigned
  Expiration: Unlimited
- Loaded All Assemblies, in  0.563 seconds
Refreshing native plugins compatible for Editor in 0.95 ms, found 4 plugins.
Native extension for WindowsStandalone target not found
Package Manager log level set to [2]
[Package Manager] Failed to launch server process. Reason: Unity was launched with the -noUpm command-line argument
[Package Manager] Unable to send message (not connected to server process).
[Package Manager] Cannot connect to Unity Package Manager local server
Mono: successfully reloaded assembly
- Finished resetting the current domain, in  0.534 seconds
Domain Reload Profiling: 1093ms
	BeginReloadAssembly (125ms)
		ExecutionOrderSort (0ms)
		DisableScriptedObjects (4ms)
		BackupInstance (0ms)
		ReleaseScriptingObjects (0ms)
		CreateAndSetChildDomain (20ms)
	RebuildCommonClasses (31ms)
	RebuildNativeTypeToScriptingClass (8ms)
	initialDomainReloadingComplete (30ms)
	LoadAllAssembliesAndSetupDomain (365ms)
		LoadAssemblies (258ms)
		RebuildTransferFunctionScriptingTraits (0ms)
		AnalyzeDomain (174ms)
			TypeCache.Refresh (128ms)
				TypeCache.ScanAssembly (116ms)
			BuildScriptInfoCaches (37ms)
			ResolveRequiredComponents (6ms)
	FinalizeReload (534ms)
		ReleaseScriptCaches (0ms)
		RebuildScriptCaches (0ms)
		SetupLoadedEditorAssemblies (437ms)
			LogAssemblyErrors (0ms)
			InitializePlatformSupportModulesInManaged (1ms)
			SetLoadedEditorAssemblies (3ms)
			BeforeProcessingInitializeOnLoad (93ms)
			ProcessInitializeOnLoadAttributes (261ms)
			ProcessInitializeOnLoadMethodAttributes (73ms)
			AfterProcessingInitializeOnLoad (4ms)
			EditorAssembliesLoaded (0ms)
		ExecutionOrderSort2 (0ms)
		AwakeInstancesAfterBackupRestoration (4ms)
Launched and connected shader compiler UnityShaderCompiler.exe after 0.01 seconds
Refreshing native plugins compatible for Editor in 1.76 ms, found 4 plugins.
Preloading 0 native plugins for Editor in 0.00 ms.
Unloading 36 Unused Serialized files (Serialized files now loaded: 0)
Unloading 6744 unused Assets / (7.5 MB). Loaded Objects now: 7448.
Memory consumption went from 150.9 MB to 143.4 MB.
Total: 12.205600 ms (FindLiveObjects: 0.820700 ms CreateObjectMapping: 0.580900 ms MarkObjects: 5.778100 ms  DeleteObjects: 5.024400 ms)

========================================================================
Received Prepare
Begin MonoManager ReloadAssembly
[Licensing::Client] Successfully resolved entitlement details
[Licensing::Module] License group:
  Id: F4-9F7T-DDEE-Z6XH-NC3V-XXXX
  Product: Unity Personal
  Type: ULF
  Expiration: Unlimited
[Licensing::Module] License group:
  Id: 15668569634226-UnityPersXXXX
  Product: Unity Personal
  Type: Assigned
  Expiration: Unlimited
- Loaded All Assemblies, in  0.522 seconds
Refreshing native plugins compatible for Editor in 1.33 ms, found 4 plugins.
Native extension for WindowsStandalone target not found
[Package Manager] Failed to launch server process. Reason: Unity was launched with the -noUpm command-line argument
[Package Manager] Unable to send message (not connected to server process).
[Package Manager] Cannot connect to Unity Package Manager local server
Mono: successfully reloaded assembly
- Finished resetting the current domain, in  0.487 seconds
Domain Reload Profiling: 1009ms
	BeginReloadAssembly (159ms)
		ExecutionOrderSort (0ms)
		DisableScriptedObjects (10ms)
		BackupInstance (0ms)
		ReleaseScriptingObjects (0ms)
		CreateAndSetChildDomain (35ms)
	RebuildCommonClasses (23ms)
	RebuildNativeTypeToScriptingClass (9ms)
	initialDomainReloadingComplete (21ms)
	LoadAllAssembliesAndSetupDomain (309ms)
		LoadAssemblies (253ms)
		RebuildTransferFunctionScriptingTraits (0ms)
		AnalyzeDomain (125ms)
			TypeCache.Refresh (5ms)
				TypeCache.ScanAssembly (0ms)
			BuildScriptInfoCaches (109ms)
			ResolveRequiredComponents (6ms)
	FinalizeReload (488ms)
		ReleaseScriptCaches (0ms)
		RebuildScriptCaches (0ms)
		SetupLoadedEditorAssemblies (384ms)
			LogAssemblyErrors (0ms)
			InitializePlatformSupportModulesInManaged (1ms)
			SetLoadedEditorAssemblies (4ms)
			BeforeProcessingInitializeOnLoad (88ms)
			ProcessInitializeOnLoadAttributes (246ms)
			ProcessInitializeOnLoadMethodAttributes (40ms)
			AfterProcessingInitializeOnLoad (4ms)
			EditorAssembliesLoaded (0ms)
		ExecutionOrderSort2 (0ms)
		AwakeInstancesAfterBackupRestoration (10ms)
Refreshing native plugins compatible for Editor in 2.11 ms, found 4 plugins.
Preloading 0 native plugins for Editor in 0.00 ms.
Unloading 35 Unused Serialized files (Serialized files now loaded: 0)
Unloading 6742 unused Assets / (7.5 MB). Loaded Objects now: 7452.
Memory consumption went from 151.7 MB to 144.2 MB.
Total: 10.940200 ms (FindLiveObjects: 0.674700 ms CreateObjectMapping: 0.634100 ms MarkObjects: 4.816600 ms  DeleteObjects: 4.813400 ms)

Prepare: number of updated asset objects reloaded= 0
========================================================================
Received Import Request.
  Time since last request: 473280.610264 seconds.
  path: Assets/DungeonMonsters2D/UserInterface/Button_Wood.png
  artifactKey: Guid(a67b9d91b27be3e449f3f1e30e15bf0c) Importer(815301076,1909f56bfc062723c751e8b465ee728b)
Start importing Assets/DungeonMonsters2D/UserInterface/Button_Wood.png using Guid(a67b9d91b27be3e449f3f1e30e15bf0c) Importer(815301076,1909f56bfc062723c751e8b465ee728b) (PreviewImporter) -> (artifact id: 'c77a5aaa0b7345e81cafbec796e8bdd1') in 0.0912968 seconds
Number of updated asset objects reloaded before import = 0Number of asset objects unloaded after import = 3

========================================================================
Received Import Request.
  Time since last request: 0.000023 seconds.
  path: Assets/DungeonMonsters2D/UserInterface/Georgia.ttf
  artifactKey: Guid(b339b690cea70d343a8c1e480c4ed331) Importer(815301076,1909f56bfc062723c751e8b465ee728b)
Start importing Assets/DungeonMonsters2D/UserInterface/Georgia.ttf using Guid(b339b690cea70d343a8c1e480c4ed331) Importer(815301076,1909f56bfc062723c751e8b465ee728b) (PreviewImporter) -> (artifact id: 'f9ae60ec4672835fd102f620e5029fba') in 0.2501037 seconds
Number of updated asset objects reloaded before import = 0Number of asset objects unloaded after import = 4

========================================================================
Received Import Request.
  Time since last request: 0.000036 seconds.
  path: Assets/DungeonMonsters2D/UserInterface/text_frame_black2.png
  artifactKey: Guid(dcc8dce507571514d87a006c8cf327bf) Importer(815301076,1909f56bfc062723c751e8b465ee728b)
Start importing Assets/DungeonMonsters2D/UserInterface/text_frame_black2.png using Guid(dcc8dce507571514d87a006c8cf327bf) Importer(815301076,1909f56bfc062723c751e8b465ee728b) (PreviewImporter) -> (artifact id: 'a59deb5500a33694d3abdeda58dfe095') in 0.014928 seconds
Number of updated asset objects reloaded before import = 0Number of asset objects unloaded after import = 3

========================================================================
Received Import Request.
  Time since last request: 1.943931 seconds.
  path: Assets/DungeonMonsters2D/PSB/CrystalGolemPSB.psb
  artifactKey: Guid(b16ac1c23537dde4ba3a4c3987ced0ed) Importer(815301076,1909f56bfc062723c751e8b465ee728b)
Start importing Assets/DungeonMonsters2D/PSB/CrystalGolemPSB.psb using Guid(b16ac1c23537dde4ba3a4c3987ced0ed) Importer(815301076,1909f56bfc062723c751e8b465ee728b) (PreviewImporter) -> (artifact id: '152192ca2f660435798f2d586916ba8f') in 0.1910708 seconds
Number of updated asset objects reloaded before import = 0Number of asset objects unloaded after import = 108

========================================================================
Received Import Request.
  Time since last request: 0.000028 seconds.
  path: Assets/DungeonMonsters2D/PSB/WoodGolemPSB.psb
  artifactKey: Guid(d3a4d37e4243c4846a6bdc18e45349ec) Importer(815301076,1909f56bfc062723c751e8b465ee728b)
Start importing Assets/DungeonMonsters2D/PSB/WoodGolemPSB.psb using Guid(d3a4d37e4243c4846a6bdc18e45349ec) Importer(815301076,1909f56bfc062723c751e8b465ee728b) (PreviewImporter) -> (artifact id: 'bcf0f537d9fb6ff3ebbad0280f6241b6') in 0.1007682 seconds
Number of updated asset objects reloaded before import = 0Number of asset objects unloaded after import = 108

========================================================================
Received Import Request.
  Time since last request: 0.000028 seconds.
  path: Assets/DungeonMonsters2D/PSB/SuccubusPSB.psb
  artifactKey: Guid(5e039f09d2651164aa0e1e24931e817a) Importer(815301076,1909f56bfc062723c751e8b465ee728b)
Start importing Assets/DungeonMonsters2D/PSB/SuccubusPSB.psb using Guid(5e039f09d2651164aa0e1e24931e817a) Importer(815301076,1909f56bfc062723c751e8b465ee728b) (PreviewImporter) -> (artifact id: '0225f1c6aa08e0ca7af9e6a0cf4ea300') in 0.1006337 seconds
Number of updated asset objects reloaded before import = 0Number of asset objects unloaded after import = 133

========================================================================
Received Import Request.
  Time since last request: 0.000023 seconds.
  path: Assets/DungeonMonsters2D/PSB/SkeletonArcherPSB.psb
  artifactKey: Guid(b1581a5dd68a7254fbd6ff24a7ee8ba6) Importer(815301076,1909f56bfc062723c751e8b465ee728b)
Start importing Assets/DungeonMonsters2D/PSB/SkeletonArcherPSB.psb using Guid(b1581a5dd68a7254fbd6ff24a7ee8ba6) Importer(815301076,1909f56bfc062723c751e8b465ee728b) (PreviewImporter) -> (artifact id: '0fb035c3c5c1aac3c566652591171afb') in 0.0980937 seconds
Number of updated asset objects reloaded before import = 0Number of asset objects unloaded after import = 117

========================================================================
Received Import Request.
  Time since last request: 0.000034 seconds.
  path: Assets/DungeonMonsters2D/PSB/SkeletonMagePSB.psb
  artifactKey: Guid(fb0cc0d4077b90246bb7a0c85c6d4d95) Importer(815301076,1909f56bfc062723c751e8b465ee728b)
Start importing Assets/DungeonMonsters2D/PSB/SkeletonMagePSB.psb using Guid(fb0cc0d4077b90246bb7a0c85c6d4d95) Importer(815301076,1909f56bfc062723c751e8b465ee728b) (PreviewImporter) -> (artifact id: 'ccbef57d4959b36d968c40a60ad42759') in 0.0691806 seconds
Number of updated asset objects reloaded before import = 0Number of asset objects unloaded after import = 72

========================================================================
Received Import Request.
  Time since last request: 0.000026 seconds.
  path: Assets/DungeonMonsters2D/PSB/StoneGolemPSB.psb
  artifactKey: Guid(675cbe2d8fee82d409bd601d86bf4ea7) Importer(815301076,1909f56bfc062723c751e8b465ee728b)
Start importing Assets/DungeonMonsters2D/PSB/StoneGolemPSB.psb using Guid(675cbe2d8fee82d409bd601d86bf4ea7) Importer(815301076,1909f56bfc062723c751e8b465ee728b) (PreviewImporter) -> (artifact id: '7eae721ebdd52cedd7855b5509216bb2') in 0.0995225 seconds
Number of updated asset objects reloaded before import = 0Number of asset objects unloaded after import = 108

========================================================================
Received Import Request.
  Time since last request: 0.000022 seconds.
  path: Assets/DungeonMonsters2D/PSB/ZombieBossPSB.psb
  artifactKey: Guid(ab1032f710b1a1b4398b8087753b3a3e) Importer(815301076,1909f56bfc062723c751e8b465ee728b)
Start importing Assets/DungeonMonsters2D/PSB/ZombieBossPSB.psb using Guid(ab1032f710b1a1b4398b8087753b3a3e) Importer(815301076,1909f56bfc062723c751e8b465ee728b) (PreviewImporter) -> (artifact id: 'ed6e2d16a90ca2bb4d1fe59e281bfce9') in 0.079597 seconds
Number of updated asset objects reloaded before import = 0Number of asset objects unloaded after import = 95

========================================================================
Received Import Request.
  Time since last request: 2.609204 seconds.
  path: Assets/DungeonMonsters2D/Other/StoneProjectile.png
  artifactKey: Guid(db2cb8f03c8d7044c9a8b35233aaa2d7) Importer(815301076,1909f56bfc062723c751e8b465ee728b)
Start importing Assets/DungeonMonsters2D/Other/StoneProjectile.png using Guid(db2cb8f03c8d7044c9a8b35233aaa2d7) Importer(815301076,1909f56bfc062723c751e8b465ee728b) (PreviewImporter) -> (artifact id: 'c229df98d97d38dad539b6454258553b') in 0.0199999 seconds
Number of updated asset objects reloaded before import = 0Number of asset objects unloaded after import = 3

========================================================================
Received Import Request.
  Time since last request: 0.000022 seconds.
  path: Assets/DungeonMonsters2D/Other/VampireBat3.png
  artifactKey: Guid(bf1a50dd3d1acda43b35ab845238364e) Importer(815301076,1909f56bfc062723c751e8b465ee728b)
Start importing Assets/DungeonMonsters2D/Other/VampireBat3.png using Guid(bf1a50dd3d1acda43b35ab845238364e) Importer(815301076,1909f56bfc062723c751e8b465ee728b) (PreviewImporter) -> (artifact id: 'cb4a401b9775b81e85314ce7cf05f0ad') in 0.0169587 seconds
Number of updated asset objects reloaded before import = 0Number of asset objects unloaded after import = 3

========================================================================
Received Import Request.
  Time since last request: 19.434734 seconds.
  path: Assets/DungeonMonsters2D/Animation/SkeletonMage/IdleSkeletonMage.anim
  artifactKey: Guid(23c59f902cb50f6479e99eef7c1a7e0c) Importer(2089858483,192608db42251d675da83286b1cce702)
Start importing Assets/DungeonMonsters2D/Animation/SkeletonMage/IdleSkeletonMage.anim using Guid(23c59f902cb50f6479e99eef7c1a7e0c) Importer(2089858483,192608db42251d675da83286b1cce702) (ScriptedImporter) -> (artifact id: 'd8876fc9312835f3694216aaa6a23724') in 0.1743813 seconds
Number of updated asset objects reloaded before import = 0Number of asset objects unloaded after import = 1

========================================================================
Received Import Request.
  Time since last request: 0.000021 seconds.
  path: Assets/DungeonMonsters2D/Animation/Zombie/ClimbZombie.anim
  artifactKey: Guid(8d3767ede32a4af47947acddae7a55c9) Importer(2089858483,192608db42251d675da83286b1cce702)
Start importing Assets/DungeonMonsters2D/Animation/Zombie/ClimbZombie.anim using Guid(8d3767ede32a4af47947acddae7a55c9) Importer(2089858483,192608db42251d675da83286b1cce702) (ScriptedImporter) -> (artifact id: 'b731a0914cf686977971dbe65f46bd47') in 0.0145122 seconds
Number of updated asset objects reloaded before import = 0Number of asset objects unloaded after import = 1

========================================================================
Received Import Request.
  Time since last request: 0.000026 seconds.
  path: Assets/DungeonMonsters2D/Animation/GhostKnight/MoveGhostKnight.anim
  artifactKey: Guid(dcb2293e74e71d34589d444d9fe64fa6) Importer(2089858483,192608db42251d675da83286b1cce702)
Start importing Assets/DungeonMonsters2D/Animation/GhostKnight/MoveGhostKnight.anim using Guid(dcb2293e74e71d34589d444d9fe64fa6) Importer(2089858483,192608db42251d675da83286b1cce702) (ScriptedImporter) -> (artifact id: 'cb5aec524afb9a1d7ee1f70f4cac8a38') in 0.0146464 seconds
Number of updated asset objects reloaded before import = 0Number of asset objects unloaded after import = 1

========================================================================
Received Import Request.
  Time since last request: 0.000021 seconds.
  path: Assets/DungeonMonsters2D/Animation/Dragon/AttackDragon.anim
  artifactKey: Guid(4020475e6c70aa048a82148d116ce43e) Importer(2089858483,192608db42251d675da83286b1cce702)
Start importing Assets/DungeonMonsters2D/Animation/Dragon/AttackDragon.anim using Guid(4020475e6c70aa048a82148d116ce43e) Importer(2089858483,192608db42251d675da83286b1cce702) (ScriptedImporter) -> (artifact id: 'bc3e9c5f04f2b5b83790adb976f67e10') in 0.0120178 seconds
Number of updated asset objects reloaded before import = 0Number of asset objects unloaded after import = 1

========================================================================
Received Import Request.
  Time since last request: 0.000018 seconds.
  path: Assets/DungeonMonsters2D/Animation/Ghost/IdleGhost.anim
  artifactKey: Guid(1748bc05cbd73734da057729fb1aaf68) Importer(2089858483,192608db42251d675da83286b1cce702)
Start importing Assets/DungeonMonsters2D/Animation/Ghost/IdleGhost.anim using Guid(1748bc05cbd73734da057729fb1aaf68) Importer(2089858483,192608db42251d675da83286b1cce702) (ScriptedImporter) -> (artifact id: 'bdb80ec956e16f631fe2c86882252294') in 0.0133287 seconds
Number of updated asset objects reloaded before import = 0Number of asset objects unloaded after import = 1

========================================================================
Received Import Request.
  Time since last request: 0.000025 seconds.
  path: Assets/DungeonMonsters2D/Animation/SkeletonMage
  artifactKey: Guid(e3747b78f11a86543b2792b4e5d2e7ce) Importer(2089858483,192608db42251d675da83286b1cce702)
Start importing Assets/DungeonMonsters2D/Animation/SkeletonMage using Guid(e3747b78f11a86543b2792b4e5d2e7ce) Importer(2089858483,192608db42251d675da83286b1cce702) (ScriptedImporter) -> (artifact id: 'e795656b9063154545f47dafb653286f') in 0.0109847 seconds
Number of updated asset objects reloaded before import = 0Number of asset objects unloaded after import = 1

========================================================================
Received Import Request.
  Time since last request: 0.000021 seconds.
  path: Assets/DungeonMonsters2D/Animation/GolemWood/DeathWoodGolem.anim
  artifactKey: Guid(9914ab3d8d301b04f820cae5aa326e0d) Importer(2089858483,192608db42251d675da83286b1cce702)
Start importing Assets/DungeonMonsters2D/Animation/GolemWood/DeathWoodGolem.anim using Guid(9914ab3d8d301b04f820cae5aa326e0d) Importer(2089858483,192608db42251d675da83286b1cce702) (ScriptedImporter) -> (artifact id: 'b6bbee2c55d14b0d4e6be1fc3a31f652') in 0.0131468 seconds
Number of updated asset objects reloaded before import = 0Number of asset objects unloaded after import = 1

========================================================================
Received Import Request.
  Time since last request: 0.000028 seconds.
  path: Assets/DungeonMonsters2D/Animation/Vampire/VampireAnimation.controller
  artifactKey: Guid(ede1444d92bba424ab877c872949cacb) Importer(2089858483,192608db42251d675da83286b1cce702)
Start importing Assets/DungeonMonsters2D/Animation/Vampire/VampireAnimation.controller using Guid(ede1444d92bba424ab877c872949cacb) Importer(2089858483,192608db42251d675da83286b1cce702) (ScriptedImporter) -> (artifact id: '816056514a7d01e7ca61979397814eee') in 0.020905 seconds
Number of updated asset objects reloaded before import = 0Number of asset objects unloaded after import = 38

========================================================================
Received Import Request.
  Time since last request: 0.000034 seconds.
  path: Assets/DungeonMonsters2D/Animation/GolemMagma/MoveMagmaGolem.anim
  artifactKey: Guid(3cc8fafd25c26484d88fc3e2d6b01e03) Importer(2089858483,192608db42251d675da83286b1cce702)
Start importing Assets/DungeonMonsters2D/Animation/GolemMagma/MoveMagmaGolem.anim using Guid(3cc8fafd25c26484d88fc3e2d6b01e03) Importer(2089858483,192608db42251d675da83286b1cce702) (ScriptedImporter) -> (artifact id: '858138820bce476dac8f2ad59647b5df') in 0.0146057 seconds
Number of updated asset objects reloaded before import = 0Number of asset objects unloaded after import = 1

========================================================================
Received Import Request.
  Time since last request: 0.000017 seconds.
  path: Assets/DungeonMonsters2D/Animation/Bat
  artifactKey: Guid(9a6a1cfd27113fb42b7234fe40c86cf8) Importer(2089858483,192608db42251d675da83286b1cce702)
Start importing Assets/DungeonMonsters2D/Animation/Bat using Guid(9a6a1cfd27113fb42b7234fe40c86cf8) Importer(2089858483,192608db42251d675da83286b1cce702) (ScriptedImporter) -> (artifact id: 'da023763f33e95b2293a080c65cb02d1') in 0.009 seconds
Number of updated asset objects reloaded before import = 0Number of asset objects unloaded after import = 1

========================================================================
Received Import Request.
  Time since last request: 0.000016 seconds.
  path: Assets/DungeonMonsters2D/Animation/Vampire/StunedVampire.anim
  artifactKey: Guid(8733e096149c2af4dbc0c68cdafc9ac6) Importer(2089858483,192608db42251d675da83286b1cce702)
Start importing Assets/DungeonMonsters2D/Animation/Vampire/StunedVampire.anim using Guid(8733e096149c2af4dbc0c68cdafc9ac6) Importer(2089858483,192608db42251d675da83286b1cce702) (ScriptedImporter) -> (artifact id: '8fb832e048cd166dabb902c43c9148fb') in 0.0138855 seconds
Number of updated asset objects reloaded before import = 0Number of asset objects unloaded after import = 1

========================================================================
Received Import Request.
  Time since last request: 0.000016 seconds.
  path: Assets/DungeonMonsters2D/Animation/ZombieWarrior/ClimbZombieWarrior.anim
  artifactKey: Guid(bbc11cb331be10046abb37d14b836a9b) Importer(2089858483,192608db42251d675da83286b1cce702)
Start importing Assets/DungeonMonsters2D/Animation/ZombieWarrior/ClimbZombieWarrior.anim using Guid(bbc11cb331be10046abb37d14b836a9b) Importer(2089858483,192608db42251d675da83286b1cce702) (ScriptedImporter) -> (artifact id: '1b658cbd8a8df70d2c69d2dfc5bca724') in 0.01549 seconds
Number of updated asset objects reloaded before import = 0Number of asset objects unloaded after import = 1

========================================================================
Received Import Request.
  Time since last request: 0.000017 seconds.
  path: Assets/DungeonMonsters2D/Animation/ZombieWarrior/DeathZombieWarrior.anim
  artifactKey: Guid(1dd8d7e0b3116cd44874264a97ebd478) Importer(2089858483,192608db42251d675da83286b1cce702)
Start importing Assets/DungeonMonsters2D/Animation/ZombieWarrior/DeathZombieWarrior.anim using Guid(1dd8d7e0b3116cd44874264a97ebd478) Importer(2089858483,192608db42251d675da83286b1cce702) (ScriptedImporter) -> (artifact id: 'd7414159f624fd466e544dc5ce2f4463') in 0.0114702 seconds
Number of updated asset objects reloaded before import = 0Number of asset objects unloaded after import = 1

========================================================================
Received Import Request.
  Time since last request: 0.000017 seconds.
  path: Assets/DungeonMonsters2D/Characters/ZombieWarrior.prefab
  artifactKey: Guid(e3543dbbee0fcec4f902848ce6828b20) Importer(2089858483,192608db42251d675da83286b1cce702)
Start importing Assets/DungeonMonsters2D/Characters/ZombieWarrior.prefab using Guid(e3543dbbee0fcec4f902848ce6828b20) Importer(2089858483,192608db42251d675da83286b1cce702) (ScriptedImporter) -> (artifact id: '9080b937b309feda1fe579d640f2f150') in 0.0610457 seconds
Number of updated asset objects reloaded before import = 0Number of asset objects unloaded after import = 141

========================================================================
Received Import Request.
  Time since last request: 0.000026 seconds.
  path: Assets/DungeonMonsters2D/Animation/GolemWood/SpecialWoodGolem.anim
  artifactKey: Guid(8ea778e2f5c39fe48ae9979d52ec5c09) Importer(2089858483,192608db42251d675da83286b1cce702)
Start importing Assets/DungeonMonsters2D/Animation/GolemWood/SpecialWoodGolem.anim using Guid(8ea778e2f5c39fe48ae9979d52ec5c09) Importer(2089858483,192608db42251d675da83286b1cce702) (ScriptedImporter) -> (artifact id: '877bffc45522ada86389645f79ba37a6') in 0.0148497 seconds
Number of updated asset objects reloaded before import = 0Number of asset objects unloaded after import = 1

========================================================================
Received Import Request.
  Time since last request: 0.000043 seconds.
  path: Assets/DungeonMonsters2D/Animation/GhostKnight
  artifactKey: Guid(efec0a5b9deb8724089c153e93e7284c) Importer(2089858483,192608db42251d675da83286b1cce702)
Start importing Assets/DungeonMonsters2D/Animation/GhostKnight using Guid(efec0a5b9deb8724089c153e93e7284c) Importer(2089858483,192608db42251d675da83286b1cce702) (ScriptedImporter) -> (artifact id: '4c9c20cc2b834f483232ec433949af06') in 0.0096521 seconds
Number of updated asset objects reloaded before import = 0Number of asset objects unloaded after import = 1

========================================================================
Received Import Request.
  Time since last request: 0.000022 seconds.
  path: Assets/DungeonMonsters2D/Animation/Imp/DeathImp.anim
  artifactKey: Guid(41f1c1641d8ad31469d9a7151092f77c) Importer(2089858483,192608db42251d675da83286b1cce702)
Start importing Assets/DungeonMonsters2D/Animation/Imp/DeathImp.anim using Guid(41f1c1641d8ad31469d9a7151092f77c) Importer(2089858483,192608db42251d675da83286b1cce702) (ScriptedImporter) -> (artifact id: '63dc7aa07c53dde5ca4069d9fd69f092') in 0.0140573 seconds
Number of updated asset objects reloaded before import = 0Number of asset objects unloaded after import = 1

========================================================================
Received Import Request.
  Time since last request: 0.000027 seconds.
  path: Assets/DungeonMonsters2D/Animation/Dragon/TalkDragon.anim
  artifactKey: Guid(be3b7cfe9b94a2245b65173df04b809e) Importer(2089858483,192608db42251d675da83286b1cce702)
Start importing Assets/DungeonMonsters2D/Animation/Dragon/TalkDragon.anim using Guid(be3b7cfe9b94a2245b65173df04b809e) Importer(2089858483,192608db42251d675da83286b1cce702) (ScriptedImporter) -> (artifact id: '5d00fdbaa255d89beb54c8c22e89b907') in 0.0145632 seconds
Number of updated asset objects reloaded before import = 0Number of asset objects unloaded after import = 1

========================================================================
Received Import Request.
  Time since last request: 0.000021 seconds.
  path: Assets/DungeonMonsters2D/Other/CleaveEffect.png
  artifactKey: Guid(8d9a5393f56243148969637f8a8c7610) Importer(2089858483,192608db42251d675da83286b1cce702)
Start importing Assets/DungeonMonsters2D/Other/CleaveEffect.png using Guid(8d9a5393f56243148969637f8a8c7610) Importer(2089858483,192608db42251d675da83286b1cce702) (ScriptedImporter) -> (artifact id: '3f52b098a9a4ec1d6b0a6b6a4ee20489') in 0.0436973 seconds
Number of updated asset objects reloaded before import = 0Number of asset objects unloaded after import = 3

========================================================================
Received Import Request.
  Time since last request: 0.000029 seconds.
  path: Assets/DungeonMonsters2D/Characters/StoneGolem.prefab
  artifactKey: Guid(42e8d62848b3a7c4c93521c2a038e3da) Importer(2089858483,192608db42251d675da83286b1cce702)
Start importing Assets/DungeonMonsters2D/Characters/StoneGolem.prefab using Guid(42e8d62848b3a7c4c93521c2a038e3da) Importer(2089858483,192608db42251d675da83286b1cce702) (ScriptedImporter) -> (artifact id: '6d58bbec800e9e3bfebae771c855b26f') in 0.028537 seconds
Number of updated asset objects reloaded before import = 0Number of asset objects unloaded after import = 149

========================================================================
Received Import Request.
  Time since last request: 0.000039 seconds.
  path: Assets/DungeonMonsters2D/UserInterface/Button_Wood.png
  artifactKey: Guid(a67b9d91b27be3e449f3f1e30e15bf0c) Importer(2089858483,192608db42251d675da83286b1cce702)
Start importing Assets/DungeonMonsters2D/UserInterface/Button_Wood.png using Guid(a67b9d91b27be3e449f3f1e30e15bf0c) Importer(2089858483,192608db42251d675da83286b1cce702) (ScriptedImporter) -> (artifact id: '806b263a41a9801782cad1f868cbcae8') in 0.0198166 seconds
Number of updated asset objects reloaded before import = 0Number of asset objects unloaded after import = 3

========================================================================
Received Import Request.
  Time since last request: 0.000019 seconds.
  path: Assets/DungeonMonsters2D/Animation/Rat/MoveRat.anim
  artifactKey: Guid(e24434c626fbabd48a90d8d7361284a9) Importer(2089858483,192608db42251d675da83286b1cce702)
Start importing Assets/DungeonMonsters2D/Animation/Rat/MoveRat.anim using Guid(e24434c626fbabd48a90d8d7361284a9) Importer(2089858483,192608db42251d675da83286b1cce702) (ScriptedImporter) -> (artifact id: '5af6de56d4a1c4fdc5d2ae40a9c76493') in 0.0139996 seconds
Number of updated asset objects reloaded before import = 0Number of asset objects unloaded after import = 1

========================================================================
Received Import Request.
  Time since last request: 0.000029 seconds.
  path: Assets/DungeonMonsters2D/Animation/Spider/DeathSpider.anim
  artifactKey: Guid(587f0036f9c70684eb3c78708631e8e9) Importer(2089858483,192608db42251d675da83286b1cce702)
Start importing Assets/DungeonMonsters2D/Animation/Spider/DeathSpider.anim using Guid(587f0036f9c70684eb3c78708631e8e9) Importer(2089858483,192608db42251d675da83286b1cce702) (ScriptedImporter) -> (artifact id: 'd3f7974e0805f26f57835aa9e6ec3fe3') in 0.0166647 seconds
Number of updated asset objects reloaded before import = 0Number of asset objects unloaded after import = 1

========================================================================
Received Import Request.
  Time since last request: 0.000024 seconds.
  path: Assets/DungeonMonsters2D/Animation/Imp/SpecialAttackImp.anim
  artifactKey: Guid(6ba0772712d8c1e48b0e34b97a247b0f) Importer(2089858483,192608db42251d675da83286b1cce702)
Start importing Assets/DungeonMonsters2D/Animation/Imp/SpecialAttackImp.anim using Guid(6ba0772712d8c1e48b0e34b97a247b0f) Importer(2089858483,192608db42251d675da83286b1cce702) (ScriptedImporter) -> (artifact id: '244f4410d8f31eef61e41b22eb47d15f') in 0.0151268 seconds
Number of updated asset objects reloaded before import = 0Number of asset objects unloaded after import = 1

========================================================================
Received Import Request.
  Time since last request: 0.000025 seconds.
  path: Assets/DungeonMonsters2D/Animation/Butcher/AttackButcher.anim
  artifactKey: Guid(027157f0607029d4481d4ced05655bd3) Importer(2089858483,192608db42251d675da83286b1cce702)
Start importing Assets/DungeonMonsters2D/Animation/Butcher/AttackButcher.anim using Guid(027157f0607029d4481d4ced05655bd3) Importer(2089858483,192608db42251d675da83286b1cce702) (ScriptedImporter) -> (artifact id: '46ad81873b7d780f22e710fb8b82d217') in 0.013369 seconds
Number of updated asset objects reloaded before import = 0Number of asset objects unloaded after import = 1

========================================================================
Received Import Request.
  Time since last request: 0.000025 seconds.
  path: Assets/DungeonMonsters2D/PSB/SkeletonMagePSB.psb
  artifactKey: Guid(fb0cc0d4077b90246bb7a0c85c6d4d95) Importer(2089858483,192608db42251d675da83286b1cce702)
Start importing Assets/DungeonMonsters2D/PSB/SkeletonMagePSB.psb using Guid(fb0cc0d4077b90246bb7a0c85c6d4d95) Importer(2089858483,192608db42251d675da83286b1cce702) (ScriptedImporter) -> (artifact id: 'e2f08fec8a0524e9bb3f7b9b1c3f8d7e') in 0.1516478 seconds
Number of updated asset objects reloaded before import = 0Number of asset objects unloaded after import = 72

========================================================================
Received Import Request.
  Time since last request: 0.000021 seconds.
  path: Assets/DungeonMonsters2D/Animation/GolemStone/GolemAnimation.controller
  artifactKey: Guid(112e8446ab3bc26439be336c302be58a) Importer(2089858483,192608db42251d675da83286b1cce702)
Start importing Assets/DungeonMonsters2D/Animation/GolemStone/GolemAnimation.controller using Guid(112e8446ab3bc26439be336c302be58a) Importer(2089858483,192608db42251d675da83286b1cce702) (ScriptedImporter) -> (artifact id: '9a12a9e0ea33ececc02380111b8c6f1f') in 0.022722 seconds
Number of updated asset objects reloaded before import = 0Number of asset objects unloaded after import = 38

========================================================================
Received Import Request.
  Time since last request: 0.000021 seconds.
  path: Assets/DungeonMonsters2D/Animation/Butcher/SpecialAttackButcher.anim
  artifactKey: Guid(06f76d462eadbf442b5250636c9d9bc0) Importer(2089858483,192608db42251d675da83286b1cce702)
Start importing Assets/DungeonMonsters2D/Animation/Butcher/SpecialAttackButcher.anim using Guid(06f76d462eadbf442b5250636c9d9bc0) Importer(2089858483,192608db42251d675da83286b1cce702) (ScriptedImporter) -> (artifact id: 'e6a87a085f1d67820b6abcd8ea72ce76') in 0.0124826 seconds
Number of updated asset objects reloaded before import = 0Number of asset objects unloaded after import = 1

========================================================================
Received Import Request.
  Time since last request: 0.000032 seconds.
  path: Assets/DungeonMonsters2D/Other/StoneProjectile.png
  artifactKey: Guid(db2cb8f03c8d7044c9a8b35233aaa2d7) Importer(2089858483,192608db42251d675da83286b1cce702)
Start importing Assets/DungeonMonsters2D/Other/StoneProjectile.png using Guid(db2cb8f03c8d7044c9a8b35233aaa2d7) Importer(2089858483,192608db42251d675da83286b1cce702) (ScriptedImporter) -> (artifact id: '4ea8ae055f42413162412bc3da74723e') in 0.0162425 seconds
Number of updated asset objects reloaded before import = 0Number of asset objects unloaded after import = 3

========================================================================
Received Import Request.
  Time since last request: 0.000025 seconds.
  path: Assets/DungeonMonsters2D
  artifactKey: Guid(a66533c749dcffd4685f60cf18a683c2) Importer(2089858483,192608db42251d675da83286b1cce702)
Start importing Assets/DungeonMonsters2D using Guid(a66533c749dcffd4685f60cf18a683c2) Importer(2089858483,192608db42251d675da83286b1cce702) (ScriptedImporter) -> (artifact id: 'b085eb1c573b81823d1c90596cbfdde4') in 0.0102165 seconds
Number of updated asset objects reloaded before import = 0Number of asset objects unloaded after import = 1

========================================================================
Received Import Request.
  Time since last request: 0.000018 seconds.
  path: Assets/DungeonMonsters2D/Animation/Imp/StunedImp.anim
  artifactKey: Guid(b00c428792a4b2641892e6cef7e5a445) Importer(2089858483,192608db42251d675da83286b1cce702)
Start importing Assets/DungeonMonsters2D/Animation/Imp/StunedImp.anim using Guid(b00c428792a4b2641892e6cef7e5a445) Importer(2089858483,192608db42251d675da83286b1cce702) (ScriptedImporter) -> (artifact id: 'f23552eee7d7021e073dc3935b116759') in 0.0143815 seconds
Number of updated asset objects reloaded before import = 0Number of asset objects unloaded after import = 1

========================================================================
Received Import Request.
  Time since last request: 0.000018 seconds.
  path: Assets/DungeonMonsters2D/PSB/ZombiePSB.psb
  artifactKey: Guid(e804d870a62635a44a746d2ff783a377) Importer(2089858483,192608db42251d675da83286b1cce702)
Start importing Assets/DungeonMonsters2D/PSB/ZombiePSB.psb using Guid(e804d870a62635a44a746d2ff783a377) Importer(2089858483,192608db42251d675da83286b1cce702) (ScriptedImporter) -> (artifact id: '3ed953e3754ceeb694410ce1e04aa7b7') in 0.1081584 seconds
Number of updated asset objects reloaded before import = 0Number of asset objects unloaded after import = 64

========================================================================
Received Import Request.
  Time since last request: 0.000037 seconds.
  path: Assets/DungeonMonsters2D/Characters/Zombie.prefab
  artifactKey: Guid(027b1c9cd4f5b4344995f03cc92fd18e) Importer(2089858483,192608db42251d675da83286b1cce702)
Start importing Assets/DungeonMonsters2D/Characters/Zombie.prefab using Guid(027b1c9cd4f5b4344995f03cc92fd18e) Importer(2089858483,192608db42251d675da83286b1cce702) (ScriptedImporter) -> (artifact id: '99feb72a524ef7cec5350f2bc41c6dab') in 0.024931 seconds
Number of updated asset objects reloaded before import = 0Number of asset objects unloaded after import = 105

========================================================================
Received Import Request.
  Time since last request: 0.000032 seconds.
  path: Assets/DungeonMonsters2D/PSB/VampirePSB.psb
  artifactKey: Guid(2f196da5980551d42a2c146266db324f) Importer(2089858483,192608db42251d675da83286b1cce702)
Start importing Assets/DungeonMonsters2D/PSB/VampirePSB.psb using Guid(2f196da5980551d42a2c146266db324f) Importer(2089858483,192608db42251d675da83286b1cce702) (ScriptedImporter) -> (artifact id: '082155df2b4fd358efe71831aa55f5b2') in 0.1558971 seconds
Number of updated asset objects reloaded before import = 0Number of asset objects unloaded after import = 106

========================================================================
Received Import Request.
  Time since last request: 0.000036 seconds.
  path: Assets/DungeonMonsters2D/Characters
  artifactKey: Guid(f069b8d2fd473544bbf97462a3bef6cf) Importer(2089858483,192608db42251d675da83286b1cce702)
Start importing Assets/DungeonMonsters2D/Characters using Guid(f069b8d2fd473544bbf97462a3bef6cf) Importer(2089858483,192608db42251d675da83286b1cce702) (ScriptedImporter) -> (artifact id: '533433f7ec75929a9e55d1dfaad7a570') in 0.0110466 seconds
Number of updated asset objects reloaded before import = 0Number of asset objects unloaded after import = 1

========================================================================
Received Import Request.
  Time since last request: 0.000020 seconds.
  path: Assets/DungeonMonsters2D/PSB/WoodGolemPSB.psb
  artifactKey: Guid(d3a4d37e4243c4846a6bdc18e45349ec) Importer(2089858483,192608db42251d675da83286b1cce702)
Start importing Assets/DungeonMonsters2D/PSB/WoodGolemPSB.psb using Guid(d3a4d37e4243c4846a6bdc18e45349ec) Importer(2089858483,192608db42251d675da83286b1cce702) (ScriptedImporter) -> (artifact id: '0d5749b3862089daeda7a4fb1e64119f') in 0.1377953 seconds
Number of updated asset objects reloaded before import = 0Number of asset objects unloaded after import = 108

========================================================================
Received Import Request.
  Time since last request: 0.000028 seconds.
  path: Assets/DungeonMonsters2D/Other/VampireBat0.png
  artifactKey: Guid(68d2ac1bd3aa99a4b8ef915f8e059692) Importer(2089858483,192608db42251d675da83286b1cce702)
Start importing Assets/DungeonMonsters2D/Other/VampireBat0.png using Guid(68d2ac1bd3aa99a4b8ef915f8e059692) Importer(2089858483,192608db42251d675da83286b1cce702) (ScriptedImporter) -> (artifact id: '30ca56bceee01b69a5994e902302dcbd') in 0.0202801 seconds
Number of updated asset objects reloaded before import = 0Number of asset objects unloaded after import = 3

========================================================================
Received Import Request.
  Time since last request: 0.000023 seconds.
  path: Assets/DungeonMonsters2D/Animation/Spider/SpecialAttackSpider.anim
  artifactKey: Guid(0c680c32d1173184e9ce53660033a8e1) Importer(2089858483,192608db42251d675da83286b1cce702)
Start importing Assets/DungeonMonsters2D/Animation/Spider/SpecialAttackSpider.anim using Guid(0c680c32d1173184e9ce53660033a8e1) Importer(2089858483,192608db42251d675da83286b1cce702) (ScriptedImporter) -> (artifact id: 'ac16a223a86731c348d6d16dfa102f85') in 0.0148627 seconds
Number of updated asset objects reloaded before import = 0Number of asset objects unloaded after import = 1

========================================================================
Received Import Request.
  Time since last request: 0.000028 seconds.
  path: Assets/DungeonMonsters2D/Animation/Butcher/ButcherAnimation.controller
  artifactKey: Guid(e9afeccc93b3204498036844744caf92) Importer(2089858483,192608db42251d675da83286b1cce702)
Start importing Assets/DungeonMonsters2D/Animation/Butcher/ButcherAnimation.controller using Guid(e9afeccc93b3204498036844744caf92) Importer(2089858483,192608db42251d675da83286b1cce702) (ScriptedImporter) -> (artifact id: 'e94c0d5c3a26cefcdf6b20b63248384a') in 0.021058 seconds
Number of updated asset objects reloaded before import = 0Number of asset objects unloaded after import = 38

========================================================================
Received Import Request.
  Time since last request: 0.000032 seconds.
  path: Assets/DungeonMonsters2D/Animation/Spider/AttackSpider.anim
  artifactKey: Guid(7a15cd4540f90244fb335c837a88e170) Importer(2089858483,192608db42251d675da83286b1cce702)
Start importing Assets/DungeonMonsters2D/Animation/Spider/AttackSpider.anim using Guid(7a15cd4540f90244fb335c837a88e170) Importer(2089858483,192608db42251d675da83286b1cce702) (ScriptedImporter) -> (artifact id: '7d601a756e35d7044d007acf4d710d7b') in 0.011731 seconds
Number of updated asset objects reloaded before import = 0Number of asset objects unloaded after import = 1

========================================================================
Received Import Request.
  Time since last request: 0.000016 seconds.
  path: Assets/DungeonMonsters2D/Animation/Ghost/DeathGhost.anim
  artifactKey: Guid(29664d6e9b3384641a8867cf634227ed) Importer(2089858483,192608db42251d675da83286b1cce702)
Start importing Assets/DungeonMonsters2D/Animation/Ghost/DeathGhost.anim using Guid(29664d6e9b3384641a8867cf634227ed) Importer(2089858483,192608db42251d675da83286b1cce702) (ScriptedImporter) -> (artifact id: 'bead30209e040c03a342ea8748b24813') in 0.0114345 seconds
Number of updated asset objects reloaded before import = 0Number of asset objects unloaded after import = 1

========================================================================
Received Import Request.
  Time since last request: 0.000018 seconds.
  path: Assets/DungeonMonsters2D/Animation/Ghost/TalkGhost.anim
  artifactKey: Guid(a707d604b3bab1c42a5b887cf3999ca4) Importer(2089858483,192608db42251d675da83286b1cce702)
Start importing Assets/DungeonMonsters2D/Animation/Ghost/TalkGhost.anim using Guid(a707d604b3bab1c42a5b887cf3999ca4) Importer(2089858483,192608db42251d675da83286b1cce702) (ScriptedImporter) -> (artifact id: '8aa8a4d5b227e1d47ef34ba596874790') in 0.0110667 seconds
Number of updated asset objects reloaded before import = 0Number of asset objects unloaded after import = 1

========================================================================
Received Import Request.
  Time since last request: 0.000023 seconds.
  path: Assets/DungeonMonsters2D/Characters/Imp.prefab
  artifactKey: Guid(c68d316493781284bb1e2f62f16d006c) Importer(2089858483,192608db42251d675da83286b1cce702)
Start importing Assets/DungeonMonsters2D/Characters/Imp.prefab using Guid(c68d316493781284bb1e2f62f16d006c) Importer(2089858483,192608db42251d675da83286b1cce702) (ScriptedImporter) -> (artifact id: 'a68ac4b7c0208d5eff1aec801772ebee') in 0.0289698 seconds
Number of updated asset objects reloaded before import = 0Number of asset objects unloaded after import = 181

========================================================================
Received Import Request.
  Time since last request: 0.000019 seconds.
  path: Assets/DungeonMonsters2D/PSB/GhostPSB.psb
  artifactKey: Guid(3e4a209cd7b30854a90f86798787df48) Importer(2089858483,192608db42251d675da83286b1cce702)
Start importing Assets/DungeonMonsters2D/PSB/GhostPSB.psb using Guid(3e4a209cd7b30854a90f86798787df48) Importer(2089858483,192608db42251d675da83286b1cce702) (ScriptedImporter) -> (artifact id: 'a8de3d8315ef7884798fce20044938c2') in 0.0965648 seconds
Number of updated asset objects reloaded before import = 0Number of asset objects unloaded after import = 70

========================================================================
Received Import Request.
  Time since last request: 0.000021 seconds.
  path: Assets/DungeonMonsters2D/UserInterface/MoveLeftRight.cs
  artifactKey: Guid(a932768f1ce9a2c4ca1de4e2559516cf) Importer(2089858483,192608db42251d675da83286b1cce702)
Start importing Assets/DungeonMonsters2D/UserInterface/MoveLeftRight.cs using Guid(a932768f1ce9a2c4ca1de4e2559516cf) Importer(2089858483,192608db42251d675da83286b1cce702) (ScriptedImporter) -> (artifact id: '5393a96dd7c5fbc0208c62d174f57ddd') in 0.0128364 seconds
Number of updated asset objects reloaded before import = 0Number of asset objects unloaded after import = 0

========================================================================
Received Import Request.
  Time since last request: 0.000029 seconds.
  path: Assets/DungeonMonsters2D/Animation/GolemStone/ClimbGolem.anim
  artifactKey: Guid(d9fe9a386c2413f4eb3a041f38b08230) Importer(2089858483,192608db42251d675da83286b1cce702)
Start importing Assets/DungeonMonsters2D/Animation/GolemStone/ClimbGolem.anim using Guid(d9fe9a386c2413f4eb3a041f38b08230) Importer(2089858483,192608db42251d675da83286b1cce702) (ScriptedImporter) -> (artifact id: '36d60f814c0753f047db78c5599118ff') in 0.0130436 seconds
Number of updated asset objects reloaded before import = 0Number of asset objects unloaded after import = 1

========================================================================
Received Prepare
Refreshing native plugins compatible for Editor in 1.87 ms, found 4 plugins.
Preloading 0 native plugins for Editor in 0.00 ms.
Unloading 35 Unused Serialized files (Serialized files now loaded: 0)
Unloading 6730 unused Assets / (8.1 MB). Loaded Objects now: 7800.
Memory consumption went from 161.3 MB to 153.2 MB.
Total: 17.584500 ms (FindLiveObjects: 0.764600 ms CreateObjectMapping: 0.969100 ms MarkObjects: 10.402700 ms  DeleteObjects: 5.446500 ms)

Prepare: number of updated asset objects reloaded= 0
========================================================================
Received Prepare
Begin MonoManager ReloadAssembly
[Licensing::Client] Successfully resolved entitlement details
[Licensing::Module] License group:
  Id: F4-9F7T-DDEE-Z6XH-NC3V-XXXX
  Product: Unity Personal
  Type: ULF
  Expiration: Unlimited
[Licensing::Module] License group:
  Id: 15668569634226-UnityPersXXXX
  Product: Unity Personal
  Type: Assigned
  Expiration: Unlimited
- Loaded All Assemblies, in  0.553 seconds
Refreshing native plugins compatible for Editor in 1.27 ms, found 4 plugins.
Native extension for WindowsStandalone target not found
[Package Manager] Failed to launch server process. Reason: Unity was launched with the -noUpm command-line argument
[Package Manager] Unable to send message (not connected to server process).
[Package Manager] Cannot connect to Unity Package Manager local server
Mono: successfully reloaded assembly
- Finished resetting the current domain, in  0.474 seconds
Domain Reload Profiling: 1027ms
	BeginReloadAssembly (171ms)
		ExecutionOrderSort (0ms)
		DisableScriptedObjects (19ms)
		BackupInstance (0ms)
		ReleaseScriptingObjects (0ms)
		CreateAndSetChildDomain (44ms)
	RebuildCommonClasses (23ms)
	RebuildNativeTypeToScriptingClass (8ms)
	initialDomainReloadingComplete (21ms)
	LoadAllAssembliesAndSetupDomain (329ms)
		LoadAssemblies (255ms)
		RebuildTransferFunctionScriptingTraits (0ms)
		AnalyzeDomain (141ms)
			TypeCache.Refresh (7ms)
				TypeCache.ScanAssembly (0ms)
			BuildScriptInfoCaches (124ms)
			ResolveRequiredComponents (6ms)
	FinalizeReload (474ms)
		ReleaseScriptCaches (0ms)
		RebuildScriptCaches (0ms)
		SetupLoadedEditorAssemblies (367ms)
			LogAssemblyErrors (0ms)
			InitializePlatformSupportModulesInManaged (1ms)
			SetLoadedEditorAssemblies (3ms)
			BeforeProcessingInitializeOnLoad (85ms)
			ProcessInitializeOnLoadAttributes (234ms)
			ProcessInitializeOnLoadMethodAttributes (40ms)
			AfterProcessingInitializeOnLoad (4ms)
			EditorAssembliesLoaded (0ms)
		ExecutionOrderSort2 (0ms)
		AwakeInstancesAfterBackupRestoration (10ms)
Refreshing native plugins compatible for Editor in 1.88 ms, found 4 plugins.
Preloading 0 native plugins for Editor in 0.00 ms.
Unloading 35 Unused Serialized files (Serialized files now loaded: 0)
Unloading 6740 unused Assets / (7.4 MB). Loaded Objects now: 7699.
Memory consumption went from 159.8 MB to 152.4 MB.
Total: 11.121300 ms (FindLiveObjects: 0.579500 ms CreateObjectMapping: 0.545500 ms MarkObjects: 4.935500 ms  DeleteObjects: 5.059400 ms)

Prepare: number of updated asset objects reloaded= 0
========================================================================
Received Import Request.
  Time since last request: 762.963488 seconds.
  path: Assets/PotionJunkies/7Enemies/Texture/02_Chimera.png
  artifactKey: Guid(8418bb2eec366d0449baf5d22318acdd) Importer(815301076,1909f56bfc062723c751e8b465ee728b)
Start importing Assets/PotionJunkies/7Enemies/Texture/02_Chimera.png using Guid(8418bb2eec366d0449baf5d22318acdd) Importer(815301076,1909f56bfc062723c751e8b465ee728b) (PreviewImporter) -> (artifact id: '06f339c08c7c82ab5f1ff85b6ae7a63d') in 0.0765677 seconds
Number of updated asset objects reloaded before import = 0Number of asset objects unloaded after import = 3

========================================================================
Received Import Request.
  Time since last request: 0.000026 seconds.
  path: Assets/PotionJunkies/7Enemies/Texture/03_ChironCentaur.png
  artifactKey: Guid(ec0e742c41183734bb10df0d47380161) Importer(815301076,1909f56bfc062723c751e8b465ee728b)
Start importing Assets/PotionJunkies/7Enemies/Texture/03_ChironCentaur.png using Guid(ec0e742c41183734bb10df0d47380161) Importer(815301076,1909f56bfc062723c751e8b465ee728b) (PreviewImporter) -> (artifact id: '3d07be3e0cc36ba108c2c7a9dd0541fe') in 0.022765 seconds
Number of updated asset objects reloaded before import = 0Number of asset objects unloaded after import = 3

========================================================================
Received Import Request.
  Time since last request: 0.000015 seconds.
  path: Assets/PotionJunkies/7Enemies/Texture/05_Hellhourse.png
  artifactKey: Guid(c10edc547980b934c8c2a32e8cac7eb6) Importer(815301076,1909f56bfc062723c751e8b465ee728b)
Start importing Assets/PotionJunkies/7Enemies/Texture/05_Hellhourse.png using Guid(c10edc547980b934c8c2a32e8cac7eb6) Importer(815301076,1909f56bfc062723c751e8b465ee728b) (PreviewImporter) -> (artifact id: 'ef79ac94e0062220a3169dbf529c15ab') in 0.0228722 seconds
Number of updated asset objects reloaded before import = 0Number of asset objects unloaded after import = 3

Editor requested this worker to shutdown with reason: Scaling down because of idle timeout
AssetImportWorker is now disconnected from the server
Process exiting
Exiting without the bug reporter. Application will terminate with return code 0